[31-03-2021 22:52:47.681]: ERROR: 
file:/D:/EaZy/App-Retail/dist/run363234170/App-Retail.jar!/app/retail/fxml/stock/DataStock.fxml

[Exception: 
file:/D:/EaZy/App-Retail/dist/run363234170/App-Retail.jar!/app/retail/fxml/stock/DataStock.fxml
]
 [Stacktrace:(javafx.fxml.FXMLLoader:constructLoadException:2601)]
 [Stacktrace:(javafx.fxml.FXMLLoader:loadImpl:2579)]
 [Stacktrace:(javafx.fxml.FXMLLoader:loadImpl:2441)]
 [Stacktrace:(javafx.fxml.FXMLLoader:loadImpl:3214)]
 [Stacktrace:(javafx.fxml.FXMLLoader:loadImpl:3175)]
 [Stacktrace:(javafx.fxml.FXMLLoader:loadImpl:3148)]
 [Stacktrace:(javafx.fxml.FXMLLoader:loadImpl:3124)]
 [Stacktrace:(javafx.fxml.FXMLLoader:loadImpl:3104)]
 [Stacktrace:(javafx.fxml.FXMLLoader:load:3097)]
 [Stacktrace:(app.retail.controller.stock.StockController:loadForm:129)]
 [Stacktrace:(app.retail.controller.stock.StockController:initialize:57)]
 [Stacktrace:(javafx.fxml.FXMLLoader:loadImpl:2548)]
 [Stacktrace:(javafx.fxml.FXMLLoader:loadImpl:2441)]
 [Stacktrace:(javafx.fxml.FXMLLoader:loadImpl:3214)]
 [Stacktrace:(javafx.fxml.FXMLLoader:loadImpl:3175)]
 [Stacktrace:(javafx.fxml.FXMLLoader:loadImpl:3148)]
 [Stacktrace:(javafx.fxml.FXMLLoader:loadImpl:3124)]
 [Stacktrace:(javafx.fxml.FXMLLoader:loadImpl:3104)]
 [Stacktrace:(javafx.fxml.FXMLLoader:load:3097)]
 [Stacktrace:(app.retail.controller.home.HomeController:loadForm:342)]
 [Stacktrace:(app.retail.controller.home.HomeController:performLoadStock:326)]
 [Stacktrace:(app.retail.controller.home.HomeController:lambda$setButtonListener$4:232)]
 [Stacktrace:(com.sun.javafx.event.CompositeEventHandler:dispatchBubblingEvent:86)]
 [Stacktrace:(com.sun.javafx.event.EventHandlerManager:dispatchBubblingEvent:238)]
 [Stacktrace:(com.sun.javafx.event.EventHandlerManager:dispatchBubblingEvent:191)]
 [Stacktrace:(com.sun.javafx.event.CompositeEventDispatcher:dispatchBubblingEvent:59)]
 [Stacktrace:(com.sun.javafx.event.BasicEventDispatcher:dispatchEvent:58)]
 [Stacktrace:(com.sun.javafx.event.EventDispatchChainImpl:dispatchEvent:114)]
 [Stacktrace:(com.sun.javafx.event.BasicEventDispatcher:dispatchEvent:56)]
 [Stacktrace:(com.sun.javafx.event.EventDispatchChainImpl:dispatchEvent:114)]
 [Stacktrace:(com.sun.javafx.event.BasicEventDispatcher:dispatchEvent:56)]
 [Stacktrace:(com.sun.javafx.event.EventDispatchChainImpl:dispatchEvent:114)]
 [Stacktrace:(com.sun.javafx.event.EventUtil:fireEventImpl:74)]
 [Stacktrace:(com.sun.javafx.event.EventUtil:fireEvent:49)]
 [Stacktrace:(javafx.event.Event:fireEvent:198)]
 [Stacktrace:(javafx.scene.Node:fireEvent:8411)]
 [Stacktrace:(javafx.scene.control.Button:fire:185)]
 [Stacktrace:(com.sun.javafx.scene.control.behavior.ButtonBehavior:mouseReleased:182)]
 [Stacktrace:(com.sun.javafx.scene.control.skin.BehaviorSkinBase$1:handle:96)]
 [Stacktrace:(com.sun.javafx.scene.control.skin.BehaviorSkinBase$1:handle:89)]
 [Stacktrace:(com.sun.javafx.event.CompositeEventHandler$NormalEventHandlerRecord:handleBubblingEvent:218)]
 [Stacktrace:(com.sun.javafx.event.CompositeEventHandler:dispatchBubblingEvent:80)]
 [Stacktrace:(com.sun.javafx.event.EventHandlerManager:dispatchBubblingEvent:238)]
 [Stacktrace:(com.sun.javafx.event.EventHandlerManager:dispatchBubblingEvent:191)]
 [Stacktrace:(com.sun.javafx.event.CompositeEventDispatcher:dispatchBubblingEvent:59)]
 [Stacktrace:(com.sun.javafx.event.BasicEventDispatcher:dispatchEvent:58)]
 [Stacktrace:(com.sun.javafx.event.EventDispatchChainImpl:dispatchEvent:114)]
 [Stacktrace:(com.sun.javafx.event.BasicEventDispatcher:dispatchEvent:56)]
 [Stacktrace:(com.sun.javafx.event.EventDispatchChainImpl:dispatchEvent:114)]
 [Stacktrace:(com.sun.javafx.event.BasicEventDispatcher:dispatchEvent:56)]
 [Stacktrace:(com.sun.javafx.event.EventDispatchChainImpl:dispatchEvent:114)]
 [Stacktrace:(com.sun.javafx.event.EventUtil:fireEventImpl:74)]
 [Stacktrace:(com.sun.javafx.event.EventUtil:fireEvent:54)]
 [Stacktrace:(javafx.event.Event:fireEvent:198)]
 [Stacktrace:(javafx.scene.Scene$MouseHandler:process:3757)]
 [Stacktrace:(javafx.scene.Scene$MouseHandler:access$1500:3485)]
 [Stacktrace:(javafx.scene.Scene:impl_processMouseEvent:1762)]
 [Stacktrace:(javafx.scene.Scene$ScenePeerListener:mouseEvent:2494)]
 [Stacktrace:(com.sun.javafx.tk.quantum.GlassViewEventHandler$MouseEventNotification:run:380)]
 [Stacktrace:(com.sun.javafx.tk.quantum.GlassViewEventHandler$MouseEventNotification:run:294)]
 [Stacktrace:(java.security.AccessController:doPrivileged:-2)]
 [Stacktrace:(com.sun.javafx.tk.quantum.GlassViewEventHandler:lambda$handleMouseEvent$354:416)]
 [Stacktrace:(com.sun.javafx.tk.quantum.QuantumToolkit:runWithoutRenderLock:389)]
 [Stacktrace:(com.sun.javafx.tk.quantum.GlassViewEventHandler:handleMouseEvent:415)]
 [Stacktrace:(com.sun.glass.ui.View:handleMouseEvent:555)]
 [Stacktrace:(com.sun.glass.ui.View:notifyMouse:937)]
 [Stacktrace:(com.sun.glass.ui.win.WinApplication:_runLoop:-2)]
 [Stacktrace:(com.sun.glass.ui.win.WinApplication:lambda$null$148:191)]
 [Stacktrace:(java.lang.Thread:run:745)]

