[23-10-2021 15:33:01.598]: ERROR: 
file:/D:/EaZy/App-Retail/dist/run1063155876/App-Retail.jar!/app/retail/fxml/pos/POS.fxml

[Exception: 
file:/D:/EaZy/App-Retail/dist/run1063155876/App-Retail.jar!/app/retail/fxml/pos/POS.fxml
]
 [Stacktrace:(javafx.fxml.FXMLLoader:constructLoadException:2601)]
 [Stacktrace:(javafx.fxml.FXMLLoader:loadImpl:2579)]
 [Stacktrace:(javafx.fxml.FXMLLoader:loadImpl:2441)]
 [Stacktrace:(javafx.fxml.FXMLLoader:loadImpl:3214)]
 [Stacktrace:(javafx.fxml.FXMLLoader:loadImpl:3175)]
 [Stacktrace:(javafx.fxml.FXMLLoader:loadImpl:3148)]
 [Stacktrace:(javafx.fxml.FXMLLoader:loadImpl:3124)]
 [Stacktrace:(javafx.fxml.FXMLLoader:loadImpl:3104)]
 [Stacktrace:(javafx.fxml.FXMLLoader:load:3097)]
 [Stacktrace:(app.retail.controller.pos.PosMaster:loadPOS:117)]
 [Stacktrace:(app.retail.controller.pos.PosMaster:lambda$setButtonListener$0:89)]
 [Stacktrace:(com.sun.javafx.event.CompositeEventHandler:dispatchBubblingEvent:86)]
 [Stacktrace:(com.sun.javafx.event.EventHandlerManager:dispatchBubblingEvent:238)]
 [Stacktrace:(com.sun.javafx.event.EventHandlerManager:dispatchBubblingEvent:191)]
 [Stacktrace:(com.sun.javafx.event.CompositeEventDispatcher:dispatchBubblingEvent:59)]
 [Stacktrace:(com.sun.javafx.event.BasicEventDispatcher:dispatchEvent:58)]
 [Stacktrace:(com.sun.javafx.event.EventDispatchChainImpl:dispatchEvent:114)]
 [Stacktrace:(com.sun.javafx.event.BasicEventDispatcher:dispatchEvent:56)]
 [Stacktrace:(com.sun.javafx.event.EventDispatchChainImpl:dispatchEvent:114)]
 [Stacktrace:(com.sun.javafx.event.BasicEventDispatcher:dispatchEvent:56)]
 [Stacktrace:(com.sun.javafx.event.EventDispatchChainImpl:dispatchEvent:114)]
 [Stacktrace:(com.sun.javafx.event.BasicEventDispatcher:dispatchEvent:56)]
 [Stacktrace:(com.sun.javafx.event.EventDispatchChainImpl:dispatchEvent:114)]
 [Stacktrace:(com.sun.javafx.event.BasicEventDispatcher:dispatchEvent:56)]
 [Stacktrace:(com.sun.javafx.event.EventDispatchChainImpl:dispatchEvent:114)]
 [Stacktrace:(com.sun.javafx.event.EventUtil:fireEventImpl:74)]
 [Stacktrace:(com.sun.javafx.event.EventUtil:fireEvent:49)]
 [Stacktrace:(javafx.event.Event:fireEvent:198)]
 [Stacktrace:(javafx.scene.Node:fireEvent:8411)]
 [Stacktrace:(javafx.scene.control.Button:fire:185)]
 [Stacktrace:(com.sun.javafx.scene.control.behavior.ButtonBehavior:mouseReleased:182)]
 [Stacktrace:(com.sun.javafx.scene.control.skin.BehaviorSkinBase$1:handle:96)]
 [Stacktrace:(com.sun.javafx.scene.control.skin.BehaviorSkinBase$1:handle:89)]
 [Stacktrace:(com.sun.javafx.event.CompositeEventHandler$NormalEventHandlerRecord:handleBubblingEvent:218)]
 [Stacktrace:(com.sun.javafx.event.CompositeEventHandler:dispatchBubblingEvent:80)]
 [Stacktrace:(com.sun.javafx.event.EventHandlerManager:dispatchBubblingEvent:238)]
 [Stacktrace:(com.sun.javafx.event.EventHandlerManager:dispatchBubblingEvent:191)]
 [Stacktrace:(com.sun.javafx.event.CompositeEventDispatcher:dispatchBubblingEvent:59)]
 [Stacktrace:(com.sun.javafx.event.BasicEventDispatcher:dispatchEvent:58)]
 [Stacktrace:(com.sun.javafx.event.EventDispatchChainImpl:dispatchEvent:114)]
 [Stacktrace:(com.sun.javafx.event.BasicEventDispatcher:dispatchEvent:56)]
 [Stacktrace:(com.sun.javafx.event.EventDispatchChainImpl:dispatchEvent:114)]
 [Stacktrace:(com.sun.javafx.event.BasicEventDispatcher:dispatchEvent:56)]
 [Stacktrace:(com.sun.javafx.event.EventDispatchChainImpl:dispatchEvent:114)]
 [Stacktrace:(com.sun.javafx.event.BasicEventDispatcher:dispatchEvent:56)]
 [Stacktrace:(com.sun.javafx.event.EventDispatchChainImpl:dispatchEvent:114)]
 [Stacktrace:(com.sun.javafx.event.BasicEventDispatcher:dispatchEvent:56)]
 [Stacktrace:(com.sun.javafx.event.EventDispatchChainImpl:dispatchEvent:114)]
 [Stacktrace:(com.sun.javafx.event.EventUtil:fireEventImpl:74)]
 [Stacktrace:(com.sun.javafx.event.EventUtil:fireEvent:54)]
 [Stacktrace:(javafx.event.Event:fireEvent:198)]
 [Stacktrace:(javafx.scene.Scene$MouseHandler:process:3757)]
 [Stacktrace:(javafx.scene.Scene$MouseHandler:access$1500:3485)]
 [Stacktrace:(javafx.scene.Scene:impl_processMouseEvent:1762)]
 [Stacktrace:(javafx.scene.Scene$ScenePeerListener:mouseEvent:2494)]
 [Stacktrace:(com.sun.javafx.tk.quantum.GlassViewEventHandler$MouseEventNotification:run:397)]
 [Stacktrace:(com.sun.javafx.tk.quantum.GlassViewEventHandler$MouseEventNotification:run:295)]
 [Stacktrace:(java.security.AccessController:doPrivileged:-2)]
 [Stacktrace:(com.sun.javafx.tk.quantum.GlassViewEventHandler:lambda$handleMouseEvent$2:434)]
 [Stacktrace:(com.sun.javafx.tk.quantum.QuantumToolkit:runWithoutRenderLock:410)]
 [Stacktrace:(com.sun.javafx.tk.quantum.GlassViewEventHandler:handleMouseEvent:433)]
 [Stacktrace:(com.sun.glass.ui.View:handleMouseEvent:555)]
 [Stacktrace:(com.sun.glass.ui.View:notifyMouse:941)]
 [Stacktrace:(com.sun.glass.ui.win.WinApplication:_runLoop:-2)]
 [Stacktrace:(com.sun.glass.ui.win.WinApplication:lambda$null$4:185)]
 [Stacktrace:(java.lang.Thread:run:748)]

[23-10-2021 15:35:08.276]: ERROR: 
file:/D:/EaZy/App-Retail/dist/run902868004/App-Retail.jar!/app/retail/fxml/pos/POS.fxml

[Exception: 
file:/D:/EaZy/App-Retail/dist/run902868004/App-Retail.jar!/app/retail/fxml/pos/POS.fxml
]
 [Stacktrace:(javafx.fxml.FXMLLoader:constructLoadException:2601)]
 [Stacktrace:(javafx.fxml.FXMLLoader:loadImpl:2579)]
 [Stacktrace:(javafx.fxml.FXMLLoader:loadImpl:2441)]
 [Stacktrace:(javafx.fxml.FXMLLoader:loadImpl:3214)]
 [Stacktrace:(javafx.fxml.FXMLLoader:loadImpl:3175)]
 [Stacktrace:(javafx.fxml.FXMLLoader:loadImpl:3148)]
 [Stacktrace:(javafx.fxml.FXMLLoader:loadImpl:3124)]
 [Stacktrace:(javafx.fxml.FXMLLoader:loadImpl:3104)]
 [Stacktrace:(javafx.fxml.FXMLLoader:load:3097)]
 [Stacktrace:(app.retail.controller.pos.PosMaster:loadPOS:118)]
 [Stacktrace:(app.retail.controller.pos.PosMaster:lambda$setButtonListener$0:89)]
 [Stacktrace:(com.sun.javafx.event.CompositeEventHandler:dispatchBubblingEvent:86)]
 [Stacktrace:(com.sun.javafx.event.EventHandlerManager:dispatchBubblingEvent:238)]
 [Stacktrace:(com.sun.javafx.event.EventHandlerManager:dispatchBubblingEvent:191)]
 [Stacktrace:(com.sun.javafx.event.CompositeEventDispatcher:dispatchBubblingEvent:59)]
 [Stacktrace:(com.sun.javafx.event.BasicEventDispatcher:dispatchEvent:58)]
 [Stacktrace:(com.sun.javafx.event.EventDispatchChainImpl:dispatchEvent:114)]
 [Stacktrace:(com.sun.javafx.event.BasicEventDispatcher:dispatchEvent:56)]
 [Stacktrace:(com.sun.javafx.event.EventDispatchChainImpl:dispatchEvent:114)]
 [Stacktrace:(com.sun.javafx.event.BasicEventDispatcher:dispatchEvent:56)]
 [Stacktrace:(com.sun.javafx.event.EventDispatchChainImpl:dispatchEvent:114)]
 [Stacktrace:(com.sun.javafx.event.BasicEventDispatcher:dispatchEvent:56)]
 [Stacktrace:(com.sun.javafx.event.EventDispatchChainImpl:dispatchEvent:114)]
 [Stacktrace:(com.sun.javafx.event.BasicEventDispatcher:dispatchEvent:56)]
 [Stacktrace:(com.sun.javafx.event.EventDispatchChainImpl:dispatchEvent:114)]
 [Stacktrace:(com.sun.javafx.event.EventUtil:fireEventImpl:74)]
 [Stacktrace:(com.sun.javafx.event.EventUtil:fireEvent:49)]
 [Stacktrace:(javafx.event.Event:fireEvent:198)]
 [Stacktrace:(javafx.scene.Node:fireEvent:8411)]
 [Stacktrace:(javafx.scene.control.Button:fire:185)]
 [Stacktrace:(com.sun.javafx.scene.control.behavior.ButtonBehavior:mouseReleased:182)]
 [Stacktrace:(com.sun.javafx.scene.control.skin.BehaviorSkinBase$1:handle:96)]
 [Stacktrace:(com.sun.javafx.scene.control.skin.BehaviorSkinBase$1:handle:89)]
 [Stacktrace:(com.sun.javafx.event.CompositeEventHandler$NormalEventHandlerRecord:handleBubblingEvent:218)]
 [Stacktrace:(com.sun.javafx.event.CompositeEventHandler:dispatchBubblingEvent:80)]
 [Stacktrace:(com.sun.javafx.event.EventHandlerManager:dispatchBubblingEvent:238)]
 [Stacktrace:(com.sun.javafx.event.EventHandlerManager:dispatchBubblingEvent:191)]
 [Stacktrace:(com.sun.javafx.event.CompositeEventDispatcher:dispatchBubblingEvent:59)]
 [Stacktrace:(com.sun.javafx.event.BasicEventDispatcher:dispatchEvent:58)]
 [Stacktrace:(com.sun.javafx.event.EventDispatchChainImpl:dispatchEvent:114)]
 [Stacktrace:(com.sun.javafx.event.BasicEventDispatcher:dispatchEvent:56)]
 [Stacktrace:(com.sun.javafx.event.EventDispatchChainImpl:dispatchEvent:114)]
 [Stacktrace:(com.sun.javafx.event.BasicEventDispatcher:dispatchEvent:56)]
 [Stacktrace:(com.sun.javafx.event.EventDispatchChainImpl:dispatchEvent:114)]
 [Stacktrace:(com.sun.javafx.event.BasicEventDispatcher:dispatchEvent:56)]
 [Stacktrace:(com.sun.javafx.event.EventDispatchChainImpl:dispatchEvent:114)]
 [Stacktrace:(com.sun.javafx.event.BasicEventDispatcher:dispatchEvent:56)]
 [Stacktrace:(com.sun.javafx.event.EventDispatchChainImpl:dispatchEvent:114)]
 [Stacktrace:(com.sun.javafx.event.EventUtil:fireEventImpl:74)]
 [Stacktrace:(com.sun.javafx.event.EventUtil:fireEvent:54)]
 [Stacktrace:(javafx.event.Event:fireEvent:198)]
 [Stacktrace:(javafx.scene.Scene$MouseHandler:process:3757)]
 [Stacktrace:(javafx.scene.Scene$MouseHandler:access$1500:3485)]
 [Stacktrace:(javafx.scene.Scene:impl_processMouseEvent:1762)]
 [Stacktrace:(javafx.scene.Scene$ScenePeerListener:mouseEvent:2494)]
 [Stacktrace:(com.sun.javafx.tk.quantum.GlassViewEventHandler$MouseEventNotification:run:397)]
 [Stacktrace:(com.sun.javafx.tk.quantum.GlassViewEventHandler$MouseEventNotification:run:295)]
 [Stacktrace:(java.security.AccessController:doPrivileged:-2)]
 [Stacktrace:(com.sun.javafx.tk.quantum.GlassViewEventHandler:lambda$handleMouseEvent$2:434)]
 [Stacktrace:(com.sun.javafx.tk.quantum.QuantumToolkit:runWithoutRenderLock:410)]
 [Stacktrace:(com.sun.javafx.tk.quantum.GlassViewEventHandler:handleMouseEvent:433)]
 [Stacktrace:(com.sun.glass.ui.View:handleMouseEvent:555)]
 [Stacktrace:(com.sun.glass.ui.View:notifyMouse:941)]
 [Stacktrace:(com.sun.glass.ui.win.WinApplication:_runLoop:-2)]
 [Stacktrace:(com.sun.glass.ui.win.WinApplication:lambda$null$4:185)]
 [Stacktrace:(java.lang.Thread:run:748)]

[23-10-2021 20:54:30.397]: ERROR: Data truncated for column 'P_TOTAL' at row 2
[Exception: Data truncated for column 'P_TOTAL' at row 2]
 [Stacktrace:(com.mysql.jdbc.SQLError:createSQLException:1074)]
 [Stacktrace:(com.mysql.jdbc.MysqlIO:checkErrorPacket:4120)]
 [Stacktrace:(com.mysql.jdbc.MysqlIO:checkErrorPacket:4052)]
 [Stacktrace:(com.mysql.jdbc.MysqlIO:sendCommand:2503)]
 [Stacktrace:(com.mysql.jdbc.MysqlIO:sqlQueryDirect:2664)]
 [Stacktrace:(com.mysql.jdbc.ConnectionImpl:execSQL:2788)]
 [Stacktrace:(com.mysql.jdbc.StatementImpl:executeUpdate:1816)]
 [Stacktrace:(com.mysql.jdbc.StatementImpl:executeUpdate:1730)]
 [Stacktrace:(co.id.eazy.query.service.QueryService:executeQueryUpdate:84)]
 [Stacktrace:(app.retail.controller.general.General:updateToDatabase:234)]
 [Stacktrace:(app.retail.controller.pos.FormBayarController:simpan:214)]
 [Stacktrace:(app.retail.controller.pos.FormBayarController:hitungSisaBayar:422)]
 [Stacktrace:(app.retail.controller.pos.FormBayarController:loadtoTablePembayaran:399)]
 [Stacktrace:(app.retail.controller.pos.FormBayarController:lambda$setButtonListener$9:343)]
 [Stacktrace:(com.sun.javafx.event.CompositeEventHandler:dispatchBubblingEvent:86)]
 [Stacktrace:(com.sun.javafx.event.EventHandlerManager:dispatchBubblingEvent:238)]
 [Stacktrace:(com.sun.javafx.event.EventHandlerManager:dispatchBubblingEvent:191)]
 [Stacktrace:(com.sun.javafx.event.CompositeEventDispatcher:dispatchBubblingEvent:59)]
 [Stacktrace:(com.sun.javafx.event.BasicEventDispatcher:dispatchEvent:58)]
 [Stacktrace:(com.sun.javafx.event.EventDispatchChainImpl:dispatchEvent:114)]
 [Stacktrace:(com.sun.javafx.event.BasicEventDispatcher:dispatchEvent:56)]
 [Stacktrace:(com.sun.javafx.event.EventDispatchChainImpl:dispatchEvent:114)]
 [Stacktrace:(com.sun.javafx.event.BasicEventDispatcher:dispatchEvent:56)]
 [Stacktrace:(com.sun.javafx.event.EventDispatchChainImpl:dispatchEvent:114)]
 [Stacktrace:(com.sun.javafx.event.BasicEventDispatcher:dispatchEvent:56)]
 [Stacktrace:(com.sun.javafx.event.EventDispatchChainImpl:dispatchEvent:114)]
 [Stacktrace:(com.sun.javafx.event.EventUtil:fireEventImpl:74)]
 [Stacktrace:(com.sun.javafx.event.EventUtil:fireEvent:49)]
 [Stacktrace:(javafx.event.Event:fireEvent:198)]
 [Stacktrace:(javafx.scene.Node:fireEvent:8411)]
 [Stacktrace:(app.retail.controller.pos.FormBayarController:lambda$setButtonListener$8:318)]
 [Stacktrace:(com.sun.javafx.event.CompositeEventHandler:dispatchBubblingEvent:86)]
 [Stacktrace:(com.sun.javafx.event.EventHandlerManager:dispatchBubblingEvent:238)]
 [Stacktrace:(com.sun.javafx.event.EventHandlerManager:dispatchBubblingEvent:191)]
 [Stacktrace:(com.sun.javafx.event.CompositeEventDispatcher:dispatchBubblingEvent:59)]
 [Stacktrace:(com.sun.javafx.event.BasicEventDispatcher:dispatchEvent:58)]
 [Stacktrace:(com.sun.javafx.event.EventDispatchChainImpl:dispatchEvent:114)]
 [Stacktrace:(com.sun.javafx.event.BasicEventDispatcher:dispatchEvent:56)]
 [Stacktrace:(com.sun.javafx.event.EventDispatchChainImpl:dispatchEvent:114)]
 [Stacktrace:(com.sun.javafx.event.BasicEventDispatcher:dispatchEvent:56)]
 [Stacktrace:(com.sun.javafx.event.EventDispatchChainImpl:dispatchEvent:114)]
 [Stacktrace:(com.sun.javafx.event.BasicEventDispatcher:dispatchEvent:56)]
 [Stacktrace:(com.sun.javafx.event.EventDispatchChainImpl:dispatchEvent:114)]
 [Stacktrace:(com.sun.javafx.event.EventUtil:fireEventImpl:74)]
 [Stacktrace:(com.sun.javafx.event.EventUtil:fireEvent:49)]
 [Stacktrace:(javafx.event.Event:fireEvent:198)]
 [Stacktrace:(javafx.scene.Node:fireEvent:8411)]
 [Stacktrace:(javafx.scene.control.Button:fire:185)]
 [Stacktrace:(com.sun.javafx.scene.control.behavior.ButtonBehavior:mouseReleased:182)]
 [Stacktrace:(com.sun.javafx.scene.control.skin.BehaviorSkinBase$1:handle:96)]
 [Stacktrace:(com.sun.javafx.scene.control.skin.BehaviorSkinBase$1:handle:89)]
 [Stacktrace:(com.sun.javafx.event.CompositeEventHandler$NormalEventHandlerRecord:handleBubblingEvent:218)]
 [Stacktrace:(com.sun.javafx.event.CompositeEventHandler:dispatchBubblingEvent:80)]
 [Stacktrace:(com.sun.javafx.event.EventHandlerManager:dispatchBubblingEvent:238)]
 [Stacktrace:(com.sun.javafx.event.EventHandlerManager:dispatchBubblingEvent:191)]
 [Stacktrace:(com.sun.javafx.event.CompositeEventDispatcher:dispatchBubblingEvent:59)]
 [Stacktrace:(com.sun.javafx.event.BasicEventDispatcher:dispatchEvent:58)]
 [Stacktrace:(com.sun.javafx.event.EventDispatchChainImpl:dispatchEvent:114)]
 [Stacktrace:(com.sun.javafx.event.BasicEventDispatcher:dispatchEvent:56)]
 [Stacktrace:(com.sun.javafx.event.EventDispatchChainImpl:dispatchEvent:114)]
 [Stacktrace:(com.sun.javafx.event.BasicEventDispatcher:dispatchEvent:56)]
 [Stacktrace:(com.sun.javafx.event.EventDispatchChainImpl:dispatchEvent:114)]
 [Stacktrace:(com.sun.javafx.event.BasicEventDispatcher:dispatchEvent:56)]
 [Stacktrace:(com.sun.javafx.event.EventDispatchChainImpl:dispatchEvent:114)]
 [Stacktrace:(com.sun.javafx.event.EventUtil:fireEventImpl:74)]
 [Stacktrace:(com.sun.javafx.event.EventUtil:fireEvent:54)]
 [Stacktrace:(javafx.event.Event:fireEvent:198)]
 [Stacktrace:(javafx.scene.Scene$MouseHandler:process:3757)]
 [Stacktrace:(javafx.scene.Scene$MouseHandler:access$1500:3485)]
 [Stacktrace:(javafx.scene.Scene:impl_processMouseEvent:1762)]
 [Stacktrace:(javafx.scene.Scene$ScenePeerListener:mouseEvent:2494)]
 [Stacktrace:(com.sun.javafx.tk.quantum.GlassViewEventHandler$MouseEventNotification:run:397)]
 [Stacktrace:(com.sun.javafx.tk.quantum.GlassViewEventHandler$MouseEventNotification:run:295)]
 [Stacktrace:(java.security.AccessController:doPrivileged:-2)]
 [Stacktrace:(com.sun.javafx.tk.quantum.GlassViewEventHandler:lambda$handleMouseEvent$2:434)]
 [Stacktrace:(com.sun.javafx.tk.quantum.QuantumToolkit:runWithoutRenderLock:410)]
 [Stacktrace:(com.sun.javafx.tk.quantum.GlassViewEventHandler:handleMouseEvent:433)]
 [Stacktrace:(com.sun.glass.ui.View:handleMouseEvent:555)]
 [Stacktrace:(com.sun.glass.ui.View:notifyMouse:941)]
 [Stacktrace:(com.sun.glass.ui.win.WinApplication:_runLoop:-2)]
 [Stacktrace:(com.sun.glass.ui.win.WinApplication:lambda$null$4:185)]
 [Stacktrace:(java.lang.Thread:run:748)]

[23-10-2021 22:03:57.979]: ERROR load form: 
file:/D:/EaZy/App-Retail/dist/run1073780427/App-Retail.jar!/app/retail/fxml/dashboard/Dashboard.fxml:22

[Exception: 
file:/D:/EaZy/App-Retail/dist/run1073780427/App-Retail.jar!/app/retail/fxml/dashboard/Dashboard.fxml:22
]
 [Stacktrace:(javafx.fxml.FXMLLoader:constructLoadException:2601)]
 [Stacktrace:(javafx.fxml.FXMLLoader:loadImpl:2579)]
 [Stacktrace:(javafx.fxml.FXMLLoader:loadImpl:2441)]
 [Stacktrace:(javafx.fxml.FXMLLoader:loadImpl:3214)]
 [Stacktrace:(javafx.fxml.FXMLLoader:loadImpl:3175)]
 [Stacktrace:(javafx.fxml.FXMLLoader:loadImpl:3148)]
 [Stacktrace:(javafx.fxml.FXMLLoader:loadImpl:3124)]
 [Stacktrace:(javafx.fxml.FXMLLoader:loadImpl:3104)]
 [Stacktrace:(javafx.fxml.FXMLLoader:load:3097)]
 [Stacktrace:(app.retail.controller.home.HomeController:loadForm:341)]
 [Stacktrace:(app.retail.controller.home.HomeController$1:handle:148)]
 [Stacktrace:(app.retail.controller.home.HomeController$1:handle:143)]
 [Stacktrace:(com.sun.javafx.event.CompositeEventHandler:dispatchBubblingEvent:86)]
 [Stacktrace:(com.sun.javafx.event.EventHandlerManager:dispatchBubblingEvent:238)]
 [Stacktrace:(com.sun.javafx.event.EventHandlerManager:dispatchBubblingEvent:191)]
 [Stacktrace:(com.sun.javafx.event.CompositeEventDispatcher:dispatchBubblingEvent:59)]
 [Stacktrace:(com.sun.javafx.event.BasicEventDispatcher:dispatchEvent:58)]
 [Stacktrace:(com.sun.javafx.event.EventDispatchChainImpl:dispatchEvent:114)]
 [Stacktrace:(com.sun.javafx.event.EventUtil:fireEventImpl:74)]
 [Stacktrace:(com.sun.javafx.event.EventUtil:fireEvent:49)]
 [Stacktrace:(javafx.event.Event:fireEvent:198)]
 [Stacktrace:(javafx.scene.Node:fireEvent:8411)]
 [Stacktrace:(javafx.scene.control.Button:fire:185)]
 [Stacktrace:(app.retail.controller.home.HomeController:initialize:109)]
 [Stacktrace:(javafx.fxml.FXMLLoader:loadImpl:2548)]
 [Stacktrace:(javafx.fxml.FXMLLoader:loadImpl:2441)]
 [Stacktrace:(javafx.fxml.FXMLLoader:loadImpl:3214)]
 [Stacktrace:(javafx.fxml.FXMLLoader:loadImpl:3175)]
 [Stacktrace:(javafx.fxml.FXMLLoader:loadImpl:3148)]
 [Stacktrace:(javafx.fxml.FXMLLoader:loadImpl:3124)]
 [Stacktrace:(javafx.fxml.FXMLLoader:loadImpl:3104)]
 [Stacktrace:(javafx.fxml.FXMLLoader:load:3097)]
 [Stacktrace:(app.retail.controller.login.FormLoginController:windows:154)]
 [Stacktrace:(app.retail.controller.login.FormLoginController:authenticate:144)]
 [Stacktrace:(app.retail.controller.login.FormLoginController:lambda$enterPressed$1:126)]
 [Stacktrace:(com.sun.javafx.event.CompositeEventHandler:dispatchBubblingEvent:86)]
 [Stacktrace:(com.sun.javafx.event.EventHandlerManager:dispatchBubblingEvent:238)]
 [Stacktrace:(com.sun.javafx.event.EventHandlerManager:dispatchBubblingEvent:191)]
 [Stacktrace:(com.sun.javafx.event.CompositeEventDispatcher:dispatchBubblingEvent:59)]
 [Stacktrace:(com.sun.javafx.event.BasicEventDispatcher:dispatchEvent:58)]
 [Stacktrace:(com.sun.javafx.event.EventDispatchChainImpl:dispatchEvent:114)]
 [Stacktrace:(com.sun.javafx.event.BasicEventDispatcher:dispatchEvent:56)]
 [Stacktrace:(com.sun.javafx.event.EventDispatchChainImpl:dispatchEvent:114)]
 [Stacktrace:(com.sun.javafx.event.BasicEventDispatcher:dispatchEvent:56)]
 [Stacktrace:(com.sun.javafx.event.EventDispatchChainImpl:dispatchEvent:114)]
 [Stacktrace:(com.sun.javafx.event.BasicEventDispatcher:dispatchEvent:56)]
 [Stacktrace:(com.sun.javafx.event.EventDispatchChainImpl:dispatchEvent:114)]
 [Stacktrace:(com.sun.javafx.event.EventUtil:fireEventImpl:74)]
 [Stacktrace:(com.sun.javafx.event.EventUtil:fireEvent:54)]
 [Stacktrace:(javafx.event.Event:fireEvent:198)]
 [Stacktrace:(javafx.scene.Scene$KeyHandler:process:3964)]
 [Stacktrace:(javafx.scene.Scene$KeyHandler:access$1800:3910)]
 [Stacktrace:(javafx.scene.Scene:impl_processKeyEvent:2040)]
 [Stacktrace:(javafx.scene.Scene$ScenePeerListener:keyEvent:2501)]
 [Stacktrace:(com.sun.javafx.tk.quantum.GlassViewEventHandler$KeyEventNotification:run:217)]
 [Stacktrace:(com.sun.javafx.tk.quantum.GlassViewEventHandler$KeyEventNotification:run:149)]
 [Stacktrace:(java.security.AccessController:doPrivileged:-2)]
 [Stacktrace:(com.sun.javafx.tk.quantum.GlassViewEventHandler:lambda$handleKeyEvent$1:248)]
 [Stacktrace:(com.sun.javafx.tk.quantum.QuantumToolkit:runWithoutRenderLock:410)]
 [Stacktrace:(com.sun.javafx.tk.quantum.GlassViewEventHandler:handleKeyEvent:247)]
 [Stacktrace:(com.sun.glass.ui.View:handleKeyEvent:546)]
 [Stacktrace:(com.sun.glass.ui.View:notifyKey:970)]
 [Stacktrace:(com.sun.glass.ui.win.WinApplication:_runLoop:-2)]
 [Stacktrace:(com.sun.glass.ui.win.WinApplication:lambda$null$4:185)]
 [Stacktrace:(java.lang.Thread:run:748)]

[23-10-2021 23:11:45.689]: ERROR: Cannot add or update a child row: a foreign key constraint fails (`dbretail`.`sale_hold`, CONSTRAINT `tbl_sale_hold_ibfk_3` FOREIGN KEY (`shift`) REFERENCES `shift` (`kode_shift`))
[Exception: Cannot add or update a child row: a foreign key constraint fails (`dbretail`.`sale_hold`, CONSTRAINT `tbl_sale_hold_ibfk_3` FOREIGN KEY (`shift`) REFERENCES `shift` (`kode_shift`))]
 [Stacktrace:(sun.reflect.NativeConstructorAccessorImpl:newInstance0:-2)]
 [Stacktrace:(sun.reflect.NativeConstructorAccessorImpl:newInstance:62)]
 [Stacktrace:(sun.reflect.DelegatingConstructorAccessorImpl:newInstance:45)]
 [Stacktrace:(java.lang.reflect.Constructor:newInstance:423)]
 [Stacktrace:(com.mysql.jdbc.Util:handleNewInstance:411)]
 [Stacktrace:(com.mysql.jdbc.Util:getInstance:386)]
 [Stacktrace:(com.mysql.jdbc.SQLError:createSQLException:1040)]
 [Stacktrace:(com.mysql.jdbc.MysqlIO:checkErrorPacket:4120)]
 [Stacktrace:(com.mysql.jdbc.MysqlIO:checkErrorPacket:4052)]
 [Stacktrace:(com.mysql.jdbc.MysqlIO:sendCommand:2503)]
 [Stacktrace:(com.mysql.jdbc.MysqlIO:sqlQueryDirect:2664)]
 [Stacktrace:(com.mysql.jdbc.ConnectionImpl:execSQL:2788)]
 [Stacktrace:(com.mysql.jdbc.StatementImpl:executeUpdate:1816)]
 [Stacktrace:(com.mysql.jdbc.StatementImpl:executeUpdate:1730)]
 [Stacktrace:(co.id.eazy.query.service.QueryService:executeQueryUpdate:84)]
 [Stacktrace:(co.id.eazy.query.service.QueryService:sendQueryInsert:90)]
 [Stacktrace:(app.retail.controller.general.General:insertToDatabase:222)]
 [Stacktrace:(app.retail.controller.pos.POSController:holdTransaksi:498)]
 [Stacktrace:(app.retail.controller.pos.POSController:lambda$setButtonListener$13:400)]
 [Stacktrace:(com.sun.javafx.event.CompositeEventHandler:dispatchBubblingEvent:86)]
 [Stacktrace:(com.sun.javafx.event.EventHandlerManager:dispatchBubblingEvent:238)]
 [Stacktrace:(com.sun.javafx.event.EventHandlerManager:dispatchBubblingEvent:191)]
 [Stacktrace:(com.sun.javafx.event.CompositeEventDispatcher:dispatchBubblingEvent:59)]
 [Stacktrace:(com.sun.javafx.event.BasicEventDispatcher:dispatchEvent:58)]
 [Stacktrace:(com.sun.javafx.event.EventDispatchChainImpl:dispatchEvent:114)]
 [Stacktrace:(com.sun.javafx.event.BasicEventDispatcher:dispatchEvent:56)]
 [Stacktrace:(com.sun.javafx.event.EventDispatchChainImpl:dispatchEvent:114)]
 [Stacktrace:(com.sun.javafx.event.BasicEventDispatcher:dispatchEvent:56)]
 [Stacktrace:(com.sun.javafx.event.EventDispatchChainImpl:dispatchEvent:114)]
 [Stacktrace:(com.sun.javafx.event.EventUtil:fireEventImpl:74)]
 [Stacktrace:(com.sun.javafx.event.EventUtil:fireEvent:49)]
 [Stacktrace:(javafx.event.Event:fireEvent:198)]
 [Stacktrace:(javafx.scene.Node:fireEvent:8411)]
 [Stacktrace:(javafx.scene.control.Button:fire:185)]
 [Stacktrace:(app.retail.controller.pos.POSController:setShortcut:738)]
 [Stacktrace:(app.retail.controller.pos.PosMaster:lambda$loadPOS$1:127)]
 [Stacktrace:(com.sun.javafx.event.CompositeEventHandler:dispatchBubblingEvent:86)]
 [Stacktrace:(com.sun.javafx.event.EventHandlerManager:dispatchBubblingEvent:238)]
 [Stacktrace:(com.sun.javafx.event.EventHandlerManager:dispatchBubblingEvent:191)]
 [Stacktrace:(com.sun.javafx.event.CompositeEventDispatcher:dispatchBubblingEvent:59)]
 [Stacktrace:(com.sun.javafx.event.BasicEventDispatcher:dispatchEvent:58)]
 [Stacktrace:(com.sun.javafx.event.EventDispatchChainImpl:dispatchEvent:114)]
 [Stacktrace:(com.sun.javafx.event.BasicEventDispatcher:dispatchEvent:56)]
 [Stacktrace:(com.sun.javafx.event.EventDispatchChainImpl:dispatchEvent:114)]
 [Stacktrace:(com.sun.javafx.event.EventUtil:fireEventImpl:74)]
 [Stacktrace:(com.sun.javafx.event.EventUtil:fireEvent:54)]
 [Stacktrace:(javafx.event.Event:fireEvent:198)]
 [Stacktrace:(javafx.scene.Scene$KeyHandler:process:3964)]
 [Stacktrace:(javafx.scene.Scene$KeyHandler:access$1800:3910)]
 [Stacktrace:(javafx.scene.Scene:impl_processKeyEvent:2040)]
 [Stacktrace:(javafx.scene.Scene$ScenePeerListener:keyEvent:2501)]
 [Stacktrace:(com.sun.javafx.tk.quantum.GlassViewEventHandler$KeyEventNotification:run:217)]
 [Stacktrace:(com.sun.javafx.tk.quantum.GlassViewEventHandler$KeyEventNotification:run:149)]
 [Stacktrace:(java.security.AccessController:doPrivileged:-2)]
 [Stacktrace:(com.sun.javafx.tk.quantum.GlassViewEventHandler:lambda$handleKeyEvent$1:248)]
 [Stacktrace:(com.sun.javafx.tk.quantum.QuantumToolkit:runWithoutRenderLock:410)]
 [Stacktrace:(com.sun.javafx.tk.quantum.GlassViewEventHandler:handleKeyEvent:247)]
 [Stacktrace:(com.sun.glass.ui.View:handleKeyEvent:546)]
 [Stacktrace:(com.sun.glass.ui.View:notifyKey:970)]
 [Stacktrace:(com.sun.glass.ui.win.WinApplication:_runLoop:-2)]
 [Stacktrace:(com.sun.glass.ui.win.WinApplication:lambda$null$4:185)]
 [Stacktrace:(java.lang.Thread:run:748)]

[24-10-2021 13:39:56.373]: ERROR: 
file:/D:/EaZy/App-Retail/dist/run1637328770/App-Retail.jar!/app/retail/fxml/pos/POS.fxml

[Exception: 
file:/D:/EaZy/App-Retail/dist/run1637328770/App-Retail.jar!/app/retail/fxml/pos/POS.fxml
]
 [Stacktrace:(javafx.fxml.FXMLLoader:constructLoadException:2601)]
 [Stacktrace:(javafx.fxml.FXMLLoader:loadImpl:2579)]
 [Stacktrace:(javafx.fxml.FXMLLoader:loadImpl:2441)]
 [Stacktrace:(javafx.fxml.FXMLLoader:loadImpl:3214)]
 [Stacktrace:(javafx.fxml.FXMLLoader:loadImpl:3175)]
 [Stacktrace:(javafx.fxml.FXMLLoader:loadImpl:3148)]
 [Stacktrace:(javafx.fxml.FXMLLoader:loadImpl:3124)]
 [Stacktrace:(javafx.fxml.FXMLLoader:loadImpl:3104)]
 [Stacktrace:(javafx.fxml.FXMLLoader:load:3097)]
 [Stacktrace:(app.retail.controller.pos.PosMaster:loadPOS:116)]
 [Stacktrace:(app.retail.controller.pos.PosMaster:lambda$setButtonListener$0:88)]
 [Stacktrace:(com.sun.javafx.event.CompositeEventHandler:dispatchBubblingEvent:86)]
 [Stacktrace:(com.sun.javafx.event.EventHandlerManager:dispatchBubblingEvent:238)]
 [Stacktrace:(com.sun.javafx.event.EventHandlerManager:dispatchBubblingEvent:191)]
 [Stacktrace:(com.sun.javafx.event.CompositeEventDispatcher:dispatchBubblingEvent:59)]
 [Stacktrace:(com.sun.javafx.event.BasicEventDispatcher:dispatchEvent:58)]
 [Stacktrace:(com.sun.javafx.event.EventDispatchChainImpl:dispatchEvent:114)]
 [Stacktrace:(com.sun.javafx.event.BasicEventDispatcher:dispatchEvent:56)]
 [Stacktrace:(com.sun.javafx.event.EventDispatchChainImpl:dispatchEvent:114)]
 [Stacktrace:(com.sun.javafx.event.BasicEventDispatcher:dispatchEvent:56)]
 [Stacktrace:(com.sun.javafx.event.EventDispatchChainImpl:dispatchEvent:114)]
 [Stacktrace:(com.sun.javafx.event.BasicEventDispatcher:dispatchEvent:56)]
 [Stacktrace:(com.sun.javafx.event.EventDispatchChainImpl:dispatchEvent:114)]
 [Stacktrace:(com.sun.javafx.event.BasicEventDispatcher:dispatchEvent:56)]
 [Stacktrace:(com.sun.javafx.event.EventDispatchChainImpl:dispatchEvent:114)]
 [Stacktrace:(com.sun.javafx.event.EventUtil:fireEventImpl:74)]
 [Stacktrace:(com.sun.javafx.event.EventUtil:fireEvent:49)]
 [Stacktrace:(javafx.event.Event:fireEvent:198)]
 [Stacktrace:(javafx.scene.Node:fireEvent:8411)]
 [Stacktrace:(javafx.scene.control.Button:fire:185)]
 [Stacktrace:(com.sun.javafx.scene.control.behavior.ButtonBehavior:mouseReleased:182)]
 [Stacktrace:(com.sun.javafx.scene.control.skin.BehaviorSkinBase$1:handle:96)]
 [Stacktrace:(com.sun.javafx.scene.control.skin.BehaviorSkinBase$1:handle:89)]
 [Stacktrace:(com.sun.javafx.event.CompositeEventHandler$NormalEventHandlerRecord:handleBubblingEvent:218)]
 [Stacktrace:(com.sun.javafx.event.CompositeEventHandler:dispatchBubblingEvent:80)]
 [Stacktrace:(com.sun.javafx.event.EventHandlerManager:dispatchBubblingEvent:238)]
 [Stacktrace:(com.sun.javafx.event.EventHandlerManager:dispatchBubblingEvent:191)]
 [Stacktrace:(com.sun.javafx.event.CompositeEventDispatcher:dispatchBubblingEvent:59)]
 [Stacktrace:(com.sun.javafx.event.BasicEventDispatcher:dispatchEvent:58)]
 [Stacktrace:(com.sun.javafx.event.EventDispatchChainImpl:dispatchEvent:114)]
 [Stacktrace:(com.sun.javafx.event.BasicEventDispatcher:dispatchEvent:56)]
 [Stacktrace:(com.sun.javafx.event.EventDispatchChainImpl:dispatchEvent:114)]
 [Stacktrace:(com.sun.javafx.event.BasicEventDispatcher:dispatchEvent:56)]
 [Stacktrace:(com.sun.javafx.event.EventDispatchChainImpl:dispatchEvent:114)]
 [Stacktrace:(com.sun.javafx.event.BasicEventDispatcher:dispatchEvent:56)]
 [Stacktrace:(com.sun.javafx.event.EventDispatchChainImpl:dispatchEvent:114)]
 [Stacktrace:(com.sun.javafx.event.BasicEventDispatcher:dispatchEvent:56)]
 [Stacktrace:(com.sun.javafx.event.EventDispatchChainImpl:dispatchEvent:114)]
 [Stacktrace:(com.sun.javafx.event.EventUtil:fireEventImpl:74)]
 [Stacktrace:(com.sun.javafx.event.EventUtil:fireEvent:54)]
 [Stacktrace:(javafx.event.Event:fireEvent:198)]
 [Stacktrace:(javafx.scene.Scene$MouseHandler:process:3757)]
 [Stacktrace:(javafx.scene.Scene$MouseHandler:access$1500:3485)]
 [Stacktrace:(javafx.scene.Scene:impl_processMouseEvent:1762)]
 [Stacktrace:(javafx.scene.Scene$ScenePeerListener:mouseEvent:2494)]
 [Stacktrace:(com.sun.javafx.tk.quantum.GlassViewEventHandler$MouseEventNotification:run:397)]
 [Stacktrace:(com.sun.javafx.tk.quantum.GlassViewEventHandler$MouseEventNotification:run:295)]
 [Stacktrace:(java.security.AccessController:doPrivileged:-2)]
 [Stacktrace:(com.sun.javafx.tk.quantum.GlassViewEventHandler:lambda$handleMouseEvent$2:434)]
 [Stacktrace:(com.sun.javafx.tk.quantum.QuantumToolkit:runWithoutRenderLock:410)]
 [Stacktrace:(com.sun.javafx.tk.quantum.GlassViewEventHandler:handleMouseEvent:433)]
 [Stacktrace:(com.sun.glass.ui.View:handleMouseEvent:555)]
 [Stacktrace:(com.sun.glass.ui.View:notifyMouse:941)]
 [Stacktrace:(com.sun.glass.ui.win.WinApplication:_runLoop:-2)]
 [Stacktrace:(com.sun.glass.ui.win.WinApplication:lambda$null$4:185)]
 [Stacktrace:(java.lang.Thread:run:748)]

[24-10-2021 14:40:42.950]: ERROR load form: 
file:/D:/EaZy/App-Retail/dist/run1792002463/App-Retail.jar!/app/retail/fxml/dashboard/Dashboard.fxml

[Exception: 
file:/D:/EaZy/App-Retail/dist/run1792002463/App-Retail.jar!/app/retail/fxml/dashboard/Dashboard.fxml
]
 [Stacktrace:(javafx.fxml.FXMLLoader:constructLoadException:2601)]
 [Stacktrace:(javafx.fxml.FXMLLoader:loadImpl:2579)]
 [Stacktrace:(javafx.fxml.FXMLLoader:loadImpl:2441)]
 [Stacktrace:(javafx.fxml.FXMLLoader:loadImpl:3214)]
 [Stacktrace:(javafx.fxml.FXMLLoader:loadImpl:3175)]
 [Stacktrace:(javafx.fxml.FXMLLoader:loadImpl:3148)]
 [Stacktrace:(javafx.fxml.FXMLLoader:loadImpl:3124)]
 [Stacktrace:(javafx.fxml.FXMLLoader:loadImpl:3104)]
 [Stacktrace:(javafx.fxml.FXMLLoader:load:3097)]
 [Stacktrace:(app.retail.controller.home.HomeController:loadForm:341)]
 [Stacktrace:(app.retail.controller.home.HomeController$1:handle:148)]
 [Stacktrace:(app.retail.controller.home.HomeController$1:handle:143)]
 [Stacktrace:(com.sun.javafx.event.CompositeEventHandler:dispatchBubblingEvent:86)]
 [Stacktrace:(com.sun.javafx.event.EventHandlerManager:dispatchBubblingEvent:238)]
 [Stacktrace:(com.sun.javafx.event.EventHandlerManager:dispatchBubblingEvent:191)]
 [Stacktrace:(com.sun.javafx.event.CompositeEventDispatcher:dispatchBubblingEvent:59)]
 [Stacktrace:(com.sun.javafx.event.BasicEventDispatcher:dispatchEvent:58)]
 [Stacktrace:(com.sun.javafx.event.EventDispatchChainImpl:dispatchEvent:114)]
 [Stacktrace:(com.sun.javafx.event.EventUtil:fireEventImpl:74)]
 [Stacktrace:(com.sun.javafx.event.EventUtil:fireEvent:49)]
 [Stacktrace:(javafx.event.Event:fireEvent:198)]
 [Stacktrace:(javafx.scene.Node:fireEvent:8411)]
 [Stacktrace:(javafx.scene.control.Button:fire:185)]
 [Stacktrace:(app.retail.controller.home.HomeController:initialize:109)]
 [Stacktrace:(javafx.fxml.FXMLLoader:loadImpl:2548)]
 [Stacktrace:(javafx.fxml.FXMLLoader:loadImpl:2441)]
 [Stacktrace:(javafx.fxml.FXMLLoader:loadImpl:3214)]
 [Stacktrace:(javafx.fxml.FXMLLoader:loadImpl:3175)]
 [Stacktrace:(javafx.fxml.FXMLLoader:loadImpl:3148)]
 [Stacktrace:(javafx.fxml.FXMLLoader:loadImpl:3124)]
 [Stacktrace:(javafx.fxml.FXMLLoader:loadImpl:3104)]
 [Stacktrace:(javafx.fxml.FXMLLoader:load:3097)]
 [Stacktrace:(app.retail.controller.login.FormLoginController:windows:155)]
 [Stacktrace:(app.retail.controller.login.FormLoginController:authenticate:145)]
 [Stacktrace:(app.retail.controller.login.FormLoginController:lambda$enterPressed$1:127)]
 [Stacktrace:(com.sun.javafx.event.CompositeEventHandler:dispatchBubblingEvent:86)]
 [Stacktrace:(com.sun.javafx.event.EventHandlerManager:dispatchBubblingEvent:238)]
 [Stacktrace:(com.sun.javafx.event.EventHandlerManager:dispatchBubblingEvent:191)]
 [Stacktrace:(com.sun.javafx.event.CompositeEventDispatcher:dispatchBubblingEvent:59)]
 [Stacktrace:(com.sun.javafx.event.BasicEventDispatcher:dispatchEvent:58)]
 [Stacktrace:(com.sun.javafx.event.EventDispatchChainImpl:dispatchEvent:114)]
 [Stacktrace:(com.sun.javafx.event.BasicEventDispatcher:dispatchEvent:56)]
 [Stacktrace:(com.sun.javafx.event.EventDispatchChainImpl:dispatchEvent:114)]
 [Stacktrace:(com.sun.javafx.event.BasicEventDispatcher:dispatchEvent:56)]
 [Stacktrace:(com.sun.javafx.event.EventDispatchChainImpl:dispatchEvent:114)]
 [Stacktrace:(com.sun.javafx.event.BasicEventDispatcher:dispatchEvent:56)]
 [Stacktrace:(com.sun.javafx.event.EventDispatchChainImpl:dispatchEvent:114)]
 [Stacktrace:(com.sun.javafx.event.EventUtil:fireEventImpl:74)]
 [Stacktrace:(com.sun.javafx.event.EventUtil:fireEvent:54)]
 [Stacktrace:(javafx.event.Event:fireEvent:198)]
 [Stacktrace:(javafx.scene.Scene$KeyHandler:process:3964)]
 [Stacktrace:(javafx.scene.Scene$KeyHandler:access$1800:3910)]
 [Stacktrace:(javafx.scene.Scene:impl_processKeyEvent:2040)]
 [Stacktrace:(javafx.scene.Scene$ScenePeerListener:keyEvent:2501)]
 [Stacktrace:(com.sun.javafx.tk.quantum.GlassViewEventHandler$KeyEventNotification:run:217)]
 [Stacktrace:(com.sun.javafx.tk.quantum.GlassViewEventHandler$KeyEventNotification:run:149)]
 [Stacktrace:(java.security.AccessController:doPrivileged:-2)]
 [Stacktrace:(com.sun.javafx.tk.quantum.GlassViewEventHandler:lambda$handleKeyEvent$1:248)]
 [Stacktrace:(com.sun.javafx.tk.quantum.QuantumToolkit:runWithoutRenderLock:410)]
 [Stacktrace:(com.sun.javafx.tk.quantum.GlassViewEventHandler:handleKeyEvent:247)]
 [Stacktrace:(com.sun.glass.ui.View:handleKeyEvent:546)]
 [Stacktrace:(com.sun.glass.ui.View:notifyKey:970)]
 [Stacktrace:(com.sun.glass.ui.win.WinApplication:_runLoop:-2)]
 [Stacktrace:(com.sun.glass.ui.win.WinApplication:lambda$null$4:185)]
 [Stacktrace:(java.lang.Thread:run:748)]

[24-10-2021 15:14:14.763]: ERROR: Cannot delete or update a parent row: a foreign key constraint fails (`dbretail`.`sale`, CONSTRAINT `shiftsale` FOREIGN KEY (`shift`) REFERENCES `shift` (`kode_shift`))
[Exception: Cannot delete or update a parent row: a foreign key constraint fails (`dbretail`.`sale`, CONSTRAINT `shiftsale` FOREIGN KEY (`shift`) REFERENCES `shift` (`kode_shift`))]
 [Stacktrace:(sun.reflect.NativeConstructorAccessorImpl:newInstance0:-2)]
 [Stacktrace:(sun.reflect.NativeConstructorAccessorImpl:newInstance:62)]
 [Stacktrace:(sun.reflect.DelegatingConstructorAccessorImpl:newInstance:45)]
 [Stacktrace:(java.lang.reflect.Constructor:newInstance:423)]
 [Stacktrace:(com.mysql.jdbc.Util:handleNewInstance:411)]
 [Stacktrace:(com.mysql.jdbc.Util:getInstance:386)]
 [Stacktrace:(com.mysql.jdbc.SQLError:createSQLException:1040)]
 [Stacktrace:(com.mysql.jdbc.MysqlIO:checkErrorPacket:4120)]
 [Stacktrace:(com.mysql.jdbc.MysqlIO:checkErrorPacket:4052)]
 [Stacktrace:(com.mysql.jdbc.MysqlIO:sendCommand:2503)]
 [Stacktrace:(com.mysql.jdbc.MysqlIO:sqlQueryDirect:2664)]
 [Stacktrace:(com.mysql.jdbc.ConnectionImpl:execSQL:2788)]
 [Stacktrace:(com.mysql.jdbc.StatementImpl:executeUpdate:1816)]
 [Stacktrace:(com.mysql.jdbc.StatementImpl:executeUpdate:1730)]
 [Stacktrace:(co.id.eazy.query.service.QueryService:executeQueryUpdate:84)]
 [Stacktrace:(app.retail.controller.general.General:updateToDatabase:236)]
 [Stacktrace:(app.retail.controller.data.DataShiftController:delete:220)]
 [Stacktrace:(app.retail.controller.data.DataShiftController:lambda$setButtonOnTableView$3:262)]
 [Stacktrace:(com.sun.javafx.event.CompositeEventHandler:dispatchBubblingEvent:86)]
 [Stacktrace:(com.sun.javafx.event.EventHandlerManager:dispatchBubblingEvent:238)]
 [Stacktrace:(com.sun.javafx.event.EventHandlerManager:dispatchBubblingEvent:191)]
 [Stacktrace:(com.sun.javafx.event.CompositeEventDispatcher:dispatchBubblingEvent:59)]
 [Stacktrace:(com.sun.javafx.event.BasicEventDispatcher:dispatchEvent:58)]
 [Stacktrace:(com.sun.javafx.event.EventDispatchChainImpl:dispatchEvent:114)]
 [Stacktrace:(com.sun.javafx.event.BasicEventDispatcher:dispatchEvent:56)]
 [Stacktrace:(com.sun.javafx.event.EventDispatchChainImpl:dispatchEvent:114)]
 [Stacktrace:(com.sun.javafx.event.BasicEventDispatcher:dispatchEvent:56)]
 [Stacktrace:(com.sun.javafx.event.EventDispatchChainImpl:dispatchEvent:114)]
 [Stacktrace:(com.sun.javafx.event.BasicEventDispatcher:dispatchEvent:56)]
 [Stacktrace:(com.sun.javafx.event.EventDispatchChainImpl:dispatchEvent:114)]
 [Stacktrace:(com.sun.javafx.event.BasicEventDispatcher:dispatchEvent:56)]
 [Stacktrace:(com.sun.javafx.event.EventDispatchChainImpl:dispatchEvent:114)]
 [Stacktrace:(com.sun.javafx.event.BasicEventDispatcher:dispatchEvent:56)]
 [Stacktrace:(com.sun.javafx.event.EventDispatchChainImpl:dispatchEvent:114)]
 [Stacktrace:(com.sun.javafx.event.BasicEventDispatcher:dispatchEvent:56)]
 [Stacktrace:(com.sun.javafx.event.EventDispatchChainImpl:dispatchEvent:114)]
 [Stacktrace:(com.sun.javafx.event.BasicEventDispatcher:dispatchEvent:56)]
 [Stacktrace:(com.sun.javafx.event.EventDispatchChainImpl:dispatchEvent:114)]
 [Stacktrace:(com.sun.javafx.event.BasicEventDispatcher:dispatchEvent:56)]
 [Stacktrace:(com.sun.javafx.event.EventDispatchChainImpl:dispatchEvent:114)]
 [Stacktrace:(com.sun.javafx.event.EventUtil:fireEventImpl:74)]
 [Stacktrace:(com.sun.javafx.event.EventUtil:fireEvent:49)]
 [Stacktrace:(javafx.event.Event:fireEvent:198)]
 [Stacktrace:(javafx.scene.Node:fireEvent:8411)]
 [Stacktrace:(javafx.scene.control.Button:fire:185)]
 [Stacktrace:(com.sun.javafx.scene.control.behavior.ButtonBehavior:mouseReleased:182)]
 [Stacktrace:(com.sun.javafx.scene.control.skin.BehaviorSkinBase$1:handle:96)]
 [Stacktrace:(com.sun.javafx.scene.control.skin.BehaviorSkinBase$1:handle:89)]
 [Stacktrace:(com.sun.javafx.event.CompositeEventHandler$NormalEventHandlerRecord:handleBubblingEvent:218)]
 [Stacktrace:(com.sun.javafx.event.CompositeEventHandler:dispatchBubblingEvent:80)]
 [Stacktrace:(com.sun.javafx.event.EventHandlerManager:dispatchBubblingEvent:238)]
 [Stacktrace:(com.sun.javafx.event.EventHandlerManager:dispatchBubblingEvent:191)]
 [Stacktrace:(com.sun.javafx.event.CompositeEventDispatcher:dispatchBubblingEvent:59)]
 [Stacktrace:(com.sun.javafx.event.BasicEventDispatcher:dispatchEvent:58)]
 [Stacktrace:(com.sun.javafx.event.EventDispatchChainImpl:dispatchEvent:114)]
 [Stacktrace:(com.sun.javafx.event.BasicEventDispatcher:dispatchEvent:56)]
 [Stacktrace:(com.sun.javafx.event.EventDispatchChainImpl:dispatchEvent:114)]
 [Stacktrace:(com.sun.javafx.event.BasicEventDispatcher:dispatchEvent:56)]
 [Stacktrace:(com.sun.javafx.event.EventDispatchChainImpl:dispatchEvent:114)]
 [Stacktrace:(com.sun.javafx.event.BasicEventDispatcher:dispatchEvent:56)]
 [Stacktrace:(com.sun.javafx.event.EventDispatchChainImpl:dispatchEvent:114)]
 [Stacktrace:(com.sun.javafx.event.BasicEventDispatcher:dispatchEvent:56)]
 [Stacktrace:(com.sun.javafx.event.EventDispatchChainImpl:dispatchEvent:114)]
 [Stacktrace:(com.sun.javafx.event.BasicEventDispatcher:dispatchEvent:56)]
 [Stacktrace:(com.sun.javafx.event.EventDispatchChainImpl:dispatchEvent:114)]
 [Stacktrace:(com.sun.javafx.event.BasicEventDispatcher:dispatchEvent:56)]
 [Stacktrace:(com.sun.javafx.event.EventDispatchChainImpl:dispatchEvent:114)]
 [Stacktrace:(com.sun.javafx.event.BasicEventDispatcher:dispatchEvent:56)]
 [Stacktrace:(com.sun.javafx.event.EventDispatchChainImpl:dispatchEvent:114)]
 [Stacktrace:(com.sun.javafx.event.BasicEventDispatcher:dispatchEvent:56)]
 [Stacktrace:(com.sun.javafx.event.EventDispatchChainImpl:dispatchEvent:114)]
 [Stacktrace:(com.sun.javafx.event.EventUtil:fireEventImpl:74)]
 [Stacktrace:(com.sun.javafx.event.EventUtil:fireEvent:54)]
 [Stacktrace:(javafx.event.Event:fireEvent:198)]
 [Stacktrace:(javafx.scene.Scene$MouseHandler:process:3757)]
 [Stacktrace:(javafx.scene.Scene$MouseHandler:access$1500:3485)]
 [Stacktrace:(javafx.scene.Scene:impl_processMouseEvent:1762)]
 [Stacktrace:(javafx.scene.Scene$ScenePeerListener:mouseEvent:2494)]
 [Stacktrace:(com.sun.javafx.tk.quantum.GlassViewEventHandler$MouseEventNotification:run:397)]
 [Stacktrace:(com.sun.javafx.tk.quantum.GlassViewEventHandler$MouseEventNotification:run:295)]
 [Stacktrace:(java.security.AccessController:doPrivileged:-2)]
 [Stacktrace:(com.sun.javafx.tk.quantum.GlassViewEventHandler:lambda$handleMouseEvent$2:434)]
 [Stacktrace:(com.sun.javafx.tk.quantum.QuantumToolkit:runWithoutRenderLock:410)]
 [Stacktrace:(com.sun.javafx.tk.quantum.GlassViewEventHandler:handleMouseEvent:433)]
 [Stacktrace:(com.sun.glass.ui.View:handleMouseEvent:555)]
 [Stacktrace:(com.sun.glass.ui.View:notifyMouse:941)]
 [Stacktrace:(com.sun.glass.ui.win.WinApplication:_runLoop:-2)]
 [Stacktrace:(com.sun.glass.ui.win.WinApplication:lambda$null$4:185)]
 [Stacktrace:(java.lang.Thread:run:748)]

[24-10-2021 15:16:48.726]: ERROR: Cannot delete or update a parent row: a foreign key constraint fails (`dbretail`.`sale`, CONSTRAINT `shiftsale` FOREIGN KEY (`shift`) REFERENCES `shift` (`kode_shift`))
[Exception: Cannot delete or update a parent row: a foreign key constraint fails (`dbretail`.`sale`, CONSTRAINT `shiftsale` FOREIGN KEY (`shift`) REFERENCES `shift` (`kode_shift`))]
 [Stacktrace:(sun.reflect.NativeConstructorAccessorImpl:newInstance0:-2)]
 [Stacktrace:(sun.reflect.NativeConstructorAccessorImpl:newInstance:62)]
 [Stacktrace:(sun.reflect.DelegatingConstructorAccessorImpl:newInstance:45)]
 [Stacktrace:(java.lang.reflect.Constructor:newInstance:423)]
 [Stacktrace:(com.mysql.jdbc.Util:handleNewInstance:411)]
 [Stacktrace:(com.mysql.jdbc.Util:getInstance:386)]
 [Stacktrace:(com.mysql.jdbc.SQLError:createSQLException:1040)]
 [Stacktrace:(com.mysql.jdbc.MysqlIO:checkErrorPacket:4120)]
 [Stacktrace:(com.mysql.jdbc.MysqlIO:checkErrorPacket:4052)]
 [Stacktrace:(com.mysql.jdbc.MysqlIO:sendCommand:2503)]
 [Stacktrace:(com.mysql.jdbc.MysqlIO:sqlQueryDirect:2664)]
 [Stacktrace:(com.mysql.jdbc.ConnectionImpl:execSQL:2788)]
 [Stacktrace:(com.mysql.jdbc.StatementImpl:executeUpdate:1816)]
 [Stacktrace:(com.mysql.jdbc.StatementImpl:executeUpdate:1730)]
 [Stacktrace:(co.id.eazy.query.service.QueryService:executeQueryUpdate:84)]
 [Stacktrace:(app.retail.controller.general.General:updateToDatabase:236)]
 [Stacktrace:(app.retail.controller.data.DataShiftController:delete:220)]
 [Stacktrace:(app.retail.controller.data.DataShiftController:lambda$setButtonOnTableView$3:262)]
 [Stacktrace:(com.sun.javafx.event.CompositeEventHandler:dispatchBubblingEvent:86)]
 [Stacktrace:(com.sun.javafx.event.EventHandlerManager:dispatchBubblingEvent:238)]
 [Stacktrace:(com.sun.javafx.event.EventHandlerManager:dispatchBubblingEvent:191)]
 [Stacktrace:(com.sun.javafx.event.CompositeEventDispatcher:dispatchBubblingEvent:59)]
 [Stacktrace:(com.sun.javafx.event.BasicEventDispatcher:dispatchEvent:58)]
 [Stacktrace:(com.sun.javafx.event.EventDispatchChainImpl:dispatchEvent:114)]
 [Stacktrace:(com.sun.javafx.event.BasicEventDispatcher:dispatchEvent:56)]
 [Stacktrace:(com.sun.javafx.event.EventDispatchChainImpl:dispatchEvent:114)]
 [Stacktrace:(com.sun.javafx.event.BasicEventDispatcher:dispatchEvent:56)]
 [Stacktrace:(com.sun.javafx.event.EventDispatchChainImpl:dispatchEvent:114)]
 [Stacktrace:(com.sun.javafx.event.BasicEventDispatcher:dispatchEvent:56)]
 [Stacktrace:(com.sun.javafx.event.EventDispatchChainImpl:dispatchEvent:114)]
 [Stacktrace:(com.sun.javafx.event.BasicEventDispatcher:dispatchEvent:56)]
 [Stacktrace:(com.sun.javafx.event.EventDispatchChainImpl:dispatchEvent:114)]
 [Stacktrace:(com.sun.javafx.event.BasicEventDispatcher:dispatchEvent:56)]
 [Stacktrace:(com.sun.javafx.event.EventDispatchChainImpl:dispatchEvent:114)]
 [Stacktrace:(com.sun.javafx.event.BasicEventDispatcher:dispatchEvent:56)]
 [Stacktrace:(com.sun.javafx.event.EventDispatchChainImpl:dispatchEvent:114)]
 [Stacktrace:(com.sun.javafx.event.BasicEventDispatcher:dispatchEvent:56)]
 [Stacktrace:(com.sun.javafx.event.EventDispatchChainImpl:dispatchEvent:114)]
 [Stacktrace:(com.sun.javafx.event.BasicEventDispatcher:dispatchEvent:56)]
 [Stacktrace:(com.sun.javafx.event.EventDispatchChainImpl:dispatchEvent:114)]
 [Stacktrace:(com.sun.javafx.event.EventUtil:fireEventImpl:74)]
 [Stacktrace:(com.sun.javafx.event.EventUtil:fireEvent:49)]
 [Stacktrace:(javafx.event.Event:fireEvent:198)]
 [Stacktrace:(javafx.scene.Node:fireEvent:8411)]
 [Stacktrace:(javafx.scene.control.Button:fire:185)]
 [Stacktrace:(com.sun.javafx.scene.control.behavior.ButtonBehavior:mouseReleased:182)]
 [Stacktrace:(com.sun.javafx.scene.control.skin.BehaviorSkinBase$1:handle:96)]
 [Stacktrace:(com.sun.javafx.scene.control.skin.BehaviorSkinBase$1:handle:89)]
 [Stacktrace:(com.sun.javafx.event.CompositeEventHandler$NormalEventHandlerRecord:handleBubblingEvent:218)]
 [Stacktrace:(com.sun.javafx.event.CompositeEventHandler:dispatchBubblingEvent:80)]
 [Stacktrace:(com.sun.javafx.event.EventHandlerManager:dispatchBubblingEvent:238)]
 [Stacktrace:(com.sun.javafx.event.EventHandlerManager:dispatchBubblingEvent:191)]
 [Stacktrace:(com.sun.javafx.event.CompositeEventDispatcher:dispatchBubblingEvent:59)]
 [Stacktrace:(com.sun.javafx.event.BasicEventDispatcher:dispatchEvent:58)]
 [Stacktrace:(com.sun.javafx.event.EventDispatchChainImpl:dispatchEvent:114)]
 [Stacktrace:(com.sun.javafx.event.BasicEventDispatcher:dispatchEvent:56)]
 [Stacktrace:(com.sun.javafx.event.EventDispatchChainImpl:dispatchEvent:114)]
 [Stacktrace:(com.sun.javafx.event.BasicEventDispatcher:dispatchEvent:56)]
 [Stacktrace:(com.sun.javafx.event.EventDispatchChainImpl:dispatchEvent:114)]
 [Stacktrace:(com.sun.javafx.event.BasicEventDispatcher:dispatchEvent:56)]
 [Stacktrace:(com.sun.javafx.event.EventDispatchChainImpl:dispatchEvent:114)]
 [Stacktrace:(com.sun.javafx.event.BasicEventDispatcher:dispatchEvent:56)]
 [Stacktrace:(com.sun.javafx.event.EventDispatchChainImpl:dispatchEvent:114)]
 [Stacktrace:(com.sun.javafx.event.BasicEventDispatcher:dispatchEvent:56)]
 [Stacktrace:(com.sun.javafx.event.EventDispatchChainImpl:dispatchEvent:114)]
 [Stacktrace:(com.sun.javafx.event.BasicEventDispatcher:dispatchEvent:56)]
 [Stacktrace:(com.sun.javafx.event.EventDispatchChainImpl:dispatchEvent:114)]
 [Stacktrace:(com.sun.javafx.event.BasicEventDispatcher:dispatchEvent:56)]
 [Stacktrace:(com.sun.javafx.event.EventDispatchChainImpl:dispatchEvent:114)]
 [Stacktrace:(com.sun.javafx.event.BasicEventDispatcher:dispatchEvent:56)]
 [Stacktrace:(com.sun.javafx.event.EventDispatchChainImpl:dispatchEvent:114)]
 [Stacktrace:(com.sun.javafx.event.EventUtil:fireEventImpl:74)]
 [Stacktrace:(com.sun.javafx.event.EventUtil:fireEvent:54)]
 [Stacktrace:(javafx.event.Event:fireEvent:198)]
 [Stacktrace:(javafx.scene.Scene$MouseHandler:process:3757)]
 [Stacktrace:(javafx.scene.Scene$MouseHandler:access$1500:3485)]
 [Stacktrace:(javafx.scene.Scene:impl_processMouseEvent:1762)]
 [Stacktrace:(javafx.scene.Scene$ScenePeerListener:mouseEvent:2494)]
 [Stacktrace:(com.sun.javafx.tk.quantum.GlassViewEventHandler$MouseEventNotification:run:397)]
 [Stacktrace:(com.sun.javafx.tk.quantum.GlassViewEventHandler$MouseEventNotification:run:295)]
 [Stacktrace:(java.security.AccessController:doPrivileged:-2)]
 [Stacktrace:(com.sun.javafx.tk.quantum.GlassViewEventHandler:lambda$handleMouseEvent$2:434)]
 [Stacktrace:(com.sun.javafx.tk.quantum.QuantumToolkit:runWithoutRenderLock:410)]
 [Stacktrace:(com.sun.javafx.tk.quantum.GlassViewEventHandler:handleMouseEvent:433)]
 [Stacktrace:(com.sun.glass.ui.View:handleMouseEvent:555)]
 [Stacktrace:(com.sun.glass.ui.View:notifyMouse:941)]
 [Stacktrace:(com.sun.glass.ui.win.WinApplication:_runLoop:-2)]
 [Stacktrace:(com.sun.glass.ui.win.WinApplication:lambda$null$4:185)]
 [Stacktrace:(java.lang.Thread:run:748)]

[24-10-2021 15:55:08.187]: ERROR: 
file:/D:/EaZy/App-Retail/dist/run1843160911/App-Retail.jar!/app/retail/fxml/inventory/FormMasterItem.fxml

[Exception: 
file:/D:/EaZy/App-Retail/dist/run1843160911/App-Retail.jar!/app/retail/fxml/inventory/FormMasterItem.fxml
]
 [Stacktrace:(javafx.fxml.FXMLLoader:constructLoadException:2601)]
 [Stacktrace:(javafx.fxml.FXMLLoader:loadImpl:2579)]
 [Stacktrace:(javafx.fxml.FXMLLoader:loadImpl:2441)]
 [Stacktrace:(javafx.fxml.FXMLLoader:loadImpl:3214)]
 [Stacktrace:(javafx.fxml.FXMLLoader:loadImpl:3175)]
 [Stacktrace:(javafx.fxml.FXMLLoader:loadImpl:3148)]
 [Stacktrace:(javafx.fxml.FXMLLoader:loadImpl:3124)]
 [Stacktrace:(javafx.fxml.FXMLLoader:loadImpl:3104)]
 [Stacktrace:(javafx.fxml.FXMLLoader:load:3097)]
 [Stacktrace:(app.retail.controller.home.HomeController:loadForm:341)]
 [Stacktrace:(app.retail.controller.master.MasterItemController:lambda$setButtonOnTableView$6:308)]
 [Stacktrace:(com.sun.javafx.event.CompositeEventHandler:dispatchBubblingEvent:86)]
 [Stacktrace:(com.sun.javafx.event.EventHandlerManager:dispatchBubblingEvent:238)]
 [Stacktrace:(com.sun.javafx.event.EventHandlerManager:dispatchBubblingEvent:191)]
 [Stacktrace:(com.sun.javafx.event.CompositeEventDispatcher:dispatchBubblingEvent:59)]
 [Stacktrace:(com.sun.javafx.event.BasicEventDispatcher:dispatchEvent:58)]
 [Stacktrace:(com.sun.javafx.event.EventDispatchChainImpl:dispatchEvent:114)]
 [Stacktrace:(com.sun.javafx.event.BasicEventDispatcher:dispatchEvent:56)]
 [Stacktrace:(com.sun.javafx.event.EventDispatchChainImpl:dispatchEvent:114)]
 [Stacktrace:(com.sun.javafx.event.BasicEventDispatcher:dispatchEvent:56)]
 [Stacktrace:(com.sun.javafx.event.EventDispatchChainImpl:dispatchEvent:114)]
 [Stacktrace:(com.sun.javafx.event.BasicEventDispatcher:dispatchEvent:56)]
 [Stacktrace:(com.sun.javafx.event.EventDispatchChainImpl:dispatchEvent:114)]
 [Stacktrace:(com.sun.javafx.event.BasicEventDispatcher:dispatchEvent:56)]
 [Stacktrace:(com.sun.javafx.event.EventDispatchChainImpl:dispatchEvent:114)]
 [Stacktrace:(com.sun.javafx.event.BasicEventDispatcher:dispatchEvent:56)]
 [Stacktrace:(com.sun.javafx.event.EventDispatchChainImpl:dispatchEvent:114)]
 [Stacktrace:(com.sun.javafx.event.BasicEventDispatcher:dispatchEvent:56)]
 [Stacktrace:(com.sun.javafx.event.EventDispatchChainImpl:dispatchEvent:114)]
 [Stacktrace:(com.sun.javafx.event.BasicEventDispatcher:dispatchEvent:56)]
 [Stacktrace:(com.sun.javafx.event.EventDispatchChainImpl:dispatchEvent:114)]
 [Stacktrace:(com.sun.javafx.event.BasicEventDispatcher:dispatchEvent:56)]
 [Stacktrace:(com.sun.javafx.event.EventDispatchChainImpl:dispatchEvent:114)]
 [Stacktrace:(com.sun.javafx.event.EventUtil:fireEventImpl:74)]
 [Stacktrace:(com.sun.javafx.event.EventUtil:fireEvent:49)]
 [Stacktrace:(javafx.event.Event:fireEvent:198)]
 [Stacktrace:(javafx.scene.Node:fireEvent:8411)]
 [Stacktrace:(javafx.scene.control.Button:fire:185)]
 [Stacktrace:(com.sun.javafx.scene.control.behavior.ButtonBehavior:mouseReleased:182)]
 [Stacktrace:(com.sun.javafx.scene.control.skin.BehaviorSkinBase$1:handle:96)]
 [Stacktrace:(com.sun.javafx.scene.control.skin.BehaviorSkinBase$1:handle:89)]
 [Stacktrace:(com.sun.javafx.event.CompositeEventHandler$NormalEventHandlerRecord:handleBubblingEvent:218)]
 [Stacktrace:(com.sun.javafx.event.CompositeEventHandler:dispatchBubblingEvent:80)]
 [Stacktrace:(com.sun.javafx.event.EventHandlerManager:dispatchBubblingEvent:238)]
 [Stacktrace:(com.sun.javafx.event.EventHandlerManager:dispatchBubblingEvent:191)]
 [Stacktrace:(com.sun.javafx.event.CompositeEventDispatcher:dispatchBubblingEvent:59)]
 [Stacktrace:(com.sun.javafx.event.BasicEventDispatcher:dispatchEvent:58)]
 [Stacktrace:(com.sun.javafx.event.EventDispatchChainImpl:dispatchEvent:114)]
 [Stacktrace:(com.sun.javafx.event.BasicEventDispatcher:dispatchEvent:56)]
 [Stacktrace:(com.sun.javafx.event.EventDispatchChainImpl:dispatchEvent:114)]
 [Stacktrace:(com.sun.javafx.event.BasicEventDispatcher:dispatchEvent:56)]
 [Stacktrace:(com.sun.javafx.event.EventDispatchChainImpl:dispatchEvent:114)]
 [Stacktrace:(com.sun.javafx.event.BasicEventDispatcher:dispatchEvent:56)]
 [Stacktrace:(com.sun.javafx.event.EventDispatchChainImpl:dispatchEvent:114)]
 [Stacktrace:(com.sun.javafx.event.BasicEventDispatcher:dispatchEvent:56)]
 [Stacktrace:(com.sun.javafx.event.EventDispatchChainImpl:dispatchEvent:114)]
 [Stacktrace:(com.sun.javafx.event.BasicEventDispatcher:dispatchEvent:56)]
 [Stacktrace:(com.sun.javafx.event.EventDispatchChainImpl:dispatchEvent:114)]
 [Stacktrace:(com.sun.javafx.event.BasicEventDispatcher:dispatchEvent:56)]
 [Stacktrace:(com.sun.javafx.event.EventDispatchChainImpl:dispatchEvent:114)]
 [Stacktrace:(com.sun.javafx.event.BasicEventDispatcher:dispatchEvent:56)]
 [Stacktrace:(com.sun.javafx.event.EventDispatchChainImpl:dispatchEvent:114)]
 [Stacktrace:(com.sun.javafx.event.BasicEventDispatcher:dispatchEvent:56)]
 [Stacktrace:(com.sun.javafx.event.EventDispatchChainImpl:dispatchEvent:114)]
 [Stacktrace:(com.sun.javafx.event.EventUtil:fireEventImpl:74)]
 [Stacktrace:(com.sun.javafx.event.EventUtil:fireEvent:54)]
 [Stacktrace:(javafx.event.Event:fireEvent:198)]
 [Stacktrace:(javafx.scene.Scene$MouseHandler:process:3757)]
 [Stacktrace:(javafx.scene.Scene$MouseHandler:access$1500:3485)]
 [Stacktrace:(javafx.scene.Scene:impl_processMouseEvent:1762)]
 [Stacktrace:(javafx.scene.Scene$ScenePeerListener:mouseEvent:2494)]
 [Stacktrace:(com.sun.javafx.tk.quantum.GlassViewEventHandler$MouseEventNotification:run:397)]
 [Stacktrace:(com.sun.javafx.tk.quantum.GlassViewEventHandler$MouseEventNotification:run:295)]
 [Stacktrace:(java.security.AccessController:doPrivileged:-2)]
 [Stacktrace:(com.sun.javafx.tk.quantum.GlassViewEventHandler:lambda$handleMouseEvent$2:434)]
 [Stacktrace:(com.sun.javafx.tk.quantum.QuantumToolkit:runWithoutRenderLock:410)]
 [Stacktrace:(com.sun.javafx.tk.quantum.GlassViewEventHandler:handleMouseEvent:433)]
 [Stacktrace:(com.sun.glass.ui.View:handleMouseEvent:555)]
 [Stacktrace:(com.sun.glass.ui.View:notifyMouse:941)]
 [Stacktrace:(com.sun.glass.ui.win.WinApplication:_runLoop:-2)]
 [Stacktrace:(com.sun.glass.ui.win.WinApplication:lambda$null$4:185)]
 [Stacktrace:(java.lang.Thread:run:748)]

[24-10-2021 21:45:21.815]: ERROR: 
file:/D:/EaZy/App-Retail/dist/run1574513861/App-Retail.jar!/app/retail/fxml/inventory/MasterSupplier.fxml

[Exception: 
file:/D:/EaZy/App-Retail/dist/run1574513861/App-Retail.jar!/app/retail/fxml/inventory/MasterSupplier.fxml
]
 [Stacktrace:(javafx.fxml.FXMLLoader:constructLoadException:2601)]
 [Stacktrace:(javafx.fxml.FXMLLoader:loadImpl:2579)]
 [Stacktrace:(javafx.fxml.FXMLLoader:loadImpl:2441)]
 [Stacktrace:(javafx.fxml.FXMLLoader:loadImpl:3214)]
 [Stacktrace:(javafx.fxml.FXMLLoader:loadImpl:3175)]
 [Stacktrace:(javafx.fxml.FXMLLoader:loadImpl:3148)]
 [Stacktrace:(javafx.fxml.FXMLLoader:loadImpl:3124)]
 [Stacktrace:(javafx.fxml.FXMLLoader:loadImpl:3104)]
 [Stacktrace:(javafx.fxml.FXMLLoader:load:3097)]
 [Stacktrace:(app.retail.controller.master.MasterItemController:loadForm:272)]
 [Stacktrace:(app.retail.controller.master.MasterItemController$1:handle:211)]
 [Stacktrace:(app.retail.controller.master.MasterItemController$1:handle:207)]
 [Stacktrace:(com.sun.javafx.event.CompositeEventHandler:dispatchBubblingEvent:86)]
 [Stacktrace:(com.sun.javafx.event.EventHandlerManager:dispatchBubblingEvent:238)]
 [Stacktrace:(com.sun.javafx.event.EventHandlerManager:dispatchBubblingEvent:191)]
 [Stacktrace:(com.sun.javafx.event.CompositeEventDispatcher:dispatchBubblingEvent:59)]
 [Stacktrace:(com.sun.javafx.event.BasicEventDispatcher:dispatchEvent:58)]
 [Stacktrace:(com.sun.javafx.event.EventDispatchChainImpl:dispatchEvent:114)]
 [Stacktrace:(com.sun.javafx.event.BasicEventDispatcher:dispatchEvent:56)]
 [Stacktrace:(com.sun.javafx.event.EventDispatchChainImpl:dispatchEvent:114)]
 [Stacktrace:(com.sun.javafx.event.BasicEventDispatcher:dispatchEvent:56)]
 [Stacktrace:(com.sun.javafx.event.EventDispatchChainImpl:dispatchEvent:114)]
 [Stacktrace:(com.sun.javafx.event.BasicEventDispatcher:dispatchEvent:56)]
 [Stacktrace:(com.sun.javafx.event.EventDispatchChainImpl:dispatchEvent:114)]
 [Stacktrace:(com.sun.javafx.event.BasicEventDispatcher:dispatchEvent:56)]
 [Stacktrace:(com.sun.javafx.event.EventDispatchChainImpl:dispatchEvent:114)]
 [Stacktrace:(com.sun.javafx.event.EventUtil:fireEventImpl:74)]
 [Stacktrace:(com.sun.javafx.event.EventUtil:fireEvent:49)]
 [Stacktrace:(javafx.event.Event:fireEvent:198)]
 [Stacktrace:(javafx.scene.Node:fireEvent:8411)]
 [Stacktrace:(javafx.scene.control.Button:fire:185)]
 [Stacktrace:(com.sun.javafx.scene.control.behavior.ButtonBehavior:mouseReleased:182)]
 [Stacktrace:(com.sun.javafx.scene.control.skin.BehaviorSkinBase$1:handle:96)]
 [Stacktrace:(com.sun.javafx.scene.control.skin.BehaviorSkinBase$1:handle:89)]
 [Stacktrace:(com.sun.javafx.event.CompositeEventHandler$NormalEventHandlerRecord:handleBubblingEvent:218)]
 [Stacktrace:(com.sun.javafx.event.CompositeEventHandler:dispatchBubblingEvent:80)]
 [Stacktrace:(com.sun.javafx.event.EventHandlerManager:dispatchBubblingEvent:238)]
 [Stacktrace:(com.sun.javafx.event.EventHandlerManager:dispatchBubblingEvent:191)]
 [Stacktrace:(com.sun.javafx.event.CompositeEventDispatcher:dispatchBubblingEvent:59)]
 [Stacktrace:(com.sun.javafx.event.BasicEventDispatcher:dispatchEvent:58)]
 [Stacktrace:(com.sun.javafx.event.EventDispatchChainImpl:dispatchEvent:114)]
 [Stacktrace:(com.sun.javafx.event.BasicEventDispatcher:dispatchEvent:56)]
 [Stacktrace:(com.sun.javafx.event.EventDispatchChainImpl:dispatchEvent:114)]
 [Stacktrace:(com.sun.javafx.event.BasicEventDispatcher:dispatchEvent:56)]
 [Stacktrace:(com.sun.javafx.event.EventDispatchChainImpl:dispatchEvent:114)]
 [Stacktrace:(com.sun.javafx.event.BasicEventDispatcher:dispatchEvent:56)]
 [Stacktrace:(com.sun.javafx.event.EventDispatchChainImpl:dispatchEvent:114)]
 [Stacktrace:(com.sun.javafx.event.BasicEventDispatcher:dispatchEvent:56)]
 [Stacktrace:(com.sun.javafx.event.EventDispatchChainImpl:dispatchEvent:114)]
 [Stacktrace:(com.sun.javafx.event.EventUtil:fireEventImpl:74)]
 [Stacktrace:(com.sun.javafx.event.EventUtil:fireEvent:54)]
 [Stacktrace:(javafx.event.Event:fireEvent:198)]
 [Stacktrace:(javafx.scene.Scene$MouseHandler:process:3757)]
 [Stacktrace:(javafx.scene.Scene$MouseHandler:access$1500:3485)]
 [Stacktrace:(javafx.scene.Scene:impl_processMouseEvent:1762)]
 [Stacktrace:(javafx.scene.Scene$ScenePeerListener:mouseEvent:2494)]
 [Stacktrace:(com.sun.javafx.tk.quantum.GlassViewEventHandler$MouseEventNotification:run:397)]
 [Stacktrace:(com.sun.javafx.tk.quantum.GlassViewEventHandler$MouseEventNotification:run:295)]
 [Stacktrace:(java.security.AccessController:doPrivileged:-2)]
 [Stacktrace:(com.sun.javafx.tk.quantum.GlassViewEventHandler:lambda$handleMouseEvent$2:434)]
 [Stacktrace:(com.sun.javafx.tk.quantum.QuantumToolkit:runWithoutRenderLock:410)]
 [Stacktrace:(com.sun.javafx.tk.quantum.GlassViewEventHandler:handleMouseEvent:433)]
 [Stacktrace:(com.sun.glass.ui.View:handleMouseEvent:555)]
 [Stacktrace:(com.sun.glass.ui.View:notifyMouse:941)]
 [Stacktrace:(com.sun.glass.ui.win.WinApplication:_runLoop:-2)]
 [Stacktrace:(com.sun.glass.ui.win.WinApplication:lambda$null$4:185)]
 [Stacktrace:(java.lang.Thread:run:748)]

[27-10-2021 15:56:09.210]: ERROR: Can't update table 'purchase_detail' in stored function/trigger because it is already used by statement which invoked this stored function/trigger.
[Exception: Can't update table 'purchase_detail' in stored function/trigger because it is already used by statement which invoked this stored function/trigger.]
 [Stacktrace:(com.mysql.jdbc.SQLError:createSQLException:1074)]
 [Stacktrace:(com.mysql.jdbc.MysqlIO:checkErrorPacket:4120)]
 [Stacktrace:(com.mysql.jdbc.MysqlIO:checkErrorPacket:4052)]
 [Stacktrace:(com.mysql.jdbc.MysqlIO:sendCommand:2503)]
 [Stacktrace:(com.mysql.jdbc.MysqlIO:sqlQueryDirect:2664)]
 [Stacktrace:(com.mysql.jdbc.ConnectionImpl:execSQL:2788)]
 [Stacktrace:(com.mysql.jdbc.StatementImpl:executeUpdate:1816)]
 [Stacktrace:(com.mysql.jdbc.StatementImpl:executeUpdate:1730)]
 [Stacktrace:(co.id.eazy.query.service.QueryService:executeQueryUpdate:84)]
 [Stacktrace:(co.id.eazy.query.service.QueryService:sendQueryUpdate:95)]
 [Stacktrace:(app.retail.controller.general.General:updateToDatabase:244)]
 [Stacktrace:(app.retail.controller.purchase.FormTerimaPOController:simpandetail:178)]
 [Stacktrace:(app.retail.controller.purchase.FormTerimaPOController:simpan:163)]
 [Stacktrace:(app.retail.controller.purchase.FormTerimaPOController:lambda$setButtonListener$4:441)]
 [Stacktrace:(com.sun.javafx.event.CompositeEventHandler:dispatchBubblingEvent:86)]
 [Stacktrace:(com.sun.javafx.event.EventHandlerManager:dispatchBubblingEvent:238)]
 [Stacktrace:(com.sun.javafx.event.EventHandlerManager:dispatchBubblingEvent:191)]
 [Stacktrace:(com.sun.javafx.event.CompositeEventDispatcher:dispatchBubblingEvent:59)]
 [Stacktrace:(com.sun.javafx.event.BasicEventDispatcher:dispatchEvent:58)]
 [Stacktrace:(com.sun.javafx.event.EventDispatchChainImpl:dispatchEvent:114)]
 [Stacktrace:(com.sun.javafx.event.BasicEventDispatcher:dispatchEvent:56)]
 [Stacktrace:(com.sun.javafx.event.EventDispatchChainImpl:dispatchEvent:114)]
 [Stacktrace:(com.sun.javafx.event.BasicEventDispatcher:dispatchEvent:56)]
 [Stacktrace:(com.sun.javafx.event.EventDispatchChainImpl:dispatchEvent:114)]
 [Stacktrace:(com.sun.javafx.event.BasicEventDispatcher:dispatchEvent:56)]
 [Stacktrace:(com.sun.javafx.event.EventDispatchChainImpl:dispatchEvent:114)]
 [Stacktrace:(com.sun.javafx.event.BasicEventDispatcher:dispatchEvent:56)]
 [Stacktrace:(com.sun.javafx.event.EventDispatchChainImpl:dispatchEvent:114)]
 [Stacktrace:(com.sun.javafx.event.EventUtil:fireEventImpl:74)]
 [Stacktrace:(com.sun.javafx.event.EventUtil:fireEvent:49)]
 [Stacktrace:(javafx.event.Event:fireEvent:198)]
 [Stacktrace:(javafx.scene.Node:fireEvent:8411)]
 [Stacktrace:(javafx.scene.control.Button:fire:185)]
 [Stacktrace:(com.sun.javafx.scene.control.behavior.ButtonBehavior:mouseReleased:182)]
 [Stacktrace:(com.sun.javafx.scene.control.skin.BehaviorSkinBase$1:handle:96)]
 [Stacktrace:(com.sun.javafx.scene.control.skin.BehaviorSkinBase$1:handle:89)]
 [Stacktrace:(com.sun.javafx.event.CompositeEventHandler$NormalEventHandlerRecord:handleBubblingEvent:218)]
 [Stacktrace:(com.sun.javafx.event.CompositeEventHandler:dispatchBubblingEvent:80)]
 [Stacktrace:(com.sun.javafx.event.EventHandlerManager:dispatchBubblingEvent:238)]
 [Stacktrace:(com.sun.javafx.event.EventHandlerManager:dispatchBubblingEvent:191)]
 [Stacktrace:(com.sun.javafx.event.CompositeEventDispatcher:dispatchBubblingEvent:59)]
 [Stacktrace:(com.sun.javafx.event.BasicEventDispatcher:dispatchEvent:58)]
 [Stacktrace:(com.sun.javafx.event.EventDispatchChainImpl:dispatchEvent:114)]
 [Stacktrace:(com.sun.javafx.event.BasicEventDispatcher:dispatchEvent:56)]
 [Stacktrace:(com.sun.javafx.event.EventDispatchChainImpl:dispatchEvent:114)]
 [Stacktrace:(com.sun.javafx.event.BasicEventDispatcher:dispatchEvent:56)]
 [Stacktrace:(com.sun.javafx.event.EventDispatchChainImpl:dispatchEvent:114)]
 [Stacktrace:(com.sun.javafx.event.BasicEventDispatcher:dispatchEvent:56)]
 [Stacktrace:(com.sun.javafx.event.EventDispatchChainImpl:dispatchEvent:114)]
 [Stacktrace:(com.sun.javafx.event.BasicEventDispatcher:dispatchEvent:56)]
 [Stacktrace:(com.sun.javafx.event.EventDispatchChainImpl:dispatchEvent:114)]
 [Stacktrace:(com.sun.javafx.event.EventUtil:fireEventImpl:74)]
 [Stacktrace:(com.sun.javafx.event.EventUtil:fireEvent:54)]
 [Stacktrace:(javafx.event.Event:fireEvent:198)]
 [Stacktrace:(javafx.scene.Scene$MouseHandler:process:3757)]
 [Stacktrace:(javafx.scene.Scene$MouseHandler:access$1500:3485)]
 [Stacktrace:(javafx.scene.Scene:impl_processMouseEvent:1762)]
 [Stacktrace:(javafx.scene.Scene$ScenePeerListener:mouseEvent:2494)]
 [Stacktrace:(com.sun.javafx.tk.quantum.GlassViewEventHandler$MouseEventNotification:run:397)]
 [Stacktrace:(com.sun.javafx.tk.quantum.GlassViewEventHandler$MouseEventNotification:run:295)]
 [Stacktrace:(java.security.AccessController:doPrivileged:-2)]
 [Stacktrace:(com.sun.javafx.tk.quantum.GlassViewEventHandler:lambda$handleMouseEvent$2:434)]
 [Stacktrace:(com.sun.javafx.tk.quantum.QuantumToolkit:runWithoutRenderLock:410)]
 [Stacktrace:(com.sun.javafx.tk.quantum.GlassViewEventHandler:handleMouseEvent:433)]
 [Stacktrace:(com.sun.glass.ui.View:handleMouseEvent:555)]
 [Stacktrace:(com.sun.glass.ui.View:notifyMouse:941)]
 [Stacktrace:(com.sun.glass.ui.win.WinApplication:_runLoop:-2)]
 [Stacktrace:(com.sun.glass.ui.win.WinApplication:lambda$null$4:185)]
 [Stacktrace:(java.lang.Thread:run:748)]

[27-10-2021 20:45:55.240]: ERROR: 
file:/D:/EaZy/App-Retail/dist/run1509490419/App-Retail.jar!/app/retail/fxml/stock/DataStock.fxml

[Exception: 
file:/D:/EaZy/App-Retail/dist/run1509490419/App-Retail.jar!/app/retail/fxml/stock/DataStock.fxml
]
 [Stacktrace:(javafx.fxml.FXMLLoader:constructLoadException:2601)]
 [Stacktrace:(javafx.fxml.FXMLLoader:loadImpl:2579)]
 [Stacktrace:(javafx.fxml.FXMLLoader:loadImpl:2441)]
 [Stacktrace:(javafx.fxml.FXMLLoader:loadImpl:3214)]
 [Stacktrace:(javafx.fxml.FXMLLoader:loadImpl:3175)]
 [Stacktrace:(javafx.fxml.FXMLLoader:loadImpl:3148)]
 [Stacktrace:(javafx.fxml.FXMLLoader:loadImpl:3124)]
 [Stacktrace:(javafx.fxml.FXMLLoader:loadImpl:3104)]
 [Stacktrace:(javafx.fxml.FXMLLoader:load:3097)]
 [Stacktrace:(app.retail.controller.stock.StockController:loadForm:129)]
 [Stacktrace:(app.retail.controller.stock.StockController:initialize:57)]
 [Stacktrace:(javafx.fxml.FXMLLoader:loadImpl:2548)]
 [Stacktrace:(javafx.fxml.FXMLLoader:loadImpl:2441)]
 [Stacktrace:(javafx.fxml.FXMLLoader:loadImpl:3214)]
 [Stacktrace:(javafx.fxml.FXMLLoader:loadImpl:3175)]
 [Stacktrace:(javafx.fxml.FXMLLoader:loadImpl:3148)]
 [Stacktrace:(javafx.fxml.FXMLLoader:loadImpl:3124)]
 [Stacktrace:(javafx.fxml.FXMLLoader:loadImpl:3104)]
 [Stacktrace:(javafx.fxml.FXMLLoader:load:3097)]
 [Stacktrace:(app.retail.controller.home.HomeController:loadForm:341)]
 [Stacktrace:(app.retail.controller.home.HomeController:performLoadStock:320)]
 [Stacktrace:(app.retail.controller.home.HomeController:lambda$setButtonListener$4:228)]
 [Stacktrace:(com.sun.javafx.event.CompositeEventHandler:dispatchBubblingEvent:86)]
 [Stacktrace:(com.sun.javafx.event.EventHandlerManager:dispatchBubblingEvent:238)]
 [Stacktrace:(com.sun.javafx.event.EventHandlerManager:dispatchBubblingEvent:191)]
 [Stacktrace:(com.sun.javafx.event.CompositeEventDispatcher:dispatchBubblingEvent:59)]
 [Stacktrace:(com.sun.javafx.event.BasicEventDispatcher:dispatchEvent:58)]
 [Stacktrace:(com.sun.javafx.event.EventDispatchChainImpl:dispatchEvent:114)]
 [Stacktrace:(com.sun.javafx.event.BasicEventDispatcher:dispatchEvent:56)]
 [Stacktrace:(com.sun.javafx.event.EventDispatchChainImpl:dispatchEvent:114)]
 [Stacktrace:(com.sun.javafx.event.BasicEventDispatcher:dispatchEvent:56)]
 [Stacktrace:(com.sun.javafx.event.EventDispatchChainImpl:dispatchEvent:114)]
 [Stacktrace:(com.sun.javafx.event.EventUtil:fireEventImpl:74)]
 [Stacktrace:(com.sun.javafx.event.EventUtil:fireEvent:49)]
 [Stacktrace:(javafx.event.Event:fireEvent:198)]
 [Stacktrace:(javafx.scene.Node:fireEvent:8411)]
 [Stacktrace:(javafx.scene.control.Button:fire:185)]
 [Stacktrace:(com.sun.javafx.scene.control.behavior.ButtonBehavior:mouseReleased:182)]
 [Stacktrace:(com.sun.javafx.scene.control.skin.BehaviorSkinBase$1:handle:96)]
 [Stacktrace:(com.sun.javafx.scene.control.skin.BehaviorSkinBase$1:handle:89)]
 [Stacktrace:(com.sun.javafx.event.CompositeEventHandler$NormalEventHandlerRecord:handleBubblingEvent:218)]
 [Stacktrace:(com.sun.javafx.event.CompositeEventHandler:dispatchBubblingEvent:80)]
 [Stacktrace:(com.sun.javafx.event.EventHandlerManager:dispatchBubblingEvent:238)]
 [Stacktrace:(com.sun.javafx.event.EventHandlerManager:dispatchBubblingEvent:191)]
 [Stacktrace:(com.sun.javafx.event.CompositeEventDispatcher:dispatchBubblingEvent:59)]
 [Stacktrace:(com.sun.javafx.event.BasicEventDispatcher:dispatchEvent:58)]
 [Stacktrace:(com.sun.javafx.event.EventDispatchChainImpl:dispatchEvent:114)]
 [Stacktrace:(com.sun.javafx.event.BasicEventDispatcher:dispatchEvent:56)]
 [Stacktrace:(com.sun.javafx.event.EventDispatchChainImpl:dispatchEvent:114)]
 [Stacktrace:(com.sun.javafx.event.BasicEventDispatcher:dispatchEvent:56)]
 [Stacktrace:(com.sun.javafx.event.EventDispatchChainImpl:dispatchEvent:114)]
 [Stacktrace:(com.sun.javafx.event.EventUtil:fireEventImpl:74)]
 [Stacktrace:(com.sun.javafx.event.EventUtil:fireEvent:54)]
 [Stacktrace:(javafx.event.Event:fireEvent:198)]
 [Stacktrace:(javafx.scene.Scene$MouseHandler:process:3757)]
 [Stacktrace:(javafx.scene.Scene$MouseHandler:access$1500:3485)]
 [Stacktrace:(javafx.scene.Scene:impl_processMouseEvent:1762)]
 [Stacktrace:(javafx.scene.Scene$ScenePeerListener:mouseEvent:2494)]
 [Stacktrace:(com.sun.javafx.tk.quantum.GlassViewEventHandler$MouseEventNotification:run:397)]
 [Stacktrace:(com.sun.javafx.tk.quantum.GlassViewEventHandler$MouseEventNotification:run:295)]
 [Stacktrace:(java.security.AccessController:doPrivileged:-2)]
 [Stacktrace:(com.sun.javafx.tk.quantum.GlassViewEventHandler:lambda$handleMouseEvent$2:434)]
 [Stacktrace:(com.sun.javafx.tk.quantum.QuantumToolkit:runWithoutRenderLock:410)]
 [Stacktrace:(com.sun.javafx.tk.quantum.GlassViewEventHandler:handleMouseEvent:433)]
 [Stacktrace:(com.sun.glass.ui.View:handleMouseEvent:555)]
 [Stacktrace:(com.sun.glass.ui.View:notifyMouse:941)]
 [Stacktrace:(com.sun.glass.ui.win.WinApplication:_runLoop:-2)]
 [Stacktrace:(com.sun.glass.ui.win.WinApplication:lambda$null$4:185)]
 [Stacktrace:(java.lang.Thread:run:748)]

[28-10-2021 20:13:00.602]: ERROR: org.xml.sax.SAXParseException; lineNumber: 370; columnNumber: 34; cvc-enumeration-valid: Value 'true' is not facet-valid with respect to enumeration '[CutText, StretchHeight, ScaleFont]'. It must be a value from the enumeration.
[Exception: org.xml.sax.SAXParseException; lineNumber: 370; columnNumber: 34; cvc-enumeration-valid: Value 'true' is not facet-valid with respect to enumeration '[CutText, StretchHeight, ScaleFont]'. It must be a value from the enumeration.]
 [Stacktrace:(net.sf.jasperreports.engine.xml.JRXmlLoader:loadXML:303)]
 [Stacktrace:(net.sf.jasperreports.engine.xml.JRXmlLoader:loadXML:286)]
 [Stacktrace:(net.sf.jasperreports.engine.xml.JRXmlLoader:load:275)]
 [Stacktrace:(net.sf.jasperreports.engine.xml.JRXmlLoader:load:220)]
 [Stacktrace:(net.sf.jasperreports.engine.xml.JRXmlLoader:load:195)]
 [Stacktrace:(net.sf.jasperreports.engine.xml.JRXmlLoader:load:186)]
 [Stacktrace:(app.retail.utility.EZReport:showReport:75)]
 [Stacktrace:(app.retail.controller.general.General:showReport:502)]
 [Stacktrace:(app.retail.controller.stock.DataStockOutController:lambda$setButtonListener$1:165)]
 [Stacktrace:(com.sun.javafx.event.CompositeEventHandler:dispatchBubblingEvent:86)]
 [Stacktrace:(com.sun.javafx.event.EventHandlerManager:dispatchBubblingEvent:238)]
 [Stacktrace:(com.sun.javafx.event.EventHandlerManager:dispatchBubblingEvent:191)]
 [Stacktrace:(com.sun.javafx.event.CompositeEventDispatcher:dispatchBubblingEvent:59)]
 [Stacktrace:(com.sun.javafx.event.BasicEventDispatcher:dispatchEvent:58)]
 [Stacktrace:(com.sun.javafx.event.EventDispatchChainImpl:dispatchEvent:114)]
 [Stacktrace:(com.sun.javafx.event.BasicEventDispatcher:dispatchEvent:56)]
 [Stacktrace:(com.sun.javafx.event.EventDispatchChainImpl:dispatchEvent:114)]
 [Stacktrace:(com.sun.javafx.event.BasicEventDispatcher:dispatchEvent:56)]
 [Stacktrace:(com.sun.javafx.event.EventDispatchChainImpl:dispatchEvent:114)]
 [Stacktrace:(com.sun.javafx.event.BasicEventDispatcher:dispatchEvent:56)]
 [Stacktrace:(com.sun.javafx.event.EventDispatchChainImpl:dispatchEvent:114)]
 [Stacktrace:(com.sun.javafx.event.BasicEventDispatcher:dispatchEvent:56)]
 [Stacktrace:(com.sun.javafx.event.EventDispatchChainImpl:dispatchEvent:114)]
 [Stacktrace:(com.sun.javafx.event.EventUtil:fireEventImpl:74)]
 [Stacktrace:(com.sun.javafx.event.EventUtil:fireEvent:49)]
 [Stacktrace:(javafx.event.Event:fireEvent:198)]
 [Stacktrace:(javafx.scene.Node:fireEvent:8411)]
 [Stacktrace:(javafx.scene.control.Button:fire:185)]
 [Stacktrace:(com.sun.javafx.scene.control.behavior.ButtonBehavior:mouseReleased:182)]
 [Stacktrace:(com.sun.javafx.scene.control.skin.BehaviorSkinBase$1:handle:96)]
 [Stacktrace:(com.sun.javafx.scene.control.skin.BehaviorSkinBase$1:handle:89)]
 [Stacktrace:(com.sun.javafx.event.CompositeEventHandler$NormalEventHandlerRecord:handleBubblingEvent:218)]
 [Stacktrace:(com.sun.javafx.event.CompositeEventHandler:dispatchBubblingEvent:80)]
 [Stacktrace:(com.sun.javafx.event.EventHandlerManager:dispatchBubblingEvent:238)]
 [Stacktrace:(com.sun.javafx.event.EventHandlerManager:dispatchBubblingEvent:191)]
 [Stacktrace:(com.sun.javafx.event.CompositeEventDispatcher:dispatchBubblingEvent:59)]
 [Stacktrace:(com.sun.javafx.event.BasicEventDispatcher:dispatchEvent:58)]
 [Stacktrace:(com.sun.javafx.event.EventDispatchChainImpl:dispatchEvent:114)]
 [Stacktrace:(com.sun.javafx.event.BasicEventDispatcher:dispatchEvent:56)]
 [Stacktrace:(com.sun.javafx.event.EventDispatchChainImpl:dispatchEvent:114)]
 [Stacktrace:(com.sun.javafx.event.BasicEventDispatcher:dispatchEvent:56)]
 [Stacktrace:(com.sun.javafx.event.EventDispatchChainImpl:dispatchEvent:114)]
 [Stacktrace:(com.sun.javafx.event.BasicEventDispatcher:dispatchEvent:56)]
 [Stacktrace:(com.sun.javafx.event.EventDispatchChainImpl:dispatchEvent:114)]
 [Stacktrace:(com.sun.javafx.event.BasicEventDispatcher:dispatchEvent:56)]
 [Stacktrace:(com.sun.javafx.event.EventDispatchChainImpl:dispatchEvent:114)]
 [Stacktrace:(com.sun.javafx.event.EventUtil:fireEventImpl:74)]
 [Stacktrace:(com.sun.javafx.event.EventUtil:fireEvent:54)]
 [Stacktrace:(javafx.event.Event:fireEvent:198)]
 [Stacktrace:(javafx.scene.Scene$MouseHandler:process:3757)]
 [Stacktrace:(javafx.scene.Scene$MouseHandler:access$1500:3485)]
 [Stacktrace:(javafx.scene.Scene:impl_processMouseEvent:1762)]
 [Stacktrace:(javafx.scene.Scene$ScenePeerListener:mouseEvent:2494)]
 [Stacktrace:(com.sun.javafx.tk.quantum.GlassViewEventHandler$MouseEventNotification:run:397)]
 [Stacktrace:(com.sun.javafx.tk.quantum.GlassViewEventHandler$MouseEventNotification:run:295)]
 [Stacktrace:(java.security.AccessController:doPrivileged:-2)]
 [Stacktrace:(com.sun.javafx.tk.quantum.GlassViewEventHandler:lambda$handleMouseEvent$2:434)]
 [Stacktrace:(com.sun.javafx.tk.quantum.QuantumToolkit:runWithoutRenderLock:410)]
 [Stacktrace:(com.sun.javafx.tk.quantum.GlassViewEventHandler:handleMouseEvent:433)]
 [Stacktrace:(com.sun.glass.ui.View:handleMouseEvent:555)]
 [Stacktrace:(com.sun.glass.ui.View:notifyMouse:941)]
 [Stacktrace:(com.sun.glass.ui.win.WinApplication:_runLoop:-2)]
 [Stacktrace:(com.sun.glass.ui.win.WinApplication:lambda$null$4:185)]
 [Stacktrace:(java.lang.Thread:run:748)]

[30-10-2021 09:18:33.168]: ERROR: 
file:/D:/EaZy/App-Retail/dist/run1601403451/App-Retail.jar!/app/retail/fxml/finance/DataHutang.fxml

[Exception: 
file:/D:/EaZy/App-Retail/dist/run1601403451/App-Retail.jar!/app/retail/fxml/finance/DataHutang.fxml
]
 [Stacktrace:(javafx.fxml.FXMLLoader:constructLoadException:2601)]
 [Stacktrace:(javafx.fxml.FXMLLoader:loadImpl:2579)]
 [Stacktrace:(javafx.fxml.FXMLLoader:loadImpl:2441)]
 [Stacktrace:(javafx.fxml.FXMLLoader:loadImpl:3214)]
 [Stacktrace:(javafx.fxml.FXMLLoader:loadImpl:3175)]
 [Stacktrace:(javafx.fxml.FXMLLoader:loadImpl:3148)]
 [Stacktrace:(javafx.fxml.FXMLLoader:loadImpl:3124)]
 [Stacktrace:(javafx.fxml.FXMLLoader:loadImpl:3104)]
 [Stacktrace:(javafx.fxml.FXMLLoader:load:3097)]
 [Stacktrace:(app.retail.controller.finance.FinanceController:loadForm:72)]
 [Stacktrace:(app.retail.controller.finance.FinanceController:initialize:49)]
 [Stacktrace:(javafx.fxml.FXMLLoader:loadImpl:2548)]
 [Stacktrace:(javafx.fxml.FXMLLoader:loadImpl:2441)]
 [Stacktrace:(javafx.fxml.FXMLLoader:loadImpl:3214)]
 [Stacktrace:(javafx.fxml.FXMLLoader:loadImpl:3175)]
 [Stacktrace:(javafx.fxml.FXMLLoader:loadImpl:3148)]
 [Stacktrace:(javafx.fxml.FXMLLoader:loadImpl:3124)]
 [Stacktrace:(javafx.fxml.FXMLLoader:loadImpl:3104)]
 [Stacktrace:(javafx.fxml.FXMLLoader:load:3097)]
 [Stacktrace:(app.retail.controller.home.HomeController:loadForm:341)]
 [Stacktrace:(app.retail.controller.home.HomeController:performLoadFinance:305)]
 [Stacktrace:(app.retail.controller.home.HomeController:lambda$setButtonListener$3:213)]
 [Stacktrace:(com.sun.javafx.event.CompositeEventHandler:dispatchBubblingEvent:86)]
 [Stacktrace:(com.sun.javafx.event.EventHandlerManager:dispatchBubblingEvent:238)]
 [Stacktrace:(com.sun.javafx.event.EventHandlerManager:dispatchBubblingEvent:191)]
 [Stacktrace:(com.sun.javafx.event.CompositeEventDispatcher:dispatchBubblingEvent:59)]
 [Stacktrace:(com.sun.javafx.event.BasicEventDispatcher:dispatchEvent:58)]
 [Stacktrace:(com.sun.javafx.event.EventDispatchChainImpl:dispatchEvent:114)]
 [Stacktrace:(com.sun.javafx.event.BasicEventDispatcher:dispatchEvent:56)]
 [Stacktrace:(com.sun.javafx.event.EventDispatchChainImpl:dispatchEvent:114)]
 [Stacktrace:(com.sun.javafx.event.BasicEventDispatcher:dispatchEvent:56)]
 [Stacktrace:(com.sun.javafx.event.EventDispatchChainImpl:dispatchEvent:114)]
 [Stacktrace:(com.sun.javafx.event.EventUtil:fireEventImpl:74)]
 [Stacktrace:(com.sun.javafx.event.EventUtil:fireEvent:49)]
 [Stacktrace:(javafx.event.Event:fireEvent:198)]
 [Stacktrace:(javafx.scene.Node:fireEvent:8411)]
 [Stacktrace:(javafx.scene.control.Button:fire:185)]
 [Stacktrace:(com.sun.javafx.scene.control.behavior.ButtonBehavior:mouseReleased:182)]
 [Stacktrace:(com.sun.javafx.scene.control.skin.BehaviorSkinBase$1:handle:96)]
 [Stacktrace:(com.sun.javafx.scene.control.skin.BehaviorSkinBase$1:handle:89)]
 [Stacktrace:(com.sun.javafx.event.CompositeEventHandler$NormalEventHandlerRecord:handleBubblingEvent:218)]
 [Stacktrace:(com.sun.javafx.event.CompositeEventHandler:dispatchBubblingEvent:80)]
 [Stacktrace:(com.sun.javafx.event.EventHandlerManager:dispatchBubblingEvent:238)]
 [Stacktrace:(com.sun.javafx.event.EventHandlerManager:dispatchBubblingEvent:191)]
 [Stacktrace:(com.sun.javafx.event.CompositeEventDispatcher:dispatchBubblingEvent:59)]
 [Stacktrace:(com.sun.javafx.event.BasicEventDispatcher:dispatchEvent:58)]
 [Stacktrace:(com.sun.javafx.event.EventDispatchChainImpl:dispatchEvent:114)]
 [Stacktrace:(com.sun.javafx.event.BasicEventDispatcher:dispatchEvent:56)]
 [Stacktrace:(com.sun.javafx.event.EventDispatchChainImpl:dispatchEvent:114)]
 [Stacktrace:(com.sun.javafx.event.BasicEventDispatcher:dispatchEvent:56)]
 [Stacktrace:(com.sun.javafx.event.EventDispatchChainImpl:dispatchEvent:114)]
 [Stacktrace:(com.sun.javafx.event.EventUtil:fireEventImpl:74)]
 [Stacktrace:(com.sun.javafx.event.EventUtil:fireEvent:54)]
 [Stacktrace:(javafx.event.Event:fireEvent:198)]
 [Stacktrace:(javafx.scene.Scene$MouseHandler:process:3757)]
 [Stacktrace:(javafx.scene.Scene$MouseHandler:access$1500:3485)]
 [Stacktrace:(javafx.scene.Scene:impl_processMouseEvent:1762)]
 [Stacktrace:(javafx.scene.Scene$ScenePeerListener:mouseEvent:2494)]
 [Stacktrace:(com.sun.javafx.tk.quantum.GlassViewEventHandler$MouseEventNotification:run:397)]
 [Stacktrace:(com.sun.javafx.tk.quantum.GlassViewEventHandler$MouseEventNotification:run:295)]
 [Stacktrace:(java.security.AccessController:doPrivileged:-2)]
 [Stacktrace:(com.sun.javafx.tk.quantum.GlassViewEventHandler:lambda$handleMouseEvent$2:434)]
 [Stacktrace:(com.sun.javafx.tk.quantum.QuantumToolkit:runWithoutRenderLock:410)]
 [Stacktrace:(com.sun.javafx.tk.quantum.GlassViewEventHandler:handleMouseEvent:433)]
 [Stacktrace:(com.sun.glass.ui.View:handleMouseEvent:555)]
 [Stacktrace:(com.sun.glass.ui.View:notifyMouse:941)]
 [Stacktrace:(com.sun.glass.ui.win.WinApplication:_runLoop:-2)]
 [Stacktrace:(com.sun.glass.ui.win.WinApplication:lambda$null$4:185)]
 [Stacktrace:(java.lang.Thread:run:748)]

[30-10-2021 09:20:06.883]: ERROR: 
file:/D:/EaZy/App-Retail/dist/run1040901747/App-Retail.jar!/app/retail/fxml/finance/DataHutang.fxml

[Exception: 
file:/D:/EaZy/App-Retail/dist/run1040901747/App-Retail.jar!/app/retail/fxml/finance/DataHutang.fxml
]
 [Stacktrace:(javafx.fxml.FXMLLoader:constructLoadException:2601)]
 [Stacktrace:(javafx.fxml.FXMLLoader:loadImpl:2579)]
 [Stacktrace:(javafx.fxml.FXMLLoader:loadImpl:2441)]
 [Stacktrace:(javafx.fxml.FXMLLoader:loadImpl:3214)]
 [Stacktrace:(javafx.fxml.FXMLLoader:loadImpl:3175)]
 [Stacktrace:(javafx.fxml.FXMLLoader:loadImpl:3148)]
 [Stacktrace:(javafx.fxml.FXMLLoader:loadImpl:3124)]
 [Stacktrace:(javafx.fxml.FXMLLoader:loadImpl:3104)]
 [Stacktrace:(javafx.fxml.FXMLLoader:load:3097)]
 [Stacktrace:(app.retail.controller.finance.FinanceController:loadForm:72)]
 [Stacktrace:(app.retail.controller.finance.FinanceController:initialize:49)]
 [Stacktrace:(javafx.fxml.FXMLLoader:loadImpl:2548)]
 [Stacktrace:(javafx.fxml.FXMLLoader:loadImpl:2441)]
 [Stacktrace:(javafx.fxml.FXMLLoader:loadImpl:3214)]
 [Stacktrace:(javafx.fxml.FXMLLoader:loadImpl:3175)]
 [Stacktrace:(javafx.fxml.FXMLLoader:loadImpl:3148)]
 [Stacktrace:(javafx.fxml.FXMLLoader:loadImpl:3124)]
 [Stacktrace:(javafx.fxml.FXMLLoader:loadImpl:3104)]
 [Stacktrace:(javafx.fxml.FXMLLoader:load:3097)]
 [Stacktrace:(app.retail.controller.home.HomeController:loadForm:341)]
 [Stacktrace:(app.retail.controller.home.HomeController:performLoadFinance:305)]
 [Stacktrace:(app.retail.controller.home.HomeController:lambda$setButtonListener$3:213)]
 [Stacktrace:(com.sun.javafx.event.CompositeEventHandler:dispatchBubblingEvent:86)]
 [Stacktrace:(com.sun.javafx.event.EventHandlerManager:dispatchBubblingEvent:238)]
 [Stacktrace:(com.sun.javafx.event.EventHandlerManager:dispatchBubblingEvent:191)]
 [Stacktrace:(com.sun.javafx.event.CompositeEventDispatcher:dispatchBubblingEvent:59)]
 [Stacktrace:(com.sun.javafx.event.BasicEventDispatcher:dispatchEvent:58)]
 [Stacktrace:(com.sun.javafx.event.EventDispatchChainImpl:dispatchEvent:114)]
 [Stacktrace:(com.sun.javafx.event.BasicEventDispatcher:dispatchEvent:56)]
 [Stacktrace:(com.sun.javafx.event.EventDispatchChainImpl:dispatchEvent:114)]
 [Stacktrace:(com.sun.javafx.event.BasicEventDispatcher:dispatchEvent:56)]
 [Stacktrace:(com.sun.javafx.event.EventDispatchChainImpl:dispatchEvent:114)]
 [Stacktrace:(com.sun.javafx.event.EventUtil:fireEventImpl:74)]
 [Stacktrace:(com.sun.javafx.event.EventUtil:fireEvent:49)]
 [Stacktrace:(javafx.event.Event:fireEvent:198)]
 [Stacktrace:(javafx.scene.Node:fireEvent:8411)]
 [Stacktrace:(javafx.scene.control.Button:fire:185)]
 [Stacktrace:(com.sun.javafx.scene.control.behavior.ButtonBehavior:mouseReleased:182)]
 [Stacktrace:(com.sun.javafx.scene.control.skin.BehaviorSkinBase$1:handle:96)]
 [Stacktrace:(com.sun.javafx.scene.control.skin.BehaviorSkinBase$1:handle:89)]
 [Stacktrace:(com.sun.javafx.event.CompositeEventHandler$NormalEventHandlerRecord:handleBubblingEvent:218)]
 [Stacktrace:(com.sun.javafx.event.CompositeEventHandler:dispatchBubblingEvent:80)]
 [Stacktrace:(com.sun.javafx.event.EventHandlerManager:dispatchBubblingEvent:238)]
 [Stacktrace:(com.sun.javafx.event.EventHandlerManager:dispatchBubblingEvent:191)]
 [Stacktrace:(com.sun.javafx.event.CompositeEventDispatcher:dispatchBubblingEvent:59)]
 [Stacktrace:(com.sun.javafx.event.BasicEventDispatcher:dispatchEvent:58)]
 [Stacktrace:(com.sun.javafx.event.EventDispatchChainImpl:dispatchEvent:114)]
 [Stacktrace:(com.sun.javafx.event.BasicEventDispatcher:dispatchEvent:56)]
 [Stacktrace:(com.sun.javafx.event.EventDispatchChainImpl:dispatchEvent:114)]
 [Stacktrace:(com.sun.javafx.event.BasicEventDispatcher:dispatchEvent:56)]
 [Stacktrace:(com.sun.javafx.event.EventDispatchChainImpl:dispatchEvent:114)]
 [Stacktrace:(com.sun.javafx.event.EventUtil:fireEventImpl:74)]
 [Stacktrace:(com.sun.javafx.event.EventUtil:fireEvent:54)]
 [Stacktrace:(javafx.event.Event:fireEvent:198)]
 [Stacktrace:(javafx.scene.Scene$MouseHandler:process:3757)]
 [Stacktrace:(javafx.scene.Scene$MouseHandler:access$1500:3485)]
 [Stacktrace:(javafx.scene.Scene:impl_processMouseEvent:1762)]
 [Stacktrace:(javafx.scene.Scene$ScenePeerListener:mouseEvent:2494)]
 [Stacktrace:(com.sun.javafx.tk.quantum.GlassViewEventHandler$MouseEventNotification:run:397)]
 [Stacktrace:(com.sun.javafx.tk.quantum.GlassViewEventHandler$MouseEventNotification:run:295)]
 [Stacktrace:(java.security.AccessController:doPrivileged:-2)]
 [Stacktrace:(com.sun.javafx.tk.quantum.GlassViewEventHandler:lambda$handleMouseEvent$2:434)]
 [Stacktrace:(com.sun.javafx.tk.quantum.QuantumToolkit:runWithoutRenderLock:410)]
 [Stacktrace:(com.sun.javafx.tk.quantum.GlassViewEventHandler:handleMouseEvent:433)]
 [Stacktrace:(com.sun.glass.ui.View:handleMouseEvent:555)]
 [Stacktrace:(com.sun.glass.ui.View:notifyMouse:941)]
 [Stacktrace:(com.sun.glass.ui.win.WinApplication:_runLoop:-2)]
 [Stacktrace:(com.sun.glass.ui.win.WinApplication:lambda$null$4:185)]
 [Stacktrace:(java.lang.Thread:run:748)]

