[28-02-2021 21:12:13.064]: ERROR: 
file:/D:/EaZy/App-Retail/dist/run646721489/App-Retail.jar!/app/retail/fxml/finance/CashTransaction.fxml

[Exception: 
file:/D:/EaZy/App-Retail/dist/run646721489/App-Retail.jar!/app/retail/fxml/finance/CashTransaction.fxml
]
 [Stacktrace:(javafx.fxml.FXMLLoader:constructLoadException:2601)]
 [Stacktrace:(javafx.fxml.FXMLLoader:loadImpl:2579)]
 [Stacktrace:(javafx.fxml.FXMLLoader:loadImpl:2441)]
 [Stacktrace:(javafx.fxml.FXMLLoader:loadImpl:3214)]
 [Stacktrace:(javafx.fxml.FXMLLoader:loadImpl:3175)]
 [Stacktrace:(javafx.fxml.FXMLLoader:loadImpl:3148)]
 [Stacktrace:(javafx.fxml.FXMLLoader:loadImpl:3124)]
 [Stacktrace:(javafx.fxml.FXMLLoader:loadImpl:3104)]
 [Stacktrace:(javafx.fxml.FXMLLoader:load:3097)]
 [Stacktrace:(app.retail.controller.finance.FinanceController:loadForm:67)]
 [Stacktrace:(app.retail.controller.finance.FinanceController:lambda$setButtonListener$2:98)]
 [Stacktrace:(com.sun.javafx.event.CompositeEventHandler:dispatchBubblingEvent:86)]
 [Stacktrace:(com.sun.javafx.event.EventHandlerManager:dispatchBubblingEvent:238)]
 [Stacktrace:(com.sun.javafx.event.EventHandlerManager:dispatchBubblingEvent:191)]
 [Stacktrace:(com.sun.javafx.event.CompositeEventDispatcher:dispatchBubblingEvent:59)]
 [Stacktrace:(com.sun.javafx.event.BasicEventDispatcher:dispatchEvent:58)]
 [Stacktrace:(com.sun.javafx.event.EventDispatchChainImpl:dispatchEvent:114)]
 [Stacktrace:(com.sun.javafx.event.BasicEventDispatcher:dispatchEvent:56)]
 [Stacktrace:(com.sun.javafx.event.EventDispatchChainImpl:dispatchEvent:114)]
 [Stacktrace:(com.sun.javafx.event.BasicEventDispatcher:dispatchEvent:56)]
 [Stacktrace:(com.sun.javafx.event.EventDispatchChainImpl:dispatchEvent:114)]
 [Stacktrace:(com.sun.javafx.event.BasicEventDispatcher:dispatchEvent:56)]
 [Stacktrace:(com.sun.javafx.event.EventDispatchChainImpl:dispatchEvent:114)]
 [Stacktrace:(com.sun.javafx.event.BasicEventDispatcher:dispatchEvent:56)]
 [Stacktrace:(com.sun.javafx.event.EventDispatchChainImpl:dispatchEvent:114)]
 [Stacktrace:(com.sun.javafx.event.EventUtil:fireEventImpl:74)]
 [Stacktrace:(com.sun.javafx.event.EventUtil:fireEvent:49)]
 [Stacktrace:(javafx.event.Event:fireEvent:198)]
 [Stacktrace:(javafx.scene.Node:fireEvent:8411)]
 [Stacktrace:(javafx.scene.control.Button:fire:185)]
 [Stacktrace:(com.sun.javafx.scene.control.behavior.ButtonBehavior:mouseReleased:182)]
 [Stacktrace:(com.sun.javafx.scene.control.skin.BehaviorSkinBase$1:handle:96)]
 [Stacktrace:(com.sun.javafx.scene.control.skin.BehaviorSkinBase$1:handle:89)]
 [Stacktrace:(com.sun.javafx.event.CompositeEventHandler$NormalEventHandlerRecord:handleBubblingEvent:218)]
 [Stacktrace:(com.sun.javafx.event.CompositeEventHandler:dispatchBubblingEvent:80)]
 [Stacktrace:(com.sun.javafx.event.EventHandlerManager:dispatchBubblingEvent:238)]
 [Stacktrace:(com.sun.javafx.event.EventHandlerManager:dispatchBubblingEvent:191)]
 [Stacktrace:(com.sun.javafx.event.CompositeEventDispatcher:dispatchBubblingEvent:59)]
 [Stacktrace:(com.sun.javafx.event.BasicEventDispatcher:dispatchEvent:58)]
 [Stacktrace:(com.sun.javafx.event.EventDispatchChainImpl:dispatchEvent:114)]
 [Stacktrace:(com.sun.javafx.event.BasicEventDispatcher:dispatchEvent:56)]
 [Stacktrace:(com.sun.javafx.event.EventDispatchChainImpl:dispatchEvent:114)]
 [Stacktrace:(com.sun.javafx.event.BasicEventDispatcher:dispatchEvent:56)]
 [Stacktrace:(com.sun.javafx.event.EventDispatchChainImpl:dispatchEvent:114)]
 [Stacktrace:(com.sun.javafx.event.BasicEventDispatcher:dispatchEvent:56)]
 [Stacktrace:(com.sun.javafx.event.EventDispatchChainImpl:dispatchEvent:114)]
 [Stacktrace:(com.sun.javafx.event.BasicEventDispatcher:dispatchEvent:56)]
 [Stacktrace:(com.sun.javafx.event.EventDispatchChainImpl:dispatchEvent:114)]
 [Stacktrace:(com.sun.javafx.event.EventUtil:fireEventImpl:74)]
 [Stacktrace:(com.sun.javafx.event.EventUtil:fireEvent:54)]
 [Stacktrace:(javafx.event.Event:fireEvent:198)]
 [Stacktrace:(javafx.scene.Scene$MouseHandler:process:3757)]
 [Stacktrace:(javafx.scene.Scene$MouseHandler:access$1500:3485)]
 [Stacktrace:(javafx.scene.Scene:impl_processMouseEvent:1762)]
 [Stacktrace:(javafx.scene.Scene$ScenePeerListener:mouseEvent:2494)]
 [Stacktrace:(com.sun.javafx.tk.quantum.GlassViewEventHandler$MouseEventNotification:run:394)]
 [Stacktrace:(com.sun.javafx.tk.quantum.GlassViewEventHandler$MouseEventNotification:run:295)]
 [Stacktrace:(java.security.AccessController:doPrivileged:-2)]
 [Stacktrace:(com.sun.javafx.tk.quantum.GlassViewEventHandler:lambda$handleMouseEvent$2:432)]
 [Stacktrace:(com.sun.javafx.tk.quantum.QuantumToolkit:runWithoutRenderLock:410)]
 [Stacktrace:(com.sun.javafx.tk.quantum.GlassViewEventHandler:handleMouseEvent:431)]
 [Stacktrace:(com.sun.glass.ui.View:handleMouseEvent:555)]
 [Stacktrace:(com.sun.glass.ui.View:notifyMouse:937)]
 [Stacktrace:(com.sun.glass.ui.win.WinApplication:_runLoop:-2)]
 [Stacktrace:(com.sun.glass.ui.win.WinApplication:lambda$null$4:186)]
 [Stacktrace:(java.lang.Thread:run:748)]

[28-02-2021 21:22:00.939]: ERROR: You have an error in your SQL syntax; check the manual that corresponds to your MySQL server version for the right syntax to use near 'null' at line 1
[Exception: You have an error in your SQL syntax; check the manual that corresponds to your MySQL server version for the right syntax to use near 'null' at line 1]
 [Stacktrace:(sun.reflect.NativeConstructorAccessorImpl:newInstance0:-2)]
 [Stacktrace:(sun.reflect.NativeConstructorAccessorImpl:newInstance:62)]
 [Stacktrace:(sun.reflect.DelegatingConstructorAccessorImpl:newInstance:45)]
 [Stacktrace:(java.lang.reflect.Constructor:newInstance:423)]
 [Stacktrace:(com.mysql.jdbc.Util:handleNewInstance:411)]
 [Stacktrace:(com.mysql.jdbc.Util:getInstance:386)]
 [Stacktrace:(com.mysql.jdbc.SQLError:createSQLException:1053)]
 [Stacktrace:(com.mysql.jdbc.MysqlIO:checkErrorPacket:4120)]
 [Stacktrace:(com.mysql.jdbc.MysqlIO:checkErrorPacket:4052)]
 [Stacktrace:(com.mysql.jdbc.MysqlIO:sendCommand:2503)]
 [Stacktrace:(com.mysql.jdbc.MysqlIO:sqlQueryDirect:2664)]
 [Stacktrace:(com.mysql.jdbc.ConnectionImpl:execSQL:2788)]
 [Stacktrace:(com.mysql.jdbc.ConnectionImpl:execSQL:2738)]
 [Stacktrace:(com.mysql.jdbc.StatementImpl:executeQuery:1617)]
 [Stacktrace:(co.id.eazy.query.service.QueryService:executeQuery:74)]
 [Stacktrace:(app.retail.controller.general.General:selectFromDatabase:208)]
 [Stacktrace:(app.retail.controller.finance.CashTransactionController:loadData:186)]
 [Stacktrace:(app.retail.controller.finance.CashTransactionController:lambda$setButtonListener$4:168)]
 [Stacktrace:(com.sun.javafx.binding.ExpressionHelper$Generic:fireValueChangedEvent:361)]
 [Stacktrace:(com.sun.javafx.binding.ExpressionHelper:fireValueChangedEvent:81)]
 [Stacktrace:(javafx.beans.property.ObjectPropertyBase:fireValueChangedEvent:105)]
 [Stacktrace:(javafx.beans.property.ObjectPropertyBase:markInvalid:112)]
 [Stacktrace:(javafx.beans.property.ObjectPropertyBase:set:146)]
 [Stacktrace:(javafx.scene.control.ComboBoxBase:setValue:150)]
 [Stacktrace:(javafx.scene.control.ComboBox:updateValue:463)]
 [Stacktrace:(javafx.scene.control.ComboBox:access$200:192)]
 [Stacktrace:(javafx.scene.control.ComboBox$3:changed:446)]
 [Stacktrace:(com.sun.javafx.binding.ExpressionHelper$SingleChange:fireValueChangedEvent:182)]
 [Stacktrace:(com.sun.javafx.binding.ExpressionHelper:fireValueChangedEvent:81)]
 [Stacktrace:(javafx.beans.property.ReadOnlyObjectPropertyBase:fireValueChangedEvent:74)]
 [Stacktrace:(javafx.beans.property.ReadOnlyObjectWrapper:fireValueChangedEvent:102)]
 [Stacktrace:(javafx.beans.property.ObjectPropertyBase:markInvalid:112)]
 [Stacktrace:(javafx.beans.property.ObjectPropertyBase:set:146)]
 [Stacktrace:(javafx.scene.control.SelectionModel:setSelectedItem:102)]
 [Stacktrace:(javafx.scene.control.ComboBox$ComboBoxSelectionModel:lambda$new$0:494)]
 [Stacktrace:(com.sun.javafx.binding.ExpressionHelper$SingleInvalidation:fireValueChangedEvent:137)]
 [Stacktrace:(com.sun.javafx.binding.ExpressionHelper:fireValueChangedEvent:81)]
 [Stacktrace:(javafx.beans.property.ReadOnlyIntegerPropertyBase:fireValueChangedEvent:72)]
 [Stacktrace:(javafx.beans.property.ReadOnlyIntegerWrapper:fireValueChangedEvent:102)]
 [Stacktrace:(javafx.beans.property.IntegerPropertyBase:markInvalid:113)]
 [Stacktrace:(javafx.beans.property.IntegerPropertyBase:set:147)]
 [Stacktrace:(javafx.scene.control.SelectionModel:setSelectedIndex:68)]
 [Stacktrace:(javafx.scene.control.SingleSelectionModel:updateSelectedIndex:215)]
 [Stacktrace:(javafx.scene.control.SingleSelectionModel:select:149)]
 [Stacktrace:(app.retail.controller.finance.CashTransactionController:initializeState:143)]
 [Stacktrace:(app.retail.controller.finance.CashTransactionController:initialize:96)]
 [Stacktrace:(javafx.fxml.FXMLLoader:loadImpl:2548)]
 [Stacktrace:(javafx.fxml.FXMLLoader:loadImpl:2441)]
 [Stacktrace:(javafx.fxml.FXMLLoader:loadImpl:3214)]
 [Stacktrace:(javafx.fxml.FXMLLoader:loadImpl:3175)]
 [Stacktrace:(javafx.fxml.FXMLLoader:loadImpl:3148)]
 [Stacktrace:(javafx.fxml.FXMLLoader:loadImpl:3124)]
 [Stacktrace:(javafx.fxml.FXMLLoader:loadImpl:3104)]
 [Stacktrace:(javafx.fxml.FXMLLoader:load:3097)]
 [Stacktrace:(app.retail.controller.finance.FinanceController:loadForm:67)]
 [Stacktrace:(app.retail.controller.finance.FinanceController:lambda$setButtonListener$2:98)]
 [Stacktrace:(com.sun.javafx.event.CompositeEventHandler:dispatchBubblingEvent:86)]
 [Stacktrace:(com.sun.javafx.event.EventHandlerManager:dispatchBubblingEvent:238)]
 [Stacktrace:(com.sun.javafx.event.EventHandlerManager:dispatchBubblingEvent:191)]
 [Stacktrace:(com.sun.javafx.event.CompositeEventDispatcher:dispatchBubblingEvent:59)]
 [Stacktrace:(com.sun.javafx.event.BasicEventDispatcher:dispatchEvent:58)]
 [Stacktrace:(com.sun.javafx.event.EventDispatchChainImpl:dispatchEvent:114)]
 [Stacktrace:(com.sun.javafx.event.BasicEventDispatcher:dispatchEvent:56)]
 [Stacktrace:(com.sun.javafx.event.EventDispatchChainImpl:dispatchEvent:114)]
 [Stacktrace:(com.sun.javafx.event.BasicEventDispatcher:dispatchEvent:56)]
 [Stacktrace:(com.sun.javafx.event.EventDispatchChainImpl:dispatchEvent:114)]
 [Stacktrace:(com.sun.javafx.event.BasicEventDispatcher:dispatchEvent:56)]
 [Stacktrace:(com.sun.javafx.event.EventDispatchChainImpl:dispatchEvent:114)]
 [Stacktrace:(com.sun.javafx.event.BasicEventDispatcher:dispatchEvent:56)]
 [Stacktrace:(com.sun.javafx.event.EventDispatchChainImpl:dispatchEvent:114)]
 [Stacktrace:(com.sun.javafx.event.EventUtil:fireEventImpl:74)]
 [Stacktrace:(com.sun.javafx.event.EventUtil:fireEvent:49)]
 [Stacktrace:(javafx.event.Event:fireEvent:198)]
 [Stacktrace:(javafx.scene.Node:fireEvent:8411)]
 [Stacktrace:(javafx.scene.control.Button:fire:185)]
 [Stacktrace:(com.sun.javafx.scene.control.behavior.ButtonBehavior:mouseReleased:182)]
 [Stacktrace:(com.sun.javafx.scene.control.skin.BehaviorSkinBase$1:handle:96)]
 [Stacktrace:(com.sun.javafx.scene.control.skin.BehaviorSkinBase$1:handle:89)]
 [Stacktrace:(com.sun.javafx.event.CompositeEventHandler$NormalEventHandlerRecord:handleBubblingEvent:218)]
 [Stacktrace:(com.sun.javafx.event.CompositeEventHandler:dispatchBubblingEvent:80)]
 [Stacktrace:(com.sun.javafx.event.EventHandlerManager:dispatchBubblingEvent:238)]
 [Stacktrace:(com.sun.javafx.event.EventHandlerManager:dispatchBubblingEvent:191)]
 [Stacktrace:(com.sun.javafx.event.CompositeEventDispatcher:dispatchBubblingEvent:59)]
 [Stacktrace:(com.sun.javafx.event.BasicEventDispatcher:dispatchEvent:58)]
 [Stacktrace:(com.sun.javafx.event.EventDispatchChainImpl:dispatchEvent:114)]
 [Stacktrace:(com.sun.javafx.event.BasicEventDispatcher:dispatchEvent:56)]
 [Stacktrace:(com.sun.javafx.event.EventDispatchChainImpl:dispatchEvent:114)]
 [Stacktrace:(com.sun.javafx.event.BasicEventDispatcher:dispatchEvent:56)]
 [Stacktrace:(com.sun.javafx.event.EventDispatchChainImpl:dispatchEvent:114)]
 [Stacktrace:(com.sun.javafx.event.BasicEventDispatcher:dispatchEvent:56)]
 [Stacktrace:(com.sun.javafx.event.EventDispatchChainImpl:dispatchEvent:114)]
 [Stacktrace:(com.sun.javafx.event.BasicEventDispatcher:dispatchEvent:56)]
 [Stacktrace:(com.sun.javafx.event.EventDispatchChainImpl:dispatchEvent:114)]
 [Stacktrace:(com.sun.javafx.event.EventUtil:fireEventImpl:74)]
 [Stacktrace:(com.sun.javafx.event.EventUtil:fireEvent:54)]
 [Stacktrace:(javafx.event.Event:fireEvent:198)]
 [Stacktrace:(javafx.scene.Scene$MouseHandler:process:3757)]
 [Stacktrace:(javafx.scene.Scene$MouseHandler:access$1500:3485)]
 [Stacktrace:(javafx.scene.Scene:impl_processMouseEvent:1762)]
 [Stacktrace:(javafx.scene.Scene$ScenePeerListener:mouseEvent:2494)]
 [Stacktrace:(com.sun.javafx.tk.quantum.GlassViewEventHandler$MouseEventNotification:run:394)]
 [Stacktrace:(com.sun.javafx.tk.quantum.GlassViewEventHandler$MouseEventNotification:run:295)]
 [Stacktrace:(java.security.AccessController:doPrivileged:-2)]
 [Stacktrace:(com.sun.javafx.tk.quantum.GlassViewEventHandler:lambda$handleMouseEvent$2:432)]
 [Stacktrace:(com.sun.javafx.tk.quantum.QuantumToolkit:runWithoutRenderLock:410)]
 [Stacktrace:(com.sun.javafx.tk.quantum.GlassViewEventHandler:handleMouseEvent:431)]
 [Stacktrace:(com.sun.glass.ui.View:handleMouseEvent:555)]
 [Stacktrace:(com.sun.glass.ui.View:notifyMouse:937)]
 [Stacktrace:(com.sun.glass.ui.win.WinApplication:_runLoop:-2)]
 [Stacktrace:(com.sun.glass.ui.win.WinApplication:lambda$null$4:186)]
 [Stacktrace:(java.lang.Thread:run:748)]

[28-02-2021 21:23:54.511]: ERROR: You have an error in your SQL syntax; check the manual that corresponds to your MySQL server version for the right syntax to use near 'null' at line 1
[Exception: You have an error in your SQL syntax; check the manual that corresponds to your MySQL server version for the right syntax to use near 'null' at line 1]
 [Stacktrace:(sun.reflect.NativeConstructorAccessorImpl:newInstance0:-2)]
 [Stacktrace:(sun.reflect.NativeConstructorAccessorImpl:newInstance:62)]
 [Stacktrace:(sun.reflect.DelegatingConstructorAccessorImpl:newInstance:45)]
 [Stacktrace:(java.lang.reflect.Constructor:newInstance:423)]
 [Stacktrace:(com.mysql.jdbc.Util:handleNewInstance:411)]
 [Stacktrace:(com.mysql.jdbc.Util:getInstance:386)]
 [Stacktrace:(com.mysql.jdbc.SQLError:createSQLException:1053)]
 [Stacktrace:(com.mysql.jdbc.MysqlIO:checkErrorPacket:4120)]
 [Stacktrace:(com.mysql.jdbc.MysqlIO:checkErrorPacket:4052)]
 [Stacktrace:(com.mysql.jdbc.MysqlIO:sendCommand:2503)]
 [Stacktrace:(com.mysql.jdbc.MysqlIO:sqlQueryDirect:2664)]
 [Stacktrace:(com.mysql.jdbc.ConnectionImpl:execSQL:2788)]
 [Stacktrace:(com.mysql.jdbc.ConnectionImpl:execSQL:2738)]
 [Stacktrace:(com.mysql.jdbc.StatementImpl:executeQuery:1617)]
 [Stacktrace:(co.id.eazy.query.service.QueryService:executeQuery:74)]
 [Stacktrace:(app.retail.controller.general.General:selectFromDatabase:208)]
 [Stacktrace:(app.retail.controller.finance.CashTransactionController:loadData:184)]
 [Stacktrace:(app.retail.controller.finance.CashTransactionController:lambda$setButtonListener$4:166)]
 [Stacktrace:(com.sun.javafx.binding.ExpressionHelper$Generic:fireValueChangedEvent:361)]
 [Stacktrace:(com.sun.javafx.binding.ExpressionHelper:fireValueChangedEvent:81)]
 [Stacktrace:(javafx.beans.property.ObjectPropertyBase:fireValueChangedEvent:105)]
 [Stacktrace:(javafx.beans.property.ObjectPropertyBase:markInvalid:112)]
 [Stacktrace:(javafx.beans.property.ObjectPropertyBase:set:146)]
 [Stacktrace:(javafx.scene.control.ComboBoxBase:setValue:150)]
 [Stacktrace:(javafx.scene.control.ComboBox:updateValue:463)]
 [Stacktrace:(javafx.scene.control.ComboBox:access$200:192)]
 [Stacktrace:(javafx.scene.control.ComboBox$3:changed:446)]
 [Stacktrace:(com.sun.javafx.binding.ExpressionHelper$SingleChange:fireValueChangedEvent:182)]
 [Stacktrace:(com.sun.javafx.binding.ExpressionHelper:fireValueChangedEvent:81)]
 [Stacktrace:(javafx.beans.property.ReadOnlyObjectPropertyBase:fireValueChangedEvent:74)]
 [Stacktrace:(javafx.beans.property.ReadOnlyObjectWrapper:fireValueChangedEvent:102)]
 [Stacktrace:(javafx.beans.property.ObjectPropertyBase:markInvalid:112)]
 [Stacktrace:(javafx.beans.property.ObjectPropertyBase:set:146)]
 [Stacktrace:(javafx.scene.control.SelectionModel:setSelectedItem:102)]
 [Stacktrace:(javafx.scene.control.ComboBox$ComboBoxSelectionModel:lambda$new$0:494)]
 [Stacktrace:(com.sun.javafx.binding.ExpressionHelper$SingleInvalidation:fireValueChangedEvent:137)]
 [Stacktrace:(com.sun.javafx.binding.ExpressionHelper:fireValueChangedEvent:81)]
 [Stacktrace:(javafx.beans.property.ReadOnlyIntegerPropertyBase:fireValueChangedEvent:72)]
 [Stacktrace:(javafx.beans.property.ReadOnlyIntegerWrapper:fireValueChangedEvent:102)]
 [Stacktrace:(javafx.beans.property.IntegerPropertyBase:markInvalid:113)]
 [Stacktrace:(javafx.beans.property.IntegerPropertyBase:set:147)]
 [Stacktrace:(javafx.scene.control.SelectionModel:setSelectedIndex:68)]
 [Stacktrace:(javafx.scene.control.SingleSelectionModel:updateSelectedIndex:215)]
 [Stacktrace:(javafx.scene.control.SingleSelectionModel:select:149)]
 [Stacktrace:(app.retail.controller.finance.CashTransactionController:initializeState:141)]
 [Stacktrace:(app.retail.controller.finance.CashTransactionController:initialize:94)]
 [Stacktrace:(javafx.fxml.FXMLLoader:loadImpl:2548)]
 [Stacktrace:(javafx.fxml.FXMLLoader:loadImpl:2441)]
 [Stacktrace:(javafx.fxml.FXMLLoader:loadImpl:3214)]
 [Stacktrace:(javafx.fxml.FXMLLoader:loadImpl:3175)]
 [Stacktrace:(javafx.fxml.FXMLLoader:loadImpl:3148)]
 [Stacktrace:(javafx.fxml.FXMLLoader:loadImpl:3124)]
 [Stacktrace:(javafx.fxml.FXMLLoader:loadImpl:3104)]
 [Stacktrace:(javafx.fxml.FXMLLoader:load:3097)]
 [Stacktrace:(app.retail.controller.finance.FinanceController:loadForm:67)]
 [Stacktrace:(app.retail.controller.finance.FinanceController:lambda$setButtonListener$2:98)]
 [Stacktrace:(com.sun.javafx.event.CompositeEventHandler:dispatchBubblingEvent:86)]
 [Stacktrace:(com.sun.javafx.event.EventHandlerManager:dispatchBubblingEvent:238)]
 [Stacktrace:(com.sun.javafx.event.EventHandlerManager:dispatchBubblingEvent:191)]
 [Stacktrace:(com.sun.javafx.event.CompositeEventDispatcher:dispatchBubblingEvent:59)]
 [Stacktrace:(com.sun.javafx.event.BasicEventDispatcher:dispatchEvent:58)]
 [Stacktrace:(com.sun.javafx.event.EventDispatchChainImpl:dispatchEvent:114)]
 [Stacktrace:(com.sun.javafx.event.BasicEventDispatcher:dispatchEvent:56)]
 [Stacktrace:(com.sun.javafx.event.EventDispatchChainImpl:dispatchEvent:114)]
 [Stacktrace:(com.sun.javafx.event.BasicEventDispatcher:dispatchEvent:56)]
 [Stacktrace:(com.sun.javafx.event.EventDispatchChainImpl:dispatchEvent:114)]
 [Stacktrace:(com.sun.javafx.event.BasicEventDispatcher:dispatchEvent:56)]
 [Stacktrace:(com.sun.javafx.event.EventDispatchChainImpl:dispatchEvent:114)]
 [Stacktrace:(com.sun.javafx.event.BasicEventDispatcher:dispatchEvent:56)]
 [Stacktrace:(com.sun.javafx.event.EventDispatchChainImpl:dispatchEvent:114)]
 [Stacktrace:(com.sun.javafx.event.EventUtil:fireEventImpl:74)]
 [Stacktrace:(com.sun.javafx.event.EventUtil:fireEvent:49)]
 [Stacktrace:(javafx.event.Event:fireEvent:198)]
 [Stacktrace:(javafx.scene.Node:fireEvent:8411)]
 [Stacktrace:(javafx.scene.control.Button:fire:185)]
 [Stacktrace:(com.sun.javafx.scene.control.behavior.ButtonBehavior:mouseReleased:182)]
 [Stacktrace:(com.sun.javafx.scene.control.skin.BehaviorSkinBase$1:handle:96)]
 [Stacktrace:(com.sun.javafx.scene.control.skin.BehaviorSkinBase$1:handle:89)]
 [Stacktrace:(com.sun.javafx.event.CompositeEventHandler$NormalEventHandlerRecord:handleBubblingEvent:218)]
 [Stacktrace:(com.sun.javafx.event.CompositeEventHandler:dispatchBubblingEvent:80)]
 [Stacktrace:(com.sun.javafx.event.EventHandlerManager:dispatchBubblingEvent:238)]
 [Stacktrace:(com.sun.javafx.event.EventHandlerManager:dispatchBubblingEvent:191)]
 [Stacktrace:(com.sun.javafx.event.CompositeEventDispatcher:dispatchBubblingEvent:59)]
 [Stacktrace:(com.sun.javafx.event.BasicEventDispatcher:dispatchEvent:58)]
 [Stacktrace:(com.sun.javafx.event.EventDispatchChainImpl:dispatchEvent:114)]
 [Stacktrace:(com.sun.javafx.event.BasicEventDispatcher:dispatchEvent:56)]
 [Stacktrace:(com.sun.javafx.event.EventDispatchChainImpl:dispatchEvent:114)]
 [Stacktrace:(com.sun.javafx.event.BasicEventDispatcher:dispatchEvent:56)]
 [Stacktrace:(com.sun.javafx.event.EventDispatchChainImpl:dispatchEvent:114)]
 [Stacktrace:(com.sun.javafx.event.BasicEventDispatcher:dispatchEvent:56)]
 [Stacktrace:(com.sun.javafx.event.EventDispatchChainImpl:dispatchEvent:114)]
 [Stacktrace:(com.sun.javafx.event.BasicEventDispatcher:dispatchEvent:56)]
 [Stacktrace:(com.sun.javafx.event.EventDispatchChainImpl:dispatchEvent:114)]
 [Stacktrace:(com.sun.javafx.event.EventUtil:fireEventImpl:74)]
 [Stacktrace:(com.sun.javafx.event.EventUtil:fireEvent:54)]
 [Stacktrace:(javafx.event.Event:fireEvent:198)]
 [Stacktrace:(javafx.scene.Scene$MouseHandler:process:3757)]
 [Stacktrace:(javafx.scene.Scene$MouseHandler:access$1500:3485)]
 [Stacktrace:(javafx.scene.Scene:impl_processMouseEvent:1762)]
 [Stacktrace:(javafx.scene.Scene$ScenePeerListener:mouseEvent:2494)]
 [Stacktrace:(com.sun.javafx.tk.quantum.GlassViewEventHandler$MouseEventNotification:run:394)]
 [Stacktrace:(com.sun.javafx.tk.quantum.GlassViewEventHandler$MouseEventNotification:run:295)]
 [Stacktrace:(java.security.AccessController:doPrivileged:-2)]
 [Stacktrace:(com.sun.javafx.tk.quantum.GlassViewEventHandler:lambda$handleMouseEvent$2:432)]
 [Stacktrace:(com.sun.javafx.tk.quantum.QuantumToolkit:runWithoutRenderLock:410)]
 [Stacktrace:(com.sun.javafx.tk.quantum.GlassViewEventHandler:handleMouseEvent:431)]
 [Stacktrace:(com.sun.glass.ui.View:handleMouseEvent:555)]
 [Stacktrace:(com.sun.glass.ui.View:notifyMouse:937)]
 [Stacktrace:(com.sun.glass.ui.win.WinApplication:_runLoop:-2)]
 [Stacktrace:(com.sun.glass.ui.win.WinApplication:lambda$null$4:186)]
 [Stacktrace:(java.lang.Thread:run:748)]

[28-02-2021 21:25:30.707]: ERROR: Table 'dbretail.v_cash_transaction' doesn't exist
[Exception: Table 'dbretail.v_cash_transaction' doesn't exist]
 [Stacktrace:(sun.reflect.NativeConstructorAccessorImpl:newInstance0:-2)]
 [Stacktrace:(sun.reflect.NativeConstructorAccessorImpl:newInstance:62)]
 [Stacktrace:(sun.reflect.DelegatingConstructorAccessorImpl:newInstance:45)]
 [Stacktrace:(java.lang.reflect.Constructor:newInstance:423)]
 [Stacktrace:(com.mysql.jdbc.Util:handleNewInstance:411)]
 [Stacktrace:(com.mysql.jdbc.Util:getInstance:386)]
 [Stacktrace:(com.mysql.jdbc.SQLError:createSQLException:1053)]
 [Stacktrace:(com.mysql.jdbc.MysqlIO:checkErrorPacket:4120)]
 [Stacktrace:(com.mysql.jdbc.MysqlIO:checkErrorPacket:4052)]
 [Stacktrace:(com.mysql.jdbc.MysqlIO:sendCommand:2503)]
 [Stacktrace:(com.mysql.jdbc.MysqlIO:sqlQueryDirect:2664)]
 [Stacktrace:(com.mysql.jdbc.ConnectionImpl:execSQL:2788)]
 [Stacktrace:(com.mysql.jdbc.ConnectionImpl:execSQL:2738)]
 [Stacktrace:(com.mysql.jdbc.StatementImpl:executeQuery:1617)]
 [Stacktrace:(co.id.eazy.query.service.QueryService:executeQuery:74)]
 [Stacktrace:(app.retail.controller.general.General:selectFromDatabase:208)]
 [Stacktrace:(app.retail.controller.finance.CashTransactionController:loadData:188)]
 [Stacktrace:(app.retail.controller.finance.CashTransactionController:lambda$setButtonListener$4:170)]
 [Stacktrace:(com.sun.javafx.binding.ExpressionHelper$Generic:fireValueChangedEvent:361)]
 [Stacktrace:(com.sun.javafx.binding.ExpressionHelper:fireValueChangedEvent:81)]
 [Stacktrace:(javafx.beans.property.ObjectPropertyBase:fireValueChangedEvent:105)]
 [Stacktrace:(javafx.beans.property.ObjectPropertyBase:markInvalid:112)]
 [Stacktrace:(javafx.beans.property.ObjectPropertyBase:set:146)]
 [Stacktrace:(javafx.scene.control.ComboBoxBase:setValue:150)]
 [Stacktrace:(javafx.scene.control.ComboBox:updateValue:463)]
 [Stacktrace:(javafx.scene.control.ComboBox:access$200:192)]
 [Stacktrace:(javafx.scene.control.ComboBox$3:changed:446)]
 [Stacktrace:(com.sun.javafx.binding.ExpressionHelper$SingleChange:fireValueChangedEvent:182)]
 [Stacktrace:(com.sun.javafx.binding.ExpressionHelper:fireValueChangedEvent:81)]
 [Stacktrace:(javafx.beans.property.ReadOnlyObjectPropertyBase:fireValueChangedEvent:74)]
 [Stacktrace:(javafx.beans.property.ReadOnlyObjectWrapper:fireValueChangedEvent:102)]
 [Stacktrace:(javafx.beans.property.ObjectPropertyBase:markInvalid:112)]
 [Stacktrace:(javafx.beans.property.ObjectPropertyBase:set:146)]
 [Stacktrace:(javafx.scene.control.SelectionModel:setSelectedItem:102)]
 [Stacktrace:(javafx.scene.control.ComboBox$ComboBoxSelectionModel:lambda$new$0:494)]
 [Stacktrace:(com.sun.javafx.binding.ExpressionHelper$SingleInvalidation:fireValueChangedEvent:137)]
 [Stacktrace:(com.sun.javafx.binding.ExpressionHelper:fireValueChangedEvent:81)]
 [Stacktrace:(javafx.beans.property.ReadOnlyIntegerPropertyBase:fireValueChangedEvent:72)]
 [Stacktrace:(javafx.beans.property.ReadOnlyIntegerWrapper:fireValueChangedEvent:102)]
 [Stacktrace:(javafx.beans.property.IntegerPropertyBase:markInvalid:113)]
 [Stacktrace:(javafx.beans.property.IntegerPropertyBase:set:147)]
 [Stacktrace:(javafx.scene.control.SelectionModel:setSelectedIndex:68)]
 [Stacktrace:(javafx.scene.control.SingleSelectionModel:updateSelectedIndex:215)]
 [Stacktrace:(javafx.scene.control.SingleSelectionModel:select:149)]
 [Stacktrace:(app.retail.controller.finance.CashTransactionController:initializeState:145)]
 [Stacktrace:(app.retail.controller.finance.CashTransactionController:initialize:94)]
 [Stacktrace:(javafx.fxml.FXMLLoader:loadImpl:2548)]
 [Stacktrace:(javafx.fxml.FXMLLoader:loadImpl:2441)]
 [Stacktrace:(javafx.fxml.FXMLLoader:loadImpl:3214)]
 [Stacktrace:(javafx.fxml.FXMLLoader:loadImpl:3175)]
 [Stacktrace:(javafx.fxml.FXMLLoader:loadImpl:3148)]
 [Stacktrace:(javafx.fxml.FXMLLoader:loadImpl:3124)]
 [Stacktrace:(javafx.fxml.FXMLLoader:loadImpl:3104)]
 [Stacktrace:(javafx.fxml.FXMLLoader:load:3097)]
 [Stacktrace:(app.retail.controller.finance.FinanceController:loadForm:67)]
 [Stacktrace:(app.retail.controller.finance.FinanceController:lambda$setButtonListener$2:98)]
 [Stacktrace:(com.sun.javafx.event.CompositeEventHandler:dispatchBubblingEvent:86)]
 [Stacktrace:(com.sun.javafx.event.EventHandlerManager:dispatchBubblingEvent:238)]
 [Stacktrace:(com.sun.javafx.event.EventHandlerManager:dispatchBubblingEvent:191)]
 [Stacktrace:(com.sun.javafx.event.CompositeEventDispatcher:dispatchBubblingEvent:59)]
 [Stacktrace:(com.sun.javafx.event.BasicEventDispatcher:dispatchEvent:58)]
 [Stacktrace:(com.sun.javafx.event.EventDispatchChainImpl:dispatchEvent:114)]
 [Stacktrace:(com.sun.javafx.event.BasicEventDispatcher:dispatchEvent:56)]
 [Stacktrace:(com.sun.javafx.event.EventDispatchChainImpl:dispatchEvent:114)]
 [Stacktrace:(com.sun.javafx.event.BasicEventDispatcher:dispatchEvent:56)]
 [Stacktrace:(com.sun.javafx.event.EventDispatchChainImpl:dispatchEvent:114)]
 [Stacktrace:(com.sun.javafx.event.BasicEventDispatcher:dispatchEvent:56)]
 [Stacktrace:(com.sun.javafx.event.EventDispatchChainImpl:dispatchEvent:114)]
 [Stacktrace:(com.sun.javafx.event.BasicEventDispatcher:dispatchEvent:56)]
 [Stacktrace:(com.sun.javafx.event.EventDispatchChainImpl:dispatchEvent:114)]
 [Stacktrace:(com.sun.javafx.event.EventUtil:fireEventImpl:74)]
 [Stacktrace:(com.sun.javafx.event.EventUtil:fireEvent:49)]
 [Stacktrace:(javafx.event.Event:fireEvent:198)]
 [Stacktrace:(javafx.scene.Node:fireEvent:8411)]
 [Stacktrace:(javafx.scene.control.Button:fire:185)]
 [Stacktrace:(com.sun.javafx.scene.control.behavior.ButtonBehavior:mouseReleased:182)]
 [Stacktrace:(com.sun.javafx.scene.control.skin.BehaviorSkinBase$1:handle:96)]
 [Stacktrace:(com.sun.javafx.scene.control.skin.BehaviorSkinBase$1:handle:89)]
 [Stacktrace:(com.sun.javafx.event.CompositeEventHandler$NormalEventHandlerRecord:handleBubblingEvent:218)]
 [Stacktrace:(com.sun.javafx.event.CompositeEventHandler:dispatchBubblingEvent:80)]
 [Stacktrace:(com.sun.javafx.event.EventHandlerManager:dispatchBubblingEvent:238)]
 [Stacktrace:(com.sun.javafx.event.EventHandlerManager:dispatchBubblingEvent:191)]
 [Stacktrace:(com.sun.javafx.event.CompositeEventDispatcher:dispatchBubblingEvent:59)]
 [Stacktrace:(com.sun.javafx.event.BasicEventDispatcher:dispatchEvent:58)]
 [Stacktrace:(com.sun.javafx.event.EventDispatchChainImpl:dispatchEvent:114)]
 [Stacktrace:(com.sun.javafx.event.BasicEventDispatcher:dispatchEvent:56)]
 [Stacktrace:(com.sun.javafx.event.EventDispatchChainImpl:dispatchEvent:114)]
 [Stacktrace:(com.sun.javafx.event.BasicEventDispatcher:dispatchEvent:56)]
 [Stacktrace:(com.sun.javafx.event.EventDispatchChainImpl:dispatchEvent:114)]
 [Stacktrace:(com.sun.javafx.event.BasicEventDispatcher:dispatchEvent:56)]
 [Stacktrace:(com.sun.javafx.event.EventDispatchChainImpl:dispatchEvent:114)]
 [Stacktrace:(com.sun.javafx.event.BasicEventDispatcher:dispatchEvent:56)]
 [Stacktrace:(com.sun.javafx.event.EventDispatchChainImpl:dispatchEvent:114)]
 [Stacktrace:(com.sun.javafx.event.EventUtil:fireEventImpl:74)]
 [Stacktrace:(com.sun.javafx.event.EventUtil:fireEvent:54)]
 [Stacktrace:(javafx.event.Event:fireEvent:198)]
 [Stacktrace:(javafx.scene.Scene$MouseHandler:process:3757)]
 [Stacktrace:(javafx.scene.Scene$MouseHandler:access$1500:3485)]
 [Stacktrace:(javafx.scene.Scene:impl_processMouseEvent:1762)]
 [Stacktrace:(javafx.scene.Scene$ScenePeerListener:mouseEvent:2494)]
 [Stacktrace:(com.sun.javafx.tk.quantum.GlassViewEventHandler$MouseEventNotification:run:394)]
 [Stacktrace:(com.sun.javafx.tk.quantum.GlassViewEventHandler$MouseEventNotification:run:295)]
 [Stacktrace:(java.security.AccessController:doPrivileged:-2)]
 [Stacktrace:(com.sun.javafx.tk.quantum.GlassViewEventHandler:lambda$handleMouseEvent$2:432)]
 [Stacktrace:(com.sun.javafx.tk.quantum.QuantumToolkit:runWithoutRenderLock:410)]
 [Stacktrace:(com.sun.javafx.tk.quantum.GlassViewEventHandler:handleMouseEvent:431)]
 [Stacktrace:(com.sun.glass.ui.View:handleMouseEvent:555)]
 [Stacktrace:(com.sun.glass.ui.View:notifyMouse:937)]
 [Stacktrace:(com.sun.glass.ui.win.WinApplication:_runLoop:-2)]
 [Stacktrace:(com.sun.glass.ui.win.WinApplication:lambda$null$4:186)]
 [Stacktrace:(java.lang.Thread:run:748)]

[28-02-2021 21:28:47.196]: ERROR: 
file:/D:/EaZy/App-Retail/dist/run6194411/App-Retail.jar!/app/retail/fxml/finance/FormInputCashTransaction.fxml:25

[Exception: 
file:/D:/EaZy/App-Retail/dist/run6194411/App-Retail.jar!/app/retail/fxml/finance/FormInputCashTransaction.fxml:25
]
 [Stacktrace:(javafx.fxml.FXMLLoader:constructLoadException:2601)]
 [Stacktrace:(javafx.fxml.FXMLLoader:access$700:103)]
 [Stacktrace:(javafx.fxml.FXMLLoader$ValueElement:processAttribute:922)]
 [Stacktrace:(javafx.fxml.FXMLLoader$InstanceDeclarationElement:processAttribute:971)]
 [Stacktrace:(javafx.fxml.FXMLLoader$Element:processStartElement:220)]
 [Stacktrace:(javafx.fxml.FXMLLoader$ValueElement:processStartElement:744)]
 [Stacktrace:(javafx.fxml.FXMLLoader:processStartElement:2707)]
 [Stacktrace:(javafx.fxml.FXMLLoader:loadImpl:2527)]
 [Stacktrace:(javafx.fxml.FXMLLoader:loadImpl:2441)]
 [Stacktrace:(javafx.fxml.FXMLLoader:loadImpl:3214)]
 [Stacktrace:(javafx.fxml.FXMLLoader:loadImpl:3175)]
 [Stacktrace:(javafx.fxml.FXMLLoader:loadImpl:3148)]
 [Stacktrace:(javafx.fxml.FXMLLoader:loadImpl:3124)]
 [Stacktrace:(javafx.fxml.FXMLLoader:loadImpl:3104)]
 [Stacktrace:(javafx.fxml.FXMLLoader:load:3097)]
 [Stacktrace:(app.retail.controller.home.HomeController:loadForm:347)]
 [Stacktrace:(app.retail.controller.finance.CashTransactionController:lambda$setButtonListener$5:176)]
 [Stacktrace:(com.sun.javafx.event.CompositeEventHandler:dispatchBubblingEvent:86)]
 [Stacktrace:(com.sun.javafx.event.EventHandlerManager:dispatchBubblingEvent:238)]
 [Stacktrace:(com.sun.javafx.event.EventHandlerManager:dispatchBubblingEvent:191)]
 [Stacktrace:(com.sun.javafx.event.CompositeEventDispatcher:dispatchBubblingEvent:59)]
 [Stacktrace:(com.sun.javafx.event.BasicEventDispatcher:dispatchEvent:58)]
 [Stacktrace:(com.sun.javafx.event.EventDispatchChainImpl:dispatchEvent:114)]
 [Stacktrace:(com.sun.javafx.event.BasicEventDispatcher:dispatchEvent:56)]
 [Stacktrace:(com.sun.javafx.event.EventDispatchChainImpl:dispatchEvent:114)]
 [Stacktrace:(com.sun.javafx.event.BasicEventDispatcher:dispatchEvent:56)]
 [Stacktrace:(com.sun.javafx.event.EventDispatchChainImpl:dispatchEvent:114)]
 [Stacktrace:(com.sun.javafx.event.BasicEventDispatcher:dispatchEvent:56)]
 [Stacktrace:(com.sun.javafx.event.EventDispatchChainImpl:dispatchEvent:114)]
 [Stacktrace:(com.sun.javafx.event.BasicEventDispatcher:dispatchEvent:56)]
 [Stacktrace:(com.sun.javafx.event.EventDispatchChainImpl:dispatchEvent:114)]
 [Stacktrace:(com.sun.javafx.event.EventUtil:fireEventImpl:74)]
 [Stacktrace:(com.sun.javafx.event.EventUtil:fireEvent:49)]
 [Stacktrace:(javafx.event.Event:fireEvent:198)]
 [Stacktrace:(javafx.scene.Node:fireEvent:8411)]
 [Stacktrace:(javafx.scene.control.Button:fire:185)]
 [Stacktrace:(com.sun.javafx.scene.control.behavior.ButtonBehavior:mouseReleased:182)]
 [Stacktrace:(com.sun.javafx.scene.control.skin.BehaviorSkinBase$1:handle:96)]
 [Stacktrace:(com.sun.javafx.scene.control.skin.BehaviorSkinBase$1:handle:89)]
 [Stacktrace:(com.sun.javafx.event.CompositeEventHandler$NormalEventHandlerRecord:handleBubblingEvent:218)]
 [Stacktrace:(com.sun.javafx.event.CompositeEventHandler:dispatchBubblingEvent:80)]
 [Stacktrace:(com.sun.javafx.event.EventHandlerManager:dispatchBubblingEvent:238)]
 [Stacktrace:(com.sun.javafx.event.EventHandlerManager:dispatchBubblingEvent:191)]
 [Stacktrace:(com.sun.javafx.event.CompositeEventDispatcher:dispatchBubblingEvent:59)]
 [Stacktrace:(com.sun.javafx.event.BasicEventDispatcher:dispatchEvent:58)]
 [Stacktrace:(com.sun.javafx.event.EventDispatchChainImpl:dispatchEvent:114)]
 [Stacktrace:(com.sun.javafx.event.BasicEventDispatcher:dispatchEvent:56)]
 [Stacktrace:(com.sun.javafx.event.EventDispatchChainImpl:dispatchEvent:114)]
 [Stacktrace:(com.sun.javafx.event.BasicEventDispatcher:dispatchEvent:56)]
 [Stacktrace:(com.sun.javafx.event.EventDispatchChainImpl:dispatchEvent:114)]
 [Stacktrace:(com.sun.javafx.event.BasicEventDispatcher:dispatchEvent:56)]
 [Stacktrace:(com.sun.javafx.event.EventDispatchChainImpl:dispatchEvent:114)]
 [Stacktrace:(com.sun.javafx.event.BasicEventDispatcher:dispatchEvent:56)]
 [Stacktrace:(com.sun.javafx.event.EventDispatchChainImpl:dispatchEvent:114)]
 [Stacktrace:(com.sun.javafx.event.EventUtil:fireEventImpl:74)]
 [Stacktrace:(com.sun.javafx.event.EventUtil:fireEvent:54)]
 [Stacktrace:(javafx.event.Event:fireEvent:198)]
 [Stacktrace:(javafx.scene.Scene$MouseHandler:process:3757)]
 [Stacktrace:(javafx.scene.Scene$MouseHandler:access$1500:3485)]
 [Stacktrace:(javafx.scene.Scene:impl_processMouseEvent:1762)]
 [Stacktrace:(javafx.scene.Scene$ScenePeerListener:mouseEvent:2494)]
 [Stacktrace:(com.sun.javafx.tk.quantum.GlassViewEventHandler$MouseEventNotification:run:394)]
 [Stacktrace:(com.sun.javafx.tk.quantum.GlassViewEventHandler$MouseEventNotification:run:295)]
 [Stacktrace:(java.security.AccessController:doPrivileged:-2)]
 [Stacktrace:(com.sun.javafx.tk.quantum.GlassViewEventHandler:lambda$handleMouseEvent$2:432)]
 [Stacktrace:(com.sun.javafx.tk.quantum.QuantumToolkit:runWithoutRenderLock:410)]
 [Stacktrace:(com.sun.javafx.tk.quantum.GlassViewEventHandler:handleMouseEvent:431)]
 [Stacktrace:(com.sun.glass.ui.View:handleMouseEvent:555)]
 [Stacktrace:(com.sun.glass.ui.View:notifyMouse:937)]
 [Stacktrace:(com.sun.glass.ui.win.WinApplication:_runLoop:-2)]
 [Stacktrace:(com.sun.glass.ui.win.WinApplication:lambda$null$4:186)]
 [Stacktrace:(java.lang.Thread:run:748)]

[28-02-2021 21:48:08.922]: ERROR: 
file:/D:/EaZy/App-Retail/dist/run347802773/App-Retail.jar!/app/retail/fxml/finance/FormInputCashTransaction.fxml:25

[Exception: 
file:/D:/EaZy/App-Retail/dist/run347802773/App-Retail.jar!/app/retail/fxml/finance/FormInputCashTransaction.fxml:25
]
 [Stacktrace:(javafx.fxml.FXMLLoader:constructLoadException:2601)]
 [Stacktrace:(javafx.fxml.FXMLLoader:access$700:103)]
 [Stacktrace:(javafx.fxml.FXMLLoader$ValueElement:processAttribute:922)]
 [Stacktrace:(javafx.fxml.FXMLLoader$InstanceDeclarationElement:processAttribute:971)]
 [Stacktrace:(javafx.fxml.FXMLLoader$Element:processStartElement:220)]
 [Stacktrace:(javafx.fxml.FXMLLoader$ValueElement:processStartElement:744)]
 [Stacktrace:(javafx.fxml.FXMLLoader:processStartElement:2707)]
 [Stacktrace:(javafx.fxml.FXMLLoader:loadImpl:2527)]
 [Stacktrace:(javafx.fxml.FXMLLoader:loadImpl:2441)]
 [Stacktrace:(javafx.fxml.FXMLLoader:loadImpl:3214)]
 [Stacktrace:(javafx.fxml.FXMLLoader:loadImpl:3175)]
 [Stacktrace:(javafx.fxml.FXMLLoader:loadImpl:3148)]
 [Stacktrace:(javafx.fxml.FXMLLoader:loadImpl:3124)]
 [Stacktrace:(javafx.fxml.FXMLLoader:loadImpl:3104)]
 [Stacktrace:(javafx.fxml.FXMLLoader:load:3097)]
 [Stacktrace:(app.retail.controller.home.HomeController:loadForm:347)]
 [Stacktrace:(app.retail.controller.finance.CashTransactionController:lambda$setButtonListener$5:176)]
 [Stacktrace:(com.sun.javafx.event.CompositeEventHandler:dispatchBubblingEvent:86)]
 [Stacktrace:(com.sun.javafx.event.EventHandlerManager:dispatchBubblingEvent:238)]
 [Stacktrace:(com.sun.javafx.event.EventHandlerManager:dispatchBubblingEvent:191)]
 [Stacktrace:(com.sun.javafx.event.CompositeEventDispatcher:dispatchBubblingEvent:59)]
 [Stacktrace:(com.sun.javafx.event.BasicEventDispatcher:dispatchEvent:58)]
 [Stacktrace:(com.sun.javafx.event.EventDispatchChainImpl:dispatchEvent:114)]
 [Stacktrace:(com.sun.javafx.event.BasicEventDispatcher:dispatchEvent:56)]
 [Stacktrace:(com.sun.javafx.event.EventDispatchChainImpl:dispatchEvent:114)]
 [Stacktrace:(com.sun.javafx.event.BasicEventDispatcher:dispatchEvent:56)]
 [Stacktrace:(com.sun.javafx.event.EventDispatchChainImpl:dispatchEvent:114)]
 [Stacktrace:(com.sun.javafx.event.BasicEventDispatcher:dispatchEvent:56)]
 [Stacktrace:(com.sun.javafx.event.EventDispatchChainImpl:dispatchEvent:114)]
 [Stacktrace:(com.sun.javafx.event.BasicEventDispatcher:dispatchEvent:56)]
 [Stacktrace:(com.sun.javafx.event.EventDispatchChainImpl:dispatchEvent:114)]
 [Stacktrace:(com.sun.javafx.event.EventUtil:fireEventImpl:74)]
 [Stacktrace:(com.sun.javafx.event.EventUtil:fireEvent:49)]
 [Stacktrace:(javafx.event.Event:fireEvent:198)]
 [Stacktrace:(javafx.scene.Node:fireEvent:8411)]
 [Stacktrace:(javafx.scene.control.Button:fire:185)]
 [Stacktrace:(com.sun.javafx.scene.control.behavior.ButtonBehavior:mouseReleased:182)]
 [Stacktrace:(com.sun.javafx.scene.control.skin.BehaviorSkinBase$1:handle:96)]
 [Stacktrace:(com.sun.javafx.scene.control.skin.BehaviorSkinBase$1:handle:89)]
 [Stacktrace:(com.sun.javafx.event.CompositeEventHandler$NormalEventHandlerRecord:handleBubblingEvent:218)]
 [Stacktrace:(com.sun.javafx.event.CompositeEventHandler:dispatchBubblingEvent:80)]
 [Stacktrace:(com.sun.javafx.event.EventHandlerManager:dispatchBubblingEvent:238)]
 [Stacktrace:(com.sun.javafx.event.EventHandlerManager:dispatchBubblingEvent:191)]
 [Stacktrace:(com.sun.javafx.event.CompositeEventDispatcher:dispatchBubblingEvent:59)]
 [Stacktrace:(com.sun.javafx.event.BasicEventDispatcher:dispatchEvent:58)]
 [Stacktrace:(com.sun.javafx.event.EventDispatchChainImpl:dispatchEvent:114)]
 [Stacktrace:(com.sun.javafx.event.BasicEventDispatcher:dispatchEvent:56)]
 [Stacktrace:(com.sun.javafx.event.EventDispatchChainImpl:dispatchEvent:114)]
 [Stacktrace:(com.sun.javafx.event.BasicEventDispatcher:dispatchEvent:56)]
 [Stacktrace:(com.sun.javafx.event.EventDispatchChainImpl:dispatchEvent:114)]
 [Stacktrace:(com.sun.javafx.event.BasicEventDispatcher:dispatchEvent:56)]
 [Stacktrace:(com.sun.javafx.event.EventDispatchChainImpl:dispatchEvent:114)]
 [Stacktrace:(com.sun.javafx.event.BasicEventDispatcher:dispatchEvent:56)]
 [Stacktrace:(com.sun.javafx.event.EventDispatchChainImpl:dispatchEvent:114)]
 [Stacktrace:(com.sun.javafx.event.EventUtil:fireEventImpl:74)]
 [Stacktrace:(com.sun.javafx.event.EventUtil:fireEvent:54)]
 [Stacktrace:(javafx.event.Event:fireEvent:198)]
 [Stacktrace:(javafx.scene.Scene$MouseHandler:process:3757)]
 [Stacktrace:(javafx.scene.Scene$MouseHandler:access$1500:3485)]
 [Stacktrace:(javafx.scene.Scene:impl_processMouseEvent:1762)]
 [Stacktrace:(javafx.scene.Scene$ScenePeerListener:mouseEvent:2494)]
 [Stacktrace:(com.sun.javafx.tk.quantum.GlassViewEventHandler$MouseEventNotification:run:394)]
 [Stacktrace:(com.sun.javafx.tk.quantum.GlassViewEventHandler$MouseEventNotification:run:295)]
 [Stacktrace:(java.security.AccessController:doPrivileged:-2)]
 [Stacktrace:(com.sun.javafx.tk.quantum.GlassViewEventHandler:lambda$handleMouseEvent$2:432)]
 [Stacktrace:(com.sun.javafx.tk.quantum.QuantumToolkit:runWithoutRenderLock:410)]
 [Stacktrace:(com.sun.javafx.tk.quantum.GlassViewEventHandler:handleMouseEvent:431)]
 [Stacktrace:(com.sun.glass.ui.View:handleMouseEvent:555)]
 [Stacktrace:(com.sun.glass.ui.View:notifyMouse:937)]
 [Stacktrace:(com.sun.glass.ui.win.WinApplication:_runLoop:-2)]
 [Stacktrace:(com.sun.glass.ui.win.WinApplication:lambda$null$4:186)]
 [Stacktrace:(java.lang.Thread:run:748)]

[28-02-2021 21:51:59.779]: ERROR: Cannot add or update a child row: a foreign key constraint fails (`dbretail`.`cash_transaction`, CONSTRAINT `cash_transaction_ibfk_1` FOREIGN KEY (`input_by`) REFERENCES `tbl_karyawan` (`kode_karyawan`))
[Exception: Cannot add or update a child row: a foreign key constraint fails (`dbretail`.`cash_transaction`, CONSTRAINT `cash_transaction_ibfk_1` FOREIGN KEY (`input_by`) REFERENCES `tbl_karyawan` (`kode_karyawan`))]
 [Stacktrace:(sun.reflect.NativeConstructorAccessorImpl:newInstance0:-2)]
 [Stacktrace:(sun.reflect.NativeConstructorAccessorImpl:newInstance:62)]
 [Stacktrace:(sun.reflect.DelegatingConstructorAccessorImpl:newInstance:45)]
 [Stacktrace:(java.lang.reflect.Constructor:newInstance:423)]
 [Stacktrace:(com.mysql.jdbc.Util:handleNewInstance:411)]
 [Stacktrace:(com.mysql.jdbc.Util:getInstance:386)]
 [Stacktrace:(com.mysql.jdbc.SQLError:createSQLException:1040)]
 [Stacktrace:(com.mysql.jdbc.MysqlIO:checkErrorPacket:4120)]
 [Stacktrace:(com.mysql.jdbc.MysqlIO:checkErrorPacket:4052)]
 [Stacktrace:(com.mysql.jdbc.MysqlIO:sendCommand:2503)]
 [Stacktrace:(com.mysql.jdbc.MysqlIO:sqlQueryDirect:2664)]
 [Stacktrace:(com.mysql.jdbc.ConnectionImpl:execSQL:2788)]
 [Stacktrace:(com.mysql.jdbc.StatementImpl:executeUpdate:1816)]
 [Stacktrace:(com.mysql.jdbc.StatementImpl:executeUpdate:1730)]
 [Stacktrace:(co.id.eazy.query.service.QueryService:executeQueryUpdate:80)]
 [Stacktrace:(co.id.eazy.query.service.QueryService:sendQueryInsert:86)]
 [Stacktrace:(app.retail.controller.general.General:insertToDatabase:206)]
 [Stacktrace:(app.retail.controller.finance.FormInputCashTransactionController:simpan:131)]
 [Stacktrace:(app.retail.controller.finance.FormInputCashTransactionController:lambda$setButtonListener$5:263)]
 [Stacktrace:(com.sun.javafx.event.CompositeEventHandler:dispatchBubblingEvent:86)]
 [Stacktrace:(com.sun.javafx.event.EventHandlerManager:dispatchBubblingEvent:238)]
 [Stacktrace:(com.sun.javafx.event.EventHandlerManager:dispatchBubblingEvent:191)]
 [Stacktrace:(com.sun.javafx.event.CompositeEventDispatcher:dispatchBubblingEvent:59)]
 [Stacktrace:(com.sun.javafx.event.BasicEventDispatcher:dispatchEvent:58)]
 [Stacktrace:(com.sun.javafx.event.EventDispatchChainImpl:dispatchEvent:114)]
 [Stacktrace:(com.sun.javafx.event.BasicEventDispatcher:dispatchEvent:56)]
 [Stacktrace:(com.sun.javafx.event.EventDispatchChainImpl:dispatchEvent:114)]
 [Stacktrace:(com.sun.javafx.event.BasicEventDispatcher:dispatchEvent:56)]
 [Stacktrace:(com.sun.javafx.event.EventDispatchChainImpl:dispatchEvent:114)]
 [Stacktrace:(com.sun.javafx.event.BasicEventDispatcher:dispatchEvent:56)]
 [Stacktrace:(com.sun.javafx.event.EventDispatchChainImpl:dispatchEvent:114)]
 [Stacktrace:(com.sun.javafx.event.BasicEventDispatcher:dispatchEvent:56)]
 [Stacktrace:(com.sun.javafx.event.EventDispatchChainImpl:dispatchEvent:114)]
 [Stacktrace:(com.sun.javafx.event.EventUtil:fireEventImpl:74)]
 [Stacktrace:(com.sun.javafx.event.EventUtil:fireEvent:49)]
 [Stacktrace:(javafx.event.Event:fireEvent:198)]
 [Stacktrace:(javafx.scene.Node:fireEvent:8411)]
 [Stacktrace:(javafx.scene.control.Button:fire:185)]
 [Stacktrace:(com.sun.javafx.scene.control.behavior.ButtonBehavior:mouseReleased:182)]
 [Stacktrace:(com.sun.javafx.scene.control.skin.BehaviorSkinBase$1:handle:96)]
 [Stacktrace:(com.sun.javafx.scene.control.skin.BehaviorSkinBase$1:handle:89)]
 [Stacktrace:(com.sun.javafx.event.CompositeEventHandler$NormalEventHandlerRecord:handleBubblingEvent:218)]
 [Stacktrace:(com.sun.javafx.event.CompositeEventHandler:dispatchBubblingEvent:80)]
 [Stacktrace:(com.sun.javafx.event.EventHandlerManager:dispatchBubblingEvent:238)]
 [Stacktrace:(com.sun.javafx.event.EventHandlerManager:dispatchBubblingEvent:191)]
 [Stacktrace:(com.sun.javafx.event.CompositeEventDispatcher:dispatchBubblingEvent:59)]
 [Stacktrace:(com.sun.javafx.event.BasicEventDispatcher:dispatchEvent:58)]
 [Stacktrace:(com.sun.javafx.event.EventDispatchChainImpl:dispatchEvent:114)]
 [Stacktrace:(com.sun.javafx.event.BasicEventDispatcher:dispatchEvent:56)]
 [Stacktrace:(com.sun.javafx.event.EventDispatchChainImpl:dispatchEvent:114)]
 [Stacktrace:(com.sun.javafx.event.BasicEventDispatcher:dispatchEvent:56)]
 [Stacktrace:(com.sun.javafx.event.EventDispatchChainImpl:dispatchEvent:114)]
 [Stacktrace:(com.sun.javafx.event.BasicEventDispatcher:dispatchEvent:56)]
 [Stacktrace:(com.sun.javafx.event.EventDispatchChainImpl:dispatchEvent:114)]
 [Stacktrace:(com.sun.javafx.event.BasicEventDispatcher:dispatchEvent:56)]
 [Stacktrace:(com.sun.javafx.event.EventDispatchChainImpl:dispatchEvent:114)]
 [Stacktrace:(com.sun.javafx.event.EventUtil:fireEventImpl:74)]
 [Stacktrace:(com.sun.javafx.event.EventUtil:fireEvent:54)]
 [Stacktrace:(javafx.event.Event:fireEvent:198)]
 [Stacktrace:(javafx.scene.Scene$MouseHandler:process:3757)]
 [Stacktrace:(javafx.scene.Scene$MouseHandler:access$1500:3485)]
 [Stacktrace:(javafx.scene.Scene:impl_processMouseEvent:1762)]
 [Stacktrace:(javafx.scene.Scene$ScenePeerListener:mouseEvent:2494)]
 [Stacktrace:(com.sun.javafx.tk.quantum.GlassViewEventHandler$MouseEventNotification:run:394)]
 [Stacktrace:(com.sun.javafx.tk.quantum.GlassViewEventHandler$MouseEventNotification:run:295)]
 [Stacktrace:(java.security.AccessController:doPrivileged:-2)]
 [Stacktrace:(com.sun.javafx.tk.quantum.GlassViewEventHandler:lambda$handleMouseEvent$2:432)]
 [Stacktrace:(com.sun.javafx.tk.quantum.QuantumToolkit:runWithoutRenderLock:410)]
 [Stacktrace:(com.sun.javafx.tk.quantum.GlassViewEventHandler:handleMouseEvent:431)]
 [Stacktrace:(com.sun.glass.ui.View:handleMouseEvent:555)]
 [Stacktrace:(com.sun.glass.ui.View:notifyMouse:937)]
 [Stacktrace:(com.sun.glass.ui.win.WinApplication:_runLoop:-2)]
 [Stacktrace:(com.sun.glass.ui.win.WinApplication:lambda$null$4:186)]
 [Stacktrace:(java.lang.Thread:run:748)]

[28-02-2021 22:00:20.464]: ERROR: Cannot add or update a child row: a foreign key constraint fails (`dbretail`.`cash_transaction`, CONSTRAINT `cash_transaction_ibfk_1` FOREIGN KEY (`input_by`) REFERENCES `tbl_karyawan` (`kode_karyawan`))
[Exception: Cannot add or update a child row: a foreign key constraint fails (`dbretail`.`cash_transaction`, CONSTRAINT `cash_transaction_ibfk_1` FOREIGN KEY (`input_by`) REFERENCES `tbl_karyawan` (`kode_karyawan`))]
 [Stacktrace:(sun.reflect.NativeConstructorAccessorImpl:newInstance0:-2)]
 [Stacktrace:(sun.reflect.NativeConstructorAccessorImpl:newInstance:62)]
 [Stacktrace:(sun.reflect.DelegatingConstructorAccessorImpl:newInstance:45)]
 [Stacktrace:(java.lang.reflect.Constructor:newInstance:423)]
 [Stacktrace:(com.mysql.jdbc.Util:handleNewInstance:411)]
 [Stacktrace:(com.mysql.jdbc.Util:getInstance:386)]
 [Stacktrace:(com.mysql.jdbc.SQLError:createSQLException:1040)]
 [Stacktrace:(com.mysql.jdbc.MysqlIO:checkErrorPacket:4120)]
 [Stacktrace:(com.mysql.jdbc.MysqlIO:checkErrorPacket:4052)]
 [Stacktrace:(com.mysql.jdbc.MysqlIO:sendCommand:2503)]
 [Stacktrace:(com.mysql.jdbc.MysqlIO:sqlQueryDirect:2664)]
 [Stacktrace:(com.mysql.jdbc.ConnectionImpl:execSQL:2788)]
 [Stacktrace:(com.mysql.jdbc.StatementImpl:executeUpdate:1816)]
 [Stacktrace:(com.mysql.jdbc.StatementImpl:executeUpdate:1730)]
 [Stacktrace:(co.id.eazy.query.service.QueryService:executeQueryUpdate:80)]
 [Stacktrace:(co.id.eazy.query.service.QueryService:sendQueryInsert:86)]
 [Stacktrace:(app.retail.controller.general.General:insertToDatabase:206)]
 [Stacktrace:(app.retail.controller.finance.FormInputCashTransactionController:simpan:131)]
 [Stacktrace:(app.retail.controller.finance.FormInputCashTransactionController:lambda$setButtonListener$5:263)]
 [Stacktrace:(com.sun.javafx.event.CompositeEventHandler:dispatchBubblingEvent:86)]
 [Stacktrace:(com.sun.javafx.event.EventHandlerManager:dispatchBubblingEvent:238)]
 [Stacktrace:(com.sun.javafx.event.EventHandlerManager:dispatchBubblingEvent:191)]
 [Stacktrace:(com.sun.javafx.event.CompositeEventDispatcher:dispatchBubblingEvent:59)]
 [Stacktrace:(com.sun.javafx.event.BasicEventDispatcher:dispatchEvent:58)]
 [Stacktrace:(com.sun.javafx.event.EventDispatchChainImpl:dispatchEvent:114)]
 [Stacktrace:(com.sun.javafx.event.BasicEventDispatcher:dispatchEvent:56)]
 [Stacktrace:(com.sun.javafx.event.EventDispatchChainImpl:dispatchEvent:114)]
 [Stacktrace:(com.sun.javafx.event.BasicEventDispatcher:dispatchEvent:56)]
 [Stacktrace:(com.sun.javafx.event.EventDispatchChainImpl:dispatchEvent:114)]
 [Stacktrace:(com.sun.javafx.event.BasicEventDispatcher:dispatchEvent:56)]
 [Stacktrace:(com.sun.javafx.event.EventDispatchChainImpl:dispatchEvent:114)]
 [Stacktrace:(com.sun.javafx.event.BasicEventDispatcher:dispatchEvent:56)]
 [Stacktrace:(com.sun.javafx.event.EventDispatchChainImpl:dispatchEvent:114)]
 [Stacktrace:(com.sun.javafx.event.EventUtil:fireEventImpl:74)]
 [Stacktrace:(com.sun.javafx.event.EventUtil:fireEvent:49)]
 [Stacktrace:(javafx.event.Event:fireEvent:198)]
 [Stacktrace:(javafx.scene.Node:fireEvent:8411)]
 [Stacktrace:(javafx.scene.control.Button:fire:185)]
 [Stacktrace:(com.sun.javafx.scene.control.behavior.ButtonBehavior:mouseReleased:182)]
 [Stacktrace:(com.sun.javafx.scene.control.skin.BehaviorSkinBase$1:handle:96)]
 [Stacktrace:(com.sun.javafx.scene.control.skin.BehaviorSkinBase$1:handle:89)]
 [Stacktrace:(com.sun.javafx.event.CompositeEventHandler$NormalEventHandlerRecord:handleBubblingEvent:218)]
 [Stacktrace:(com.sun.javafx.event.CompositeEventHandler:dispatchBubblingEvent:80)]
 [Stacktrace:(com.sun.javafx.event.EventHandlerManager:dispatchBubblingEvent:238)]
 [Stacktrace:(com.sun.javafx.event.EventHandlerManager:dispatchBubblingEvent:191)]
 [Stacktrace:(com.sun.javafx.event.CompositeEventDispatcher:dispatchBubblingEvent:59)]
 [Stacktrace:(com.sun.javafx.event.BasicEventDispatcher:dispatchEvent:58)]
 [Stacktrace:(com.sun.javafx.event.EventDispatchChainImpl:dispatchEvent:114)]
 [Stacktrace:(com.sun.javafx.event.BasicEventDispatcher:dispatchEvent:56)]
 [Stacktrace:(com.sun.javafx.event.EventDispatchChainImpl:dispatchEvent:114)]
 [Stacktrace:(com.sun.javafx.event.BasicEventDispatcher:dispatchEvent:56)]
 [Stacktrace:(com.sun.javafx.event.EventDispatchChainImpl:dispatchEvent:114)]
 [Stacktrace:(com.sun.javafx.event.BasicEventDispatcher:dispatchEvent:56)]
 [Stacktrace:(com.sun.javafx.event.EventDispatchChainImpl:dispatchEvent:114)]
 [Stacktrace:(com.sun.javafx.event.BasicEventDispatcher:dispatchEvent:56)]
 [Stacktrace:(com.sun.javafx.event.EventDispatchChainImpl:dispatchEvent:114)]
 [Stacktrace:(com.sun.javafx.event.EventUtil:fireEventImpl:74)]
 [Stacktrace:(com.sun.javafx.event.EventUtil:fireEvent:54)]
 [Stacktrace:(javafx.event.Event:fireEvent:198)]
 [Stacktrace:(javafx.scene.Scene$MouseHandler:process:3757)]
 [Stacktrace:(javafx.scene.Scene$MouseHandler:access$1500:3485)]
 [Stacktrace:(javafx.scene.Scene:impl_processMouseEvent:1762)]
 [Stacktrace:(javafx.scene.Scene$ScenePeerListener:mouseEvent:2494)]
 [Stacktrace:(com.sun.javafx.tk.quantum.GlassViewEventHandler$MouseEventNotification:run:394)]
 [Stacktrace:(com.sun.javafx.tk.quantum.GlassViewEventHandler$MouseEventNotification:run:295)]
 [Stacktrace:(java.security.AccessController:doPrivileged:-2)]
 [Stacktrace:(com.sun.javafx.tk.quantum.GlassViewEventHandler:lambda$handleMouseEvent$2:432)]
 [Stacktrace:(com.sun.javafx.tk.quantum.QuantumToolkit:runWithoutRenderLock:410)]
 [Stacktrace:(com.sun.javafx.tk.quantum.GlassViewEventHandler:handleMouseEvent:431)]
 [Stacktrace:(com.sun.glass.ui.View:handleMouseEvent:555)]
 [Stacktrace:(com.sun.glass.ui.View:notifyMouse:937)]
 [Stacktrace:(com.sun.glass.ui.win.WinApplication:_runLoop:-2)]
 [Stacktrace:(com.sun.glass.ui.win.WinApplication:lambda$null$4:186)]
 [Stacktrace:(java.lang.Thread:run:748)]

[28-02-2021 22:23:09.560]: ERROR: 
file:/D:/EaZy/App-Retail/dist/run1169793374/App-Retail.jar!/app/retail/fxml/finance/Finance.fxml

[Exception: 
file:/D:/EaZy/App-Retail/dist/run1169793374/App-Retail.jar!/app/retail/fxml/finance/Finance.fxml
]
 [Stacktrace:(javafx.fxml.FXMLLoader:constructLoadException:2601)]
 [Stacktrace:(javafx.fxml.FXMLLoader:loadImpl:2579)]
 [Stacktrace:(javafx.fxml.FXMLLoader:loadImpl:2441)]
 [Stacktrace:(javafx.fxml.FXMLLoader:loadImpl:3214)]
 [Stacktrace:(javafx.fxml.FXMLLoader:loadImpl:3175)]
 [Stacktrace:(javafx.fxml.FXMLLoader:loadImpl:3148)]
 [Stacktrace:(javafx.fxml.FXMLLoader:loadImpl:3124)]
 [Stacktrace:(javafx.fxml.FXMLLoader:loadImpl:3104)]
 [Stacktrace:(javafx.fxml.FXMLLoader:load:3097)]
 [Stacktrace:(app.retail.controller.home.HomeController:loadForm:348)]
 [Stacktrace:(app.retail.controller.home.HomeController:performLoadFinance:317)]
 [Stacktrace:(app.retail.controller.finance.FormInputCashTransactionController:lambda$setButtonListener$7:278)]
 [Stacktrace:(com.sun.javafx.event.CompositeEventHandler:dispatchBubblingEvent:86)]
 [Stacktrace:(com.sun.javafx.event.EventHandlerManager:dispatchBubblingEvent:238)]
 [Stacktrace:(com.sun.javafx.event.EventHandlerManager:dispatchBubblingEvent:191)]
 [Stacktrace:(com.sun.javafx.event.CompositeEventDispatcher:dispatchBubblingEvent:59)]
 [Stacktrace:(com.sun.javafx.event.BasicEventDispatcher:dispatchEvent:58)]
 [Stacktrace:(com.sun.javafx.event.EventDispatchChainImpl:dispatchEvent:114)]
 [Stacktrace:(com.sun.javafx.event.BasicEventDispatcher:dispatchEvent:56)]
 [Stacktrace:(com.sun.javafx.event.EventDispatchChainImpl:dispatchEvent:114)]
 [Stacktrace:(com.sun.javafx.event.BasicEventDispatcher:dispatchEvent:56)]
 [Stacktrace:(com.sun.javafx.event.EventDispatchChainImpl:dispatchEvent:114)]
 [Stacktrace:(com.sun.javafx.event.BasicEventDispatcher:dispatchEvent:56)]
 [Stacktrace:(com.sun.javafx.event.EventDispatchChainImpl:dispatchEvent:114)]
 [Stacktrace:(com.sun.javafx.event.BasicEventDispatcher:dispatchEvent:56)]
 [Stacktrace:(com.sun.javafx.event.EventDispatchChainImpl:dispatchEvent:114)]
 [Stacktrace:(com.sun.javafx.event.EventUtil:fireEventImpl:74)]
 [Stacktrace:(com.sun.javafx.event.EventUtil:fireEvent:49)]
 [Stacktrace:(javafx.event.Event:fireEvent:198)]
 [Stacktrace:(javafx.scene.Node:fireEvent:8411)]
 [Stacktrace:(javafx.scene.control.Button:fire:185)]
 [Stacktrace:(com.sun.javafx.scene.control.behavior.ButtonBehavior:mouseReleased:182)]
 [Stacktrace:(com.sun.javafx.scene.control.skin.BehaviorSkinBase$1:handle:96)]
 [Stacktrace:(com.sun.javafx.scene.control.skin.BehaviorSkinBase$1:handle:89)]
 [Stacktrace:(com.sun.javafx.event.CompositeEventHandler$NormalEventHandlerRecord:handleBubblingEvent:218)]
 [Stacktrace:(com.sun.javafx.event.CompositeEventHandler:dispatchBubblingEvent:80)]
 [Stacktrace:(com.sun.javafx.event.EventHandlerManager:dispatchBubblingEvent:238)]
 [Stacktrace:(com.sun.javafx.event.EventHandlerManager:dispatchBubblingEvent:191)]
 [Stacktrace:(com.sun.javafx.event.CompositeEventDispatcher:dispatchBubblingEvent:59)]
 [Stacktrace:(com.sun.javafx.event.BasicEventDispatcher:dispatchEvent:58)]
 [Stacktrace:(com.sun.javafx.event.EventDispatchChainImpl:dispatchEvent:114)]
 [Stacktrace:(com.sun.javafx.event.BasicEventDispatcher:dispatchEvent:56)]
 [Stacktrace:(com.sun.javafx.event.EventDispatchChainImpl:dispatchEvent:114)]
 [Stacktrace:(com.sun.javafx.event.BasicEventDispatcher:dispatchEvent:56)]
 [Stacktrace:(com.sun.javafx.event.EventDispatchChainImpl:dispatchEvent:114)]
 [Stacktrace:(com.sun.javafx.event.BasicEventDispatcher:dispatchEvent:56)]
 [Stacktrace:(com.sun.javafx.event.EventDispatchChainImpl:dispatchEvent:114)]
 [Stacktrace:(com.sun.javafx.event.BasicEventDispatcher:dispatchEvent:56)]
 [Stacktrace:(com.sun.javafx.event.EventDispatchChainImpl:dispatchEvent:114)]
 [Stacktrace:(com.sun.javafx.event.EventUtil:fireEventImpl:74)]
 [Stacktrace:(com.sun.javafx.event.EventUtil:fireEvent:54)]
 [Stacktrace:(javafx.event.Event:fireEvent:198)]
 [Stacktrace:(javafx.scene.Scene$MouseHandler:process:3757)]
 [Stacktrace:(javafx.scene.Scene$MouseHandler:access$1500:3485)]
 [Stacktrace:(javafx.scene.Scene:impl_processMouseEvent:1762)]
 [Stacktrace:(javafx.scene.Scene$ScenePeerListener:mouseEvent:2494)]
 [Stacktrace:(com.sun.javafx.tk.quantum.GlassViewEventHandler$MouseEventNotification:run:394)]
 [Stacktrace:(com.sun.javafx.tk.quantum.GlassViewEventHandler$MouseEventNotification:run:295)]
 [Stacktrace:(java.security.AccessController:doPrivileged:-2)]
 [Stacktrace:(com.sun.javafx.tk.quantum.GlassViewEventHandler:lambda$handleMouseEvent$2:432)]
 [Stacktrace:(com.sun.javafx.tk.quantum.QuantumToolkit:runWithoutRenderLock:410)]
 [Stacktrace:(com.sun.javafx.tk.quantum.GlassViewEventHandler:handleMouseEvent:431)]
 [Stacktrace:(com.sun.glass.ui.View:handleMouseEvent:555)]
 [Stacktrace:(com.sun.glass.ui.View:notifyMouse:937)]
 [Stacktrace:(com.sun.glass.ui.win.WinApplication:_runLoop:-2)]
 [Stacktrace:(com.sun.glass.ui.win.WinApplication:lambda$null$4:186)]
 [Stacktrace:(java.lang.Thread:run:748)]

[28-02-2021 22:38:27.055]: ERROR: 
file:/D:/EaZy/App-Retail/dist/run726961637/App-Retail.jar!/app/retail/fxml/finance/ViewCashTransaction.fxml:17

[Exception: 
file:/D:/EaZy/App-Retail/dist/run726961637/App-Retail.jar!/app/retail/fxml/finance/ViewCashTransaction.fxml:17
]
 [Stacktrace:(javafx.fxml.FXMLLoader:constructLoadException:2601)]
 [Stacktrace:(javafx.fxml.FXMLLoader:access$700:103)]
 [Stacktrace:(javafx.fxml.FXMLLoader$ValueElement:processAttribute:922)]
 [Stacktrace:(javafx.fxml.FXMLLoader$InstanceDeclarationElement:processAttribute:971)]
 [Stacktrace:(javafx.fxml.FXMLLoader$Element:processStartElement:220)]
 [Stacktrace:(javafx.fxml.FXMLLoader$ValueElement:processStartElement:744)]
 [Stacktrace:(javafx.fxml.FXMLLoader:processStartElement:2707)]
 [Stacktrace:(javafx.fxml.FXMLLoader:loadImpl:2527)]
 [Stacktrace:(javafx.fxml.FXMLLoader:loadImpl:2441)]
 [Stacktrace:(javafx.fxml.FXMLLoader:loadImpl:3214)]
 [Stacktrace:(javafx.fxml.FXMLLoader:loadImpl:3175)]
 [Stacktrace:(javafx.fxml.FXMLLoader:loadImpl:3148)]
 [Stacktrace:(javafx.fxml.FXMLLoader:loadImpl:3124)]
 [Stacktrace:(javafx.fxml.FXMLLoader:loadImpl:3104)]
 [Stacktrace:(javafx.fxml.FXMLLoader:load:3097)]
 [Stacktrace:(app.retail.controller.home.HomeController:loadForm:348)]
 [Stacktrace:(app.retail.controller.finance.CashTransactionController:lambda$setButtonOnTableView$0:111)]
 [Stacktrace:(com.sun.javafx.event.CompositeEventHandler:dispatchBubblingEvent:86)]
 [Stacktrace:(com.sun.javafx.event.EventHandlerManager:dispatchBubblingEvent:238)]
 [Stacktrace:(com.sun.javafx.event.EventHandlerManager:dispatchBubblingEvent:191)]
 [Stacktrace:(com.sun.javafx.event.CompositeEventDispatcher:dispatchBubblingEvent:59)]
 [Stacktrace:(com.sun.javafx.event.BasicEventDispatcher:dispatchEvent:58)]
 [Stacktrace:(com.sun.javafx.event.EventDispatchChainImpl:dispatchEvent:114)]
 [Stacktrace:(com.sun.javafx.event.BasicEventDispatcher:dispatchEvent:56)]
 [Stacktrace:(com.sun.javafx.event.EventDispatchChainImpl:dispatchEvent:114)]
 [Stacktrace:(com.sun.javafx.event.BasicEventDispatcher:dispatchEvent:56)]
 [Stacktrace:(com.sun.javafx.event.EventDispatchChainImpl:dispatchEvent:114)]
 [Stacktrace:(com.sun.javafx.event.BasicEventDispatcher:dispatchEvent:56)]
 [Stacktrace:(com.sun.javafx.event.EventDispatchChainImpl:dispatchEvent:114)]
 [Stacktrace:(com.sun.javafx.event.BasicEventDispatcher:dispatchEvent:56)]
 [Stacktrace:(com.sun.javafx.event.EventDispatchChainImpl:dispatchEvent:114)]
 [Stacktrace:(com.sun.javafx.event.BasicEventDispatcher:dispatchEvent:56)]
 [Stacktrace:(com.sun.javafx.event.EventDispatchChainImpl:dispatchEvent:114)]
 [Stacktrace:(com.sun.javafx.event.BasicEventDispatcher:dispatchEvent:56)]
 [Stacktrace:(com.sun.javafx.event.EventDispatchChainImpl:dispatchEvent:114)]
 [Stacktrace:(com.sun.javafx.event.BasicEventDispatcher:dispatchEvent:56)]
 [Stacktrace:(com.sun.javafx.event.EventDispatchChainImpl:dispatchEvent:114)]
 [Stacktrace:(com.sun.javafx.event.BasicEventDispatcher:dispatchEvent:56)]
 [Stacktrace:(com.sun.javafx.event.EventDispatchChainImpl:dispatchEvent:114)]
 [Stacktrace:(com.sun.javafx.event.EventUtil:fireEventImpl:74)]
 [Stacktrace:(com.sun.javafx.event.EventUtil:fireEvent:49)]
 [Stacktrace:(javafx.event.Event:fireEvent:198)]
 [Stacktrace:(javafx.scene.Node:fireEvent:8411)]
 [Stacktrace:(javafx.scene.control.Button:fire:185)]
 [Stacktrace:(com.sun.javafx.scene.control.behavior.ButtonBehavior:mouseReleased:182)]
 [Stacktrace:(com.sun.javafx.scene.control.skin.BehaviorSkinBase$1:handle:96)]
 [Stacktrace:(com.sun.javafx.scene.control.skin.BehaviorSkinBase$1:handle:89)]
 [Stacktrace:(com.sun.javafx.event.CompositeEventHandler$NormalEventHandlerRecord:handleBubblingEvent:218)]
 [Stacktrace:(com.sun.javafx.event.CompositeEventHandler:dispatchBubblingEvent:80)]
 [Stacktrace:(com.sun.javafx.event.EventHandlerManager:dispatchBubblingEvent:238)]
 [Stacktrace:(com.sun.javafx.event.EventHandlerManager:dispatchBubblingEvent:191)]
 [Stacktrace:(com.sun.javafx.event.CompositeEventDispatcher:dispatchBubblingEvent:59)]
 [Stacktrace:(com.sun.javafx.event.BasicEventDispatcher:dispatchEvent:58)]
 [Stacktrace:(com.sun.javafx.event.EventDispatchChainImpl:dispatchEvent:114)]
 [Stacktrace:(com.sun.javafx.event.BasicEventDispatcher:dispatchEvent:56)]
 [Stacktrace:(com.sun.javafx.event.EventDispatchChainImpl:dispatchEvent:114)]
 [Stacktrace:(com.sun.javafx.event.BasicEventDispatcher:dispatchEvent:56)]
 [Stacktrace:(com.sun.javafx.event.EventDispatchChainImpl:dispatchEvent:114)]
 [Stacktrace:(com.sun.javafx.event.BasicEventDispatcher:dispatchEvent:56)]
 [Stacktrace:(com.sun.javafx.event.EventDispatchChainImpl:dispatchEvent:114)]
 [Stacktrace:(com.sun.javafx.event.BasicEventDispatcher:dispatchEvent:56)]
 [Stacktrace:(com.sun.javafx.event.EventDispatchChainImpl:dispatchEvent:114)]
 [Stacktrace:(com.sun.javafx.event.BasicEventDispatcher:dispatchEvent:56)]
 [Stacktrace:(com.sun.javafx.event.EventDispatchChainImpl:dispatchEvent:114)]
 [Stacktrace:(com.sun.javafx.event.BasicEventDispatcher:dispatchEvent:56)]
 [Stacktrace:(com.sun.javafx.event.EventDispatchChainImpl:dispatchEvent:114)]
 [Stacktrace:(com.sun.javafx.event.BasicEventDispatcher:dispatchEvent:56)]
 [Stacktrace:(com.sun.javafx.event.EventDispatchChainImpl:dispatchEvent:114)]
 [Stacktrace:(com.sun.javafx.event.BasicEventDispatcher:dispatchEvent:56)]
 [Stacktrace:(com.sun.javafx.event.EventDispatchChainImpl:dispatchEvent:114)]
 [Stacktrace:(com.sun.javafx.event.EventUtil:fireEventImpl:74)]
 [Stacktrace:(com.sun.javafx.event.EventUtil:fireEvent:54)]
 [Stacktrace:(javafx.event.Event:fireEvent:198)]
 [Stacktrace:(javafx.scene.Scene$MouseHandler:process:3757)]
 [Stacktrace:(javafx.scene.Scene$MouseHandler:access$1500:3485)]
 [Stacktrace:(javafx.scene.Scene:impl_processMouseEvent:1762)]
 [Stacktrace:(javafx.scene.Scene$ScenePeerListener:mouseEvent:2494)]
 [Stacktrace:(com.sun.javafx.tk.quantum.GlassViewEventHandler$MouseEventNotification:run:394)]
 [Stacktrace:(com.sun.javafx.tk.quantum.GlassViewEventHandler$MouseEventNotification:run:295)]
 [Stacktrace:(java.security.AccessController:doPrivileged:-2)]
 [Stacktrace:(com.sun.javafx.tk.quantum.GlassViewEventHandler:lambda$handleMouseEvent$2:432)]
 [Stacktrace:(com.sun.javafx.tk.quantum.QuantumToolkit:runWithoutRenderLock:410)]
 [Stacktrace:(com.sun.javafx.tk.quantum.GlassViewEventHandler:handleMouseEvent:431)]
 [Stacktrace:(com.sun.glass.ui.View:handleMouseEvent:555)]
 [Stacktrace:(com.sun.glass.ui.View:notifyMouse:937)]
 [Stacktrace:(com.sun.glass.ui.win.WinApplication:_runLoop:-2)]
 [Stacktrace:(com.sun.glass.ui.win.WinApplication:lambda$null$4:186)]
 [Stacktrace:(java.lang.Thread:run:748)]

