[20-08-2021 19:20:52.459]: ERROR: Unknown column 'tran_date' in 'where clause'
[Exception: Unknown column 'tran_date' in 'where clause']
 [Stacktrace:(sun.reflect.NativeConstructorAccessorImpl:newInstance0:-2)]
 [Stacktrace:(sun.reflect.NativeConstructorAccessorImpl:newInstance:62)]
 [Stacktrace:(sun.reflect.DelegatingConstructorAccessorImpl:newInstance:45)]
 [Stacktrace:(java.lang.reflect.Constructor:newInstance:423)]
 [Stacktrace:(com.mysql.jdbc.Util:handleNewInstance:411)]
 [Stacktrace:(com.mysql.jdbc.Util:getInstance:386)]
 [Stacktrace:(com.mysql.jdbc.SQLError:createSQLException:1053)]
 [Stacktrace:(com.mysql.jdbc.MysqlIO:checkErrorPacket:4120)]
 [Stacktrace:(com.mysql.jdbc.MysqlIO:checkErrorPacket:4052)]
 [Stacktrace:(com.mysql.jdbc.MysqlIO:sendCommand:2503)]
 [Stacktrace:(com.mysql.jdbc.MysqlIO:sqlQueryDirect:2664)]
 [Stacktrace:(com.mysql.jdbc.ConnectionImpl:execSQL:2788)]
 [Stacktrace:(com.mysql.jdbc.ConnectionImpl:execSQL:2738)]
 [Stacktrace:(com.mysql.jdbc.StatementImpl:executeQuery:1617)]
 [Stacktrace:(co.id.eazy.query.service.QueryService:executeQuery:78)]
 [Stacktrace:(app.retail.controller.general.General:selectFromDatabase:222)]
 [Stacktrace:(app.retail.controller.dashboard.CashTransactionController:getMapCashTransIn:47)]
 [Stacktrace:(app.retail.controller.dashboard.CashTransactionController:<init>:28)]
 [Stacktrace:(app.retail.controller.dashboard.thread.getDataCashTransaction:<init>:18)]
 [Stacktrace:(app.retail.controller.dashboard.DashboardController:<init>:120)]
 [Stacktrace:(sun.reflect.NativeConstructorAccessorImpl:newInstance0:-2)]
 [Stacktrace:(sun.reflect.NativeConstructorAccessorImpl:newInstance:62)]
 [Stacktrace:(sun.reflect.DelegatingConstructorAccessorImpl:newInstance:45)]
 [Stacktrace:(java.lang.reflect.Constructor:newInstance:423)]
 [Stacktrace:(java.lang.Class:newInstance:442)]
 [Stacktrace:(sun.reflect.misc.ReflectUtil:newInstance:51)]
 [Stacktrace:(javafx.fxml.FXMLLoader$ValueElement:processAttribute:927)]
 [Stacktrace:(javafx.fxml.FXMLLoader$InstanceDeclarationElement:processAttribute:971)]
 [Stacktrace:(javafx.fxml.FXMLLoader$Element:processStartElement:220)]
 [Stacktrace:(javafx.fxml.FXMLLoader$ValueElement:processStartElement:744)]
 [Stacktrace:(javafx.fxml.FXMLLoader:processStartElement:2707)]
 [Stacktrace:(javafx.fxml.FXMLLoader:loadImpl:2527)]
 [Stacktrace:(javafx.fxml.FXMLLoader:loadImpl:2441)]
 [Stacktrace:(javafx.fxml.FXMLLoader:loadImpl:3214)]
 [Stacktrace:(javafx.fxml.FXMLLoader:loadImpl:3175)]
 [Stacktrace:(javafx.fxml.FXMLLoader:loadImpl:3148)]
 [Stacktrace:(javafx.fxml.FXMLLoader:loadImpl:3124)]
 [Stacktrace:(javafx.fxml.FXMLLoader:loadImpl:3104)]
 [Stacktrace:(javafx.fxml.FXMLLoader:load:3097)]
 [Stacktrace:(app.retail.controller.home.HomeController:loadForm:341)]
 [Stacktrace:(app.retail.controller.home.HomeController$1:handle:147)]
 [Stacktrace:(app.retail.controller.home.HomeController$1:handle:142)]
 [Stacktrace:(com.sun.javafx.event.CompositeEventHandler:dispatchBubblingEvent:86)]
 [Stacktrace:(com.sun.javafx.event.EventHandlerManager:dispatchBubblingEvent:238)]
 [Stacktrace:(com.sun.javafx.event.EventHandlerManager:dispatchBubblingEvent:191)]
 [Stacktrace:(com.sun.javafx.event.CompositeEventDispatcher:dispatchBubblingEvent:59)]
 [Stacktrace:(com.sun.javafx.event.BasicEventDispatcher:dispatchEvent:58)]
 [Stacktrace:(com.sun.javafx.event.EventDispatchChainImpl:dispatchEvent:114)]
 [Stacktrace:(com.sun.javafx.event.EventUtil:fireEventImpl:74)]
 [Stacktrace:(com.sun.javafx.event.EventUtil:fireEvent:49)]
 [Stacktrace:(javafx.event.Event:fireEvent:198)]
 [Stacktrace:(javafx.scene.Node:fireEvent:8411)]
 [Stacktrace:(javafx.scene.control.Button:fire:185)]
 [Stacktrace:(app.retail.controller.home.HomeController:initialize:108)]
 [Stacktrace:(javafx.fxml.FXMLLoader:loadImpl:2548)]
 [Stacktrace:(javafx.fxml.FXMLLoader:loadImpl:2441)]
 [Stacktrace:(javafx.fxml.FXMLLoader:loadImpl:3214)]
 [Stacktrace:(javafx.fxml.FXMLLoader:loadImpl:3175)]
 [Stacktrace:(javafx.fxml.FXMLLoader:loadImpl:3148)]
 [Stacktrace:(javafx.fxml.FXMLLoader:loadImpl:3124)]
 [Stacktrace:(javafx.fxml.FXMLLoader:loadImpl:3104)]
 [Stacktrace:(javafx.fxml.FXMLLoader:load:3097)]
 [Stacktrace:(app.retail.controller.login.FormLoginController:windows:152)]
 [Stacktrace:(app.retail.controller.login.FormLoginController:authenticate:142)]
 [Stacktrace:(app.retail.controller.login.FormLoginController:lambda$enterPressed$1:124)]
 [Stacktrace:(com.sun.javafx.event.CompositeEventHandler:dispatchBubblingEvent:86)]
 [Stacktrace:(com.sun.javafx.event.EventHandlerManager:dispatchBubblingEvent:238)]
 [Stacktrace:(com.sun.javafx.event.EventHandlerManager:dispatchBubblingEvent:191)]
 [Stacktrace:(com.sun.javafx.event.CompositeEventDispatcher:dispatchBubblingEvent:59)]
 [Stacktrace:(com.sun.javafx.event.BasicEventDispatcher:dispatchEvent:58)]
 [Stacktrace:(com.sun.javafx.event.EventDispatchChainImpl:dispatchEvent:114)]
 [Stacktrace:(com.sun.javafx.event.BasicEventDispatcher:dispatchEvent:56)]
 [Stacktrace:(com.sun.javafx.event.EventDispatchChainImpl:dispatchEvent:114)]
 [Stacktrace:(com.sun.javafx.event.BasicEventDispatcher:dispatchEvent:56)]
 [Stacktrace:(com.sun.javafx.event.EventDispatchChainImpl:dispatchEvent:114)]
 [Stacktrace:(com.sun.javafx.event.BasicEventDispatcher:dispatchEvent:56)]
 [Stacktrace:(com.sun.javafx.event.EventDispatchChainImpl:dispatchEvent:114)]
 [Stacktrace:(com.sun.javafx.event.EventUtil:fireEventImpl:74)]
 [Stacktrace:(com.sun.javafx.event.EventUtil:fireEvent:54)]
 [Stacktrace:(javafx.event.Event:fireEvent:198)]
 [Stacktrace:(javafx.scene.Scene$KeyHandler:process:3964)]
 [Stacktrace:(javafx.scene.Scene$KeyHandler:access$1800:3910)]
 [Stacktrace:(javafx.scene.Scene:impl_processKeyEvent:2040)]
 [Stacktrace:(javafx.scene.Scene$ScenePeerListener:keyEvent:2501)]
 [Stacktrace:(com.sun.javafx.tk.quantum.GlassViewEventHandler$KeyEventNotification:run:216)]
 [Stacktrace:(com.sun.javafx.tk.quantum.GlassViewEventHandler$KeyEventNotification:run:148)]
 [Stacktrace:(java.security.AccessController:doPrivileged:-2)]
 [Stacktrace:(com.sun.javafx.tk.quantum.GlassViewEventHandler:lambda$handleKeyEvent$353:247)]
 [Stacktrace:(com.sun.javafx.tk.quantum.QuantumToolkit:runWithoutRenderLock:389)]
 [Stacktrace:(com.sun.javafx.tk.quantum.GlassViewEventHandler:handleKeyEvent:246)]
 [Stacktrace:(com.sun.glass.ui.View:handleKeyEvent:546)]
 [Stacktrace:(com.sun.glass.ui.View:notifyKey:966)]
 [Stacktrace:(com.sun.glass.ui.win.WinApplication:_runLoop:-2)]
 [Stacktrace:(com.sun.glass.ui.win.WinApplication:lambda$null$148:191)]
 [Stacktrace:(java.lang.Thread:run:745)]

[20-08-2021 19:20:54.307]: ERROR load form: 
file:/D:/EaZy/App-Retail/dist/run774136088/App-Retail.jar!/app/retail/fxml/dashboard/Dashboard.fxml

[Exception: 
file:/D:/EaZy/App-Retail/dist/run774136088/App-Retail.jar!/app/retail/fxml/dashboard/Dashboard.fxml
]
 [Stacktrace:(javafx.fxml.FXMLLoader:constructLoadException:2601)]
 [Stacktrace:(javafx.fxml.FXMLLoader:loadImpl:2579)]
 [Stacktrace:(javafx.fxml.FXMLLoader:loadImpl:2441)]
 [Stacktrace:(javafx.fxml.FXMLLoader:loadImpl:3214)]
 [Stacktrace:(javafx.fxml.FXMLLoader:loadImpl:3175)]
 [Stacktrace:(javafx.fxml.FXMLLoader:loadImpl:3148)]
 [Stacktrace:(javafx.fxml.FXMLLoader:loadImpl:3124)]
 [Stacktrace:(javafx.fxml.FXMLLoader:loadImpl:3104)]
 [Stacktrace:(javafx.fxml.FXMLLoader:load:3097)]
 [Stacktrace:(app.retail.controller.home.HomeController:loadForm:341)]
 [Stacktrace:(app.retail.controller.home.HomeController$1:handle:147)]
 [Stacktrace:(app.retail.controller.home.HomeController$1:handle:142)]
 [Stacktrace:(com.sun.javafx.event.CompositeEventHandler:dispatchBubblingEvent:86)]
 [Stacktrace:(com.sun.javafx.event.EventHandlerManager:dispatchBubblingEvent:238)]
 [Stacktrace:(com.sun.javafx.event.EventHandlerManager:dispatchBubblingEvent:191)]
 [Stacktrace:(com.sun.javafx.event.CompositeEventDispatcher:dispatchBubblingEvent:59)]
 [Stacktrace:(com.sun.javafx.event.BasicEventDispatcher:dispatchEvent:58)]
 [Stacktrace:(com.sun.javafx.event.EventDispatchChainImpl:dispatchEvent:114)]
 [Stacktrace:(com.sun.javafx.event.EventUtil:fireEventImpl:74)]
 [Stacktrace:(com.sun.javafx.event.EventUtil:fireEvent:49)]
 [Stacktrace:(javafx.event.Event:fireEvent:198)]
 [Stacktrace:(javafx.scene.Node:fireEvent:8411)]
 [Stacktrace:(javafx.scene.control.Button:fire:185)]
 [Stacktrace:(app.retail.controller.home.HomeController:initialize:108)]
 [Stacktrace:(javafx.fxml.FXMLLoader:loadImpl:2548)]
 [Stacktrace:(javafx.fxml.FXMLLoader:loadImpl:2441)]
 [Stacktrace:(javafx.fxml.FXMLLoader:loadImpl:3214)]
 [Stacktrace:(javafx.fxml.FXMLLoader:loadImpl:3175)]
 [Stacktrace:(javafx.fxml.FXMLLoader:loadImpl:3148)]
 [Stacktrace:(javafx.fxml.FXMLLoader:loadImpl:3124)]
 [Stacktrace:(javafx.fxml.FXMLLoader:loadImpl:3104)]
 [Stacktrace:(javafx.fxml.FXMLLoader:load:3097)]
 [Stacktrace:(app.retail.controller.login.FormLoginController:windows:152)]
 [Stacktrace:(app.retail.controller.login.FormLoginController:authenticate:142)]
 [Stacktrace:(app.retail.controller.login.FormLoginController:lambda$enterPressed$1:124)]
 [Stacktrace:(com.sun.javafx.event.CompositeEventHandler:dispatchBubblingEvent:86)]
 [Stacktrace:(com.sun.javafx.event.EventHandlerManager:dispatchBubblingEvent:238)]
 [Stacktrace:(com.sun.javafx.event.EventHandlerManager:dispatchBubblingEvent:191)]
 [Stacktrace:(com.sun.javafx.event.CompositeEventDispatcher:dispatchBubblingEvent:59)]
 [Stacktrace:(com.sun.javafx.event.BasicEventDispatcher:dispatchEvent:58)]
 [Stacktrace:(com.sun.javafx.event.EventDispatchChainImpl:dispatchEvent:114)]
 [Stacktrace:(com.sun.javafx.event.BasicEventDispatcher:dispatchEvent:56)]
 [Stacktrace:(com.sun.javafx.event.EventDispatchChainImpl:dispatchEvent:114)]
 [Stacktrace:(com.sun.javafx.event.BasicEventDispatcher:dispatchEvent:56)]
 [Stacktrace:(com.sun.javafx.event.EventDispatchChainImpl:dispatchEvent:114)]
 [Stacktrace:(com.sun.javafx.event.BasicEventDispatcher:dispatchEvent:56)]
 [Stacktrace:(com.sun.javafx.event.EventDispatchChainImpl:dispatchEvent:114)]
 [Stacktrace:(com.sun.javafx.event.EventUtil:fireEventImpl:74)]
 [Stacktrace:(com.sun.javafx.event.EventUtil:fireEvent:54)]
 [Stacktrace:(javafx.event.Event:fireEvent:198)]
 [Stacktrace:(javafx.scene.Scene$KeyHandler:process:3964)]
 [Stacktrace:(javafx.scene.Scene$KeyHandler:access$1800:3910)]
 [Stacktrace:(javafx.scene.Scene:impl_processKeyEvent:2040)]
 [Stacktrace:(javafx.scene.Scene$ScenePeerListener:keyEvent:2501)]
 [Stacktrace:(com.sun.javafx.tk.quantum.GlassViewEventHandler$KeyEventNotification:run:216)]
 [Stacktrace:(com.sun.javafx.tk.quantum.GlassViewEventHandler$KeyEventNotification:run:148)]
 [Stacktrace:(java.security.AccessController:doPrivileged:-2)]
 [Stacktrace:(com.sun.javafx.tk.quantum.GlassViewEventHandler:lambda$handleKeyEvent$353:247)]
 [Stacktrace:(com.sun.javafx.tk.quantum.QuantumToolkit:runWithoutRenderLock:389)]
 [Stacktrace:(com.sun.javafx.tk.quantum.GlassViewEventHandler:handleKeyEvent:246)]
 [Stacktrace:(com.sun.glass.ui.View:handleKeyEvent:546)]
 [Stacktrace:(com.sun.glass.ui.View:notifyKey:966)]
 [Stacktrace:(com.sun.glass.ui.win.WinApplication:_runLoop:-2)]
 [Stacktrace:(com.sun.glass.ui.win.WinApplication:lambda$null$148:191)]
 [Stacktrace:(java.lang.Thread:run:745)]

[20-08-2021 19:21:42.864]: ERROR load form: 
file:/D:/EaZy/App-Retail/dist/run673041443/App-Retail.jar!/app/retail/fxml/dashboard/Dashboard.fxml

[Exception: 
file:/D:/EaZy/App-Retail/dist/run673041443/App-Retail.jar!/app/retail/fxml/dashboard/Dashboard.fxml
]
 [Stacktrace:(javafx.fxml.FXMLLoader:constructLoadException:2601)]
 [Stacktrace:(javafx.fxml.FXMLLoader:loadImpl:2579)]
 [Stacktrace:(javafx.fxml.FXMLLoader:loadImpl:2441)]
 [Stacktrace:(javafx.fxml.FXMLLoader:loadImpl:3214)]
 [Stacktrace:(javafx.fxml.FXMLLoader:loadImpl:3175)]
 [Stacktrace:(javafx.fxml.FXMLLoader:loadImpl:3148)]
 [Stacktrace:(javafx.fxml.FXMLLoader:loadImpl:3124)]
 [Stacktrace:(javafx.fxml.FXMLLoader:loadImpl:3104)]
 [Stacktrace:(javafx.fxml.FXMLLoader:load:3097)]
 [Stacktrace:(app.retail.controller.home.HomeController:loadForm:341)]
 [Stacktrace:(app.retail.controller.home.HomeController$1:handle:147)]
 [Stacktrace:(app.retail.controller.home.HomeController$1:handle:142)]
 [Stacktrace:(com.sun.javafx.event.CompositeEventHandler:dispatchBubblingEvent:86)]
 [Stacktrace:(com.sun.javafx.event.EventHandlerManager:dispatchBubblingEvent:238)]
 [Stacktrace:(com.sun.javafx.event.EventHandlerManager:dispatchBubblingEvent:191)]
 [Stacktrace:(com.sun.javafx.event.CompositeEventDispatcher:dispatchBubblingEvent:59)]
 [Stacktrace:(com.sun.javafx.event.BasicEventDispatcher:dispatchEvent:58)]
 [Stacktrace:(com.sun.javafx.event.EventDispatchChainImpl:dispatchEvent:114)]
 [Stacktrace:(com.sun.javafx.event.EventUtil:fireEventImpl:74)]
 [Stacktrace:(com.sun.javafx.event.EventUtil:fireEvent:49)]
 [Stacktrace:(javafx.event.Event:fireEvent:198)]
 [Stacktrace:(javafx.scene.Node:fireEvent:8411)]
 [Stacktrace:(javafx.scene.control.Button:fire:185)]
 [Stacktrace:(app.retail.controller.home.HomeController:initialize:108)]
 [Stacktrace:(javafx.fxml.FXMLLoader:loadImpl:2548)]
 [Stacktrace:(javafx.fxml.FXMLLoader:loadImpl:2441)]
 [Stacktrace:(javafx.fxml.FXMLLoader:loadImpl:3214)]
 [Stacktrace:(javafx.fxml.FXMLLoader:loadImpl:3175)]
 [Stacktrace:(javafx.fxml.FXMLLoader:loadImpl:3148)]
 [Stacktrace:(javafx.fxml.FXMLLoader:loadImpl:3124)]
 [Stacktrace:(javafx.fxml.FXMLLoader:loadImpl:3104)]
 [Stacktrace:(javafx.fxml.FXMLLoader:load:3097)]
 [Stacktrace:(app.retail.controller.login.FormLoginController:windows:152)]
 [Stacktrace:(app.retail.controller.login.FormLoginController:authenticate:142)]
 [Stacktrace:(app.retail.controller.login.FormLoginController:lambda$enterPressed$1:124)]
 [Stacktrace:(com.sun.javafx.event.CompositeEventHandler:dispatchBubblingEvent:86)]
 [Stacktrace:(com.sun.javafx.event.EventHandlerManager:dispatchBubblingEvent:238)]
 [Stacktrace:(com.sun.javafx.event.EventHandlerManager:dispatchBubblingEvent:191)]
 [Stacktrace:(com.sun.javafx.event.CompositeEventDispatcher:dispatchBubblingEvent:59)]
 [Stacktrace:(com.sun.javafx.event.BasicEventDispatcher:dispatchEvent:58)]
 [Stacktrace:(com.sun.javafx.event.EventDispatchChainImpl:dispatchEvent:114)]
 [Stacktrace:(com.sun.javafx.event.BasicEventDispatcher:dispatchEvent:56)]
 [Stacktrace:(com.sun.javafx.event.EventDispatchChainImpl:dispatchEvent:114)]
 [Stacktrace:(com.sun.javafx.event.BasicEventDispatcher:dispatchEvent:56)]
 [Stacktrace:(com.sun.javafx.event.EventDispatchChainImpl:dispatchEvent:114)]
 [Stacktrace:(com.sun.javafx.event.BasicEventDispatcher:dispatchEvent:56)]
 [Stacktrace:(com.sun.javafx.event.EventDispatchChainImpl:dispatchEvent:114)]
 [Stacktrace:(com.sun.javafx.event.EventUtil:fireEventImpl:74)]
 [Stacktrace:(com.sun.javafx.event.EventUtil:fireEvent:54)]
 [Stacktrace:(javafx.event.Event:fireEvent:198)]
 [Stacktrace:(javafx.scene.Scene$KeyHandler:process:3964)]
 [Stacktrace:(javafx.scene.Scene$KeyHandler:access$1800:3910)]
 [Stacktrace:(javafx.scene.Scene:impl_processKeyEvent:2040)]
 [Stacktrace:(javafx.scene.Scene$ScenePeerListener:keyEvent:2501)]
 [Stacktrace:(com.sun.javafx.tk.quantum.GlassViewEventHandler$KeyEventNotification:run:216)]
 [Stacktrace:(com.sun.javafx.tk.quantum.GlassViewEventHandler$KeyEventNotification:run:148)]
 [Stacktrace:(java.security.AccessController:doPrivileged:-2)]
 [Stacktrace:(com.sun.javafx.tk.quantum.GlassViewEventHandler:lambda$handleKeyEvent$353:247)]
 [Stacktrace:(com.sun.javafx.tk.quantum.QuantumToolkit:runWithoutRenderLock:389)]
 [Stacktrace:(com.sun.javafx.tk.quantum.GlassViewEventHandler:handleKeyEvent:246)]
 [Stacktrace:(com.sun.glass.ui.View:handleKeyEvent:546)]
 [Stacktrace:(com.sun.glass.ui.View:notifyKey:966)]
 [Stacktrace:(com.sun.glass.ui.win.WinApplication:_runLoop:-2)]
 [Stacktrace:(com.sun.glass.ui.win.WinApplication:lambda$null$148:191)]
 [Stacktrace:(java.lang.Thread:run:745)]

